<?xml version="1.0" encoding="UTF-8"?>
<!-- Generated by org.testng.reporters.JUnitXMLReporter -->
<testsuite ignored="0" hostname="fv-az1380-866" failures="0" tests="3" name="Surefire test" time="11.911" errors="0" timestamp="2025-01-02T09:02:15 UTC">
  <testcase classname="tests.LoginTest" name="testInvalidLogin" time="1.438"/>
  <testcase classname="tests.LoginTest" name="testValidLogin" time="1.167"/>
  <testcase classname="tests.AddEmployeeTest" name="testAddEmployee" time="6.628"/>
</testsuite> <!-- Surefire test -->
