<?xml version="1.0" encoding="UTF-8"?>
<testsuite xmlns:xsi="http://www.w3.org/2001/XMLSchema-instance" xsi:noNamespaceSchemaLocation="https://maven.apache.org/surefire/maven-surefire-plugin/xsd/surefire-test-report-3.0.xsd" version="3.0" name="tests.LoginTest" time="15.998" tests="2" errors="0" skipped="0" failures="1">
  <properties>
[...]
</properties>
  <testcase name="testInvalidLogin" classname="tests.LoginTest" time="11.909">
    <failure message="Test failed: no such element: Unable to locate element: {&quot;method&quot;:&quot;css selector&quot;,&quot;selector&quot;:&quot;.oxd\-topbar\-header\-breadcrumb&quot;}&#10;  (Session info: chrome=131.0.6778.139)&#10;For documentation on this error, please visit: https://www.selenium.dev/documentation/webdriver/troubleshooting/errors#no-such-element-exception&#10;Build info: version: &apos;4.13.0&apos;, revision: &apos;ba948ece5b*&apos;&#10;System info: os.name: &apos;Linux&apos;, os.arch: &apos;amd64&apos;, os.version: &apos;6.5.0-1025-azure&apos;, java.version: &apos;23.0.1&apos;&#10;Driver info: org.openqa.selenium.chrome.ChromeDriver&#10;Command: [fdf26355fbc57f2cd9752363989868cb, findElement {using=class name, value=oxd-topbar-header-breadcrumb}]&#10;Capabilities {acceptInsecureCerts: false, browserName: chrome, browserVersion: 131.0.6778.139, chrome: {chromedriverVersion: 131.0.6778.108 (3b014839fbc..., userDataDir: /tmp/.org.chromium.Chromium...}, fedcm:accounts: true, goog:chromeOptions: {debuggerAddress: localhost:46011}, networkConnectionEnabled: false, pageLoadStrategy: normal, platformName: linux, proxy: Proxy(), se:cdp: ws://localhost:46011/devtoo..., se:cdpVersion: 131.0.6778.139, setWindowRect: true, strictFileInteractability: false, timeouts: {implicit: 0, pageLoad: 300000, script: 30000}, unhandledPromptBehavior: dismiss and notify, webauthn:extension:credBlob: true, webauthn:extension:largeBlob: true, webauthn:extension:minPinLength: true, webauthn:extension:prf: true, webauthn:virtualAuthenticators: true}&#10;Session ID: fdf26355fbc57f2cd9752363989868cb" type="java.lang.AssertionError"><![CDATA[java.lang.AssertionError: 
Test failed: no such element: Unable to locate element: {"method":"css selector","selector":".oxd\-topbar\-header\-breadcrumb"}
  (Session info: chrome=131.0.6778.139)
For documentation on this error, please visit: https://www.selenium.dev/documentation/webdriver/troubleshooting/errors#no-such-element-exception
Build info: version: '4.13.0', revision: 'ba948ece5b*'
System info: os.name: 'Linux', os.arch: 'amd64', os.version: '6.5.0-1025-azure', java.version: '23.0.1'
Driver info: org.openqa.selenium.chrome.ChromeDriver
Command: [fdf26355fbc57f2cd9752363989868cb, findElement {using=class name, value=oxd-topbar-header-breadcrumb}]
Capabilities {acceptInsecureCerts: false, browserName: chrome, browserVersion: 131.0.6778.139, chrome: {chromedriverVersion: 131.0.6778.108 (3b014839fbc..., userDataDir: /tmp/.org.chromium.Chromium...}, fedcm:accounts: true, goog:chromeOptions: {debuggerAddress: localhost:46011}, networkConnectionEnabled: false, pageLoadStrategy: normal, platformName: linux, proxy: Proxy(), se:cdp: ws://localhost:46011/devtoo..., se:cdpVersion: 131.0.6778.139, setWindowRect: true, strictFileInteractability: false, timeouts: {implicit: 0, pageLoad: 300000, script: 30000}, unhandledPromptBehavior: dismiss and notify, webauthn:extension:credBlob: true, webauthn:extension:largeBlob: true, webauthn:extension:minPinLength: true, webauthn:extension:prf: true, webauthn:virtualAuthenticators: true}
Session ID: fdf26355fbc57f2cd9752363989868cb
	at tests.LoginTest.testInvalidLogin(LoginTest.java:128)
]]></failure>
    <system-out><![CDATA[10:15:53.759 [main] DEBUG io.netty.util.internal.logging.InternalLoggerFactory - Using SLF4J as the default logging framework
10:15:53.762 [main] DEBUG io.netty.util.ResourceLeakDetector - -Dio.netty.leakDetection.level: simple
10:15:53.763 [main] DEBUG io.netty.util.ResourceLeakDetector - -Dio.netty.leakDetection.targetRecords: 4
10:15:53.765 [main] DEBUG io.netty.util.ResourceLeakDetectorFactory - Loaded default ResourceLeakDetector: io.netty.util.ResourceLeakDetector@6c345c5f
10:15:53.774 [main] DEBUG io.netty.util.internal.PlatformDependent0 - -Dio.netty.noUnsafe: false
10:15:53.774 [main] DEBUG io.netty.util.internal.PlatformDependent0 - Java version: 23
10:15:53.775 [main] DEBUG io.netty.util.internal.PlatformDependent0 - sun.misc.Unsafe.theUnsafe: available
10:15:53.775 [main] DEBUG io.netty.util.internal.PlatformDependent0 - sun.misc.Unsafe.copyMemory: available
10:15:53.775 [main] DEBUG io.netty.util.internal.PlatformDependent0 - sun.misc.Unsafe.storeFence: available
10:15:53.776 [main] DEBUG io.netty.util.internal.PlatformDependent0 - java.nio.Buffer.address: available
10:15:53.776 [main] DEBUG io.netty.util.internal.PlatformDependent0 - direct buffer constructor: unavailable: Reflective setAccessible(true) disabled
10:15:53.776 [main] DEBUG io.netty.util.internal.PlatformDependent0 - java.nio.Bits.unaligned: available, true
10:15:53.777 [main] DEBUG io.netty.util.internal.PlatformDependent0 - jdk.internal.misc.Unsafe.allocateUninitializedArray(int): unavailable: class io.netty.util.internal.PlatformDependent0$7 cannot access class jdk.internal.misc.Unsafe (in module java.base) because module java.base does not export jdk.internal.misc to unnamed module @3232a28a
10:15:53.777 [main] DEBUG io.netty.util.internal.PlatformDependent0 - java.nio.DirectByteBuffer.<init>(long, {int,long}): unavailable
10:15:53.777 [main] DEBUG io.netty.util.internal.PlatformDependent - sun.misc.Unsafe: available
10:15:53.778 [main] DEBUG io.netty.util.internal.PlatformDependent - maxDirectMemory: 4190109696 bytes (maybe)
10:15:53.778 [main] DEBUG io.netty.util.internal.PlatformDependent - -Dio.netty.tmpdir: /tmp (java.io.tmpdir)
10:15:53.779 [main] DEBUG io.netty.util.internal.PlatformDependent - -Dio.netty.bitMode: 64 (sun.arch.data.model)
10:15:53.779 [main] DEBUG io.netty.util.internal.PlatformDependent - -Dio.netty.maxDirectMemory: -1 bytes
10:15:53.779 [main] DEBUG io.netty.util.internal.PlatformDependent - -Dio.netty.uninitializedArrayAllocationThreshold: -1
10:15:53.780 [main] DEBUG io.netty.util.internal.CleanerJava9 - java.nio.ByteBuffer.cleaner(): available
10:15:53.780 [main] DEBUG io.netty.util.internal.PlatformDependent - -Dio.netty.noPreferDirect: false
10:15:53.785 [main] DEBUG io.netty.util.internal.PlatformDependent - org.jctools-core.MpscChunkedArrayQueue: available
10:15:53.794 [main] DEBUG io.netty.util.internal.InternalThreadLocalMap - -Dio.netty.threadLocalMap.stringBuilder.initialSize: 1024
10:15:53.794 [main] DEBUG io.netty.util.internal.InternalThreadLocalMap - -Dio.netty.threadLocalMap.stringBuilder.maxSize: 4096
10:15:53.928 [main] DEBUG io.netty.handler.ssl.JdkSslContext - Default protocols (JDK): [TLSv1.3, TLSv1.2] 
10:15:53.928 [main] DEBUG io.netty.handler.ssl.JdkSslContext - Default cipher suites (JDK): [TLS_ECDHE_ECDSA_WITH_AES_256_GCM_SHA384, TLS_ECDHE_ECDSA_WITH_AES_128_GCM_SHA256, TLS_ECDHE_RSA_WITH_AES_128_GCM_SHA256, TLS_ECDHE_RSA_WITH_AES_256_GCM_SHA384, TLS_ECDHE_RSA_WITH_AES_128_CBC_SHA, TLS_ECDHE_RSA_WITH_AES_256_CBC_SHA, TLS_RSA_WITH_AES_128_GCM_SHA256, TLS_RSA_WITH_AES_128_CBC_SHA, TLS_RSA_WITH_AES_256_CBC_SHA, TLS_AES_128_GCM_SHA256, TLS_AES_256_GCM_SHA384]
10:15:53.935 [main] DEBUG io.netty.util.concurrent.GlobalEventExecutor - -Dio.netty.globalEventExecutor.quietPeriodSeconds: 1
10:15:53.945 [main] DEBUG io.netty.channel.MultithreadEventLoopGroup - -Dio.netty.eventLoopThreads: 8
10:15:53.951 [main] DEBUG io.netty.channel.nio.NioEventLoop - -Dio.netty.noKeySetOptimization: false
10:15:53.951 [main] DEBUG io.netty.channel.nio.NioEventLoop - -Dio.netty.selectorAutoRebuildThreshold: 512
10:15:53.980 [main] DEBUG io.netty.buffer.PooledByteBufAllocator - -Dio.netty.allocator.numHeapArenas: 8
10:15:53.980 [main] DEBUG io.netty.buffer.PooledByteBufAllocator - -Dio.netty.allocator.numDirectArenas: 8
10:15:53.980 [main] DEBUG io.netty.buffer.PooledByteBufAllocator - -Dio.netty.allocator.pageSize: 8192
10:15:53.980 [main] DEBUG io.netty.buffer.PooledByteBufAllocator - -Dio.netty.allocator.maxOrder: 9
10:15:53.981 [main] DEBUG io.netty.buffer.PooledByteBufAllocator - -Dio.netty.allocator.chunkSize: 4194304
10:15:53.981 [main] DEBUG io.netty.buffer.PooledByteBufAllocator - -Dio.netty.allocator.smallCacheSize: 256
10:15:53.981 [main] DEBUG io.netty.buffer.PooledByteBufAllocator - -Dio.netty.allocator.normalCacheSize: 64
10:15:53.981 [main] DEBUG io.netty.buffer.PooledByteBufAllocator - -Dio.netty.allocator.maxCachedBufferCapacity: 32768
10:15:53.981 [main] DEBUG io.netty.buffer.PooledByteBufAllocator - -Dio.netty.allocator.cacheTrimInterval: 8192
10:15:53.981 [main] DEBUG io.netty.buffer.PooledByteBufAllocator - -Dio.netty.allocator.cacheTrimIntervalMillis: 0
10:15:53.981 [main] DEBUG io.netty.buffer.PooledByteBufAllocator - -Dio.netty.allocator.useCacheForAllThreads: false
10:15:53.981 [main] DEBUG io.netty.buffer.PooledByteBufAllocator - -Dio.netty.allocator.maxCachedByteBuffersPerChunk: 1023
10:15:53.987 [main] DEBUG io.netty.buffer.ByteBufUtil - -Dio.netty.allocator.type: pooled
10:15:53.987 [main] DEBUG io.netty.buffer.ByteBufUtil - -Dio.netty.threadLocalDirectBufferSize: 0
10:15:53.987 [main] DEBUG io.netty.buffer.ByteBufUtil - -Dio.netty.maxThreadLocalCharBufferSize: 16384
10:15:54.166 [Forwarding newSession on session null to remote] DEBUG io.netty.channel.DefaultChannelId - -Dio.netty.processId: 1912 (auto-detected)
10:15:54.167 [Forwarding newSession on session null to remote] DEBUG io.netty.util.NetUtil - -Djava.net.preferIPv4Stack: false
10:15:54.167 [Forwarding newSession on session null to remote] DEBUG io.netty.util.NetUtil - -Djava.net.preferIPv6Addresses: false
10:15:54.168 [Forwarding newSession on session null to remote] DEBUG io.netty.util.NetUtilInitializations - Loopback interface: lo (lo, 0:0:0:0:0:0:0:1%lo)
10:15:54.169 [Forwarding newSession on session null to remote] DEBUG io.netty.util.NetUtil - /proc/sys/net/core/somaxconn: 4096
10:15:54.170 [Forwarding newSession on session null to remote] DEBUG io.netty.channel.DefaultChannelId - -Dio.netty.machineId: 7c:1e:52:ff:fe:22:69:ae (auto-detected)
10:15:54.205 [AsyncHttpClient-1-2] DEBUG io.netty.buffer.AbstractByteBuf - -Dio.netty.buffer.checkAccessible: true
10:15:54.205 [AsyncHttpClient-1-2] DEBUG io.netty.buffer.AbstractByteBuf - -Dio.netty.buffer.checkBounds: true
10:15:54.205 [AsyncHttpClient-1-2] DEBUG io.netty.util.ResourceLeakDetectorFactory - Loaded default ResourceLeakDetector: io.netty.util.ResourceLeakDetector@2df06777
10:15:54.218 [AsyncHttpClient-1-2] DEBUG org.asynchttpclient.netty.channel.NettyConnectListener - Using new Channel '[id: 0xb691e90d, L:/127.0.0.1:53244 - R:localhost/127.0.0.1:10416]' for 'POST' to '/session'
10:15:54.234 [AsyncHttpClient-1-2] DEBUG io.netty.util.Recycler - -Dio.netty.recycler.maxCapacityPerThread: 4096
10:15:54.234 [AsyncHttpClient-1-2] DEBUG io.netty.util.Recycler - -Dio.netty.recycler.ratio: 8
10:15:54.234 [AsyncHttpClient-1-2] DEBUG io.netty.util.Recycler - -Dio.netty.recycler.chunkSize: 32
10:15:54.234 [AsyncHttpClient-1-2] DEBUG io.netty.util.Recycler - -Dio.netty.recycler.blocking: false
10:15:54.234 [AsyncHttpClient-1-2] DEBUG io.netty.util.Recycler - -Dio.netty.recycler.batchFastThreadLocalOnly: true
10:15:54.892 [AsyncHttpClient-1-2] DEBUG io.netty.handler.codec.compression.Brotli - brotli4j not in the classpath; Brotli support will be unavailable.
10:15:54.892 [AsyncHttpClient-1-2] DEBUG org.asynchttpclient.netty.handler.HttpHandler - 

Request DefaultHttpRequest(decodeResult: success, version: HTTP/1.1)
POST /session HTTP/1.1
User-Agent: selenium/4.13.0 (java unix)
Content-Length: 385
Content-Type: application/json; charset=utf-8
host: localhost:10416
accept: */*

Response DefaultHttpResponse(decodeResult: success, version: HTTP/1.1)
HTTP/1.1 200 OK
Content-Length: 850
Content-Type: application/json; charset=utf-8
cache-control: no-cache

10:15:54.896 [AsyncHttpClient-1-2] DEBUG org.asynchttpclient.netty.channel.ChannelManager - Adding key: http://localhost:10416 for channel [id: 0xb691e90d, L:/127.0.0.1:53244 - R:localhost/127.0.0.1:10416]
10:15:54.936 [AsyncHttpClient-1-3] DEBUG org.asynchttpclient.netty.channel.NettyConnectListener - Using new Channel '[id: 0x397a1862, L:/127.0.0.1:39714 - R:localhost/127.0.0.1:46011]' for 'GET' to '/json/version'
10:15:54.939 [AsyncHttpClient-1-3] DEBUG org.asynchttpclient.netty.handler.HttpHandler - 

Request DefaultFullHttpRequest(decodeResult: success, version: HTTP/1.1, content: EmptyByteBufBE)
GET /json/version HTTP/1.1
User-Agent: selenium/4.13.0 (java unix)
host: localhost:46011
accept: */*

Response DefaultHttpResponse(decodeResult: success, version: HTTP/1.1)
HTTP/1.1 200 OK
Content-Security-Policy: frame-ancestors 'none'
Content-Length: 414
Content-Type: application/json; charset=UTF-8

10:15:54.939 [AsyncHttpClient-1-3] DEBUG org.asynchttpclient.netty.channel.ChannelManager - Adding key: http://localhost:46011 for channel [id: 0x397a1862, L:/127.0.0.1:39714 - R:localhost/127.0.0.1:46011]
10:15:54.945 [main] DEBUG io.netty.util.internal.ThreadLocalRandom - -Dio.netty.initialSeedUniquifier: 0xaa60dd53ef912271
10:15:54.947 [AsyncHttpClient-1-4] DEBUG org.asynchttpclient.netty.channel.NettyConnectListener - Using new Channel '[id: 0xccaf8cef, L:/127.0.0.1:39720 - R:localhost/127.0.0.1:46011]' for 'GET' to '/devtools/browser/068c522c-fee5-4e99-9cfb-4baf8c9a5f12'
10:15:54.949 [AsyncHttpClient-1-4] DEBUG org.asynchttpclient.netty.handler.WebSocketHandler - 

Request DefaultFullHttpRequest(decodeResult: success, version: HTTP/1.1, content: EmptyByteBufBE)
GET /devtools/browser/068c522c-fee5-4e99-9cfb-4baf8c9a5f12 HTTP/1.1
upgrade: websocket
connection: upgrade
sec-websocket-key: tHNZ652mDmzY5iRHQ+FMfg==
sec-websocket-version: 13
origin: http://localhost:46011
host: localhost:46011
accept: */*
user-agent: AHC/2.1

Response DefaultHttpResponse(decodeResult: success, version: HTTP/1.1)
HTTP/1.1 101 WebSocket Protocol Handshake
Upgrade: WebSocket
Connection: Upgrade
Sec-WebSocket-Accept: +io25kWFvm5V/SdzymN5B26hKGE=

10:15:54.980 [Forwarding setTimeout on session fdf26355fbc57f2cd9752363989868cb to remote] DEBUG org.asynchttpclient.netty.request.NettyRequestSender - Using pooled Channel '[id: 0xb691e90d, L:/127.0.0.1:53244 - R:localhost/127.0.0.1:10416]' for 'POST' to 'http://localhost:10416/session/fdf26355fbc57f2cd9752363989868cb/timeouts'
10:15:54.980 [Forwarding setTimeout on session fdf26355fbc57f2cd9752363989868cb to remote] DEBUG org.asynchttpclient.netty.request.NettyRequestSender - Using open Channel [id: 0xb691e90d, L:/127.0.0.1:53244 - R:localhost/127.0.0.1:10416] for POST '/session/fdf26355fbc57f2cd9752363989868cb/timeouts'
10:15:54.983 [AsyncHttpClient-1-2] DEBUG org.asynchttpclient.netty.handler.HttpHandler - 

Request DefaultHttpRequest(decodeResult: success, version: HTTP/1.1)
POST /session/fdf26355fbc57f2cd9752363989868cb/timeouts HTTP/1.1
User-Agent: selenium/4.13.0 (java unix)
Content-Length: 23
Content-Type: application/json; charset=utf-8
host: localhost:10416
accept: */*

Response DefaultHttpResponse(decodeResult: success, version: HTTP/1.1)
HTTP/1.1 200 OK
Content-Length: 14
Content-Type: application/json; charset=utf-8
cache-control: no-cache

10:15:54.983 [AsyncHttpClient-1-2] DEBUG org.asynchttpclient.netty.channel.ChannelManager - Adding key: http://localhost:10416 for channel [id: 0xb691e90d, L:/127.0.0.1:53244 - R:localhost/127.0.0.1:10416]
10:15:54.988 [AsyncHttpClient-1-1] DEBUG org.asynchttpclient.netty.channel.DefaultChannelPool - Entry count for : http://localhost:46011 : 1
10:15:54.988 [AsyncHttpClient-1-1] DEBUG org.asynchttpclient.netty.channel.DefaultChannelPool - Entry count for : http://localhost:10416 : 1
10:15:55.028 [Forwarding get on session fdf26355fbc57f2cd9752363989868cb to remote] DEBUG org.asynchttpclient.netty.request.NettyRequestSender - Using pooled Channel '[id: 0xb691e90d, L:/127.0.0.1:53244 - R:localhost/127.0.0.1:10416]' for 'POST' to 'http://localhost:10416/session/fdf26355fbc57f2cd9752363989868cb/url'
10:15:55.028 [Forwarding get on session fdf26355fbc57f2cd9752363989868cb to remote] DEBUG org.asynchttpclient.netty.request.NettyRequestSender - Using open Channel [id: 0xb691e90d, L:/127.0.0.1:53244 - R:localhost/127.0.0.1:10416] for POST '/session/fdf26355fbc57f2cd9752363989868cb/url'
10:15:56.076 [AsyncHttpClient-1-2] DEBUG org.asynchttpclient.netty.handler.HttpHandler - 

Request DefaultHttpRequest(decodeResult: success, version: HTTP/1.1)
POST /session/fdf26355fbc57f2cd9752363989868cb/url HTTP/1.1
User-Agent: selenium/4.13.0 (java unix)
Content-Length: 111
Content-Type: application/json; charset=utf-8
host: localhost:10416
accept: */*

Response DefaultHttpResponse(decodeResult: success, version: HTTP/1.1)
HTTP/1.1 200 OK
Content-Length: 14
Content-Type: application/json; charset=utf-8
cache-control: no-cache

10:15:56.076 [AsyncHttpClient-1-2] DEBUG org.asynchttpclient.netty.channel.ChannelManager - Adding key: http://localhost:10416 for channel [id: 0xb691e90d, L:/127.0.0.1:53244 - R:localhost/127.0.0.1:10416]
10:15:56.079 [Forwarding findElement on session fdf26355fbc57f2cd9752363989868cb to remote] DEBUG org.asynchttpclient.netty.request.NettyRequestSender - Using pooled Channel '[id: 0xb691e90d, L:/127.0.0.1:53244 - R:localhost/127.0.0.1:10416]' for 'POST' to 'http://localhost:10416/session/fdf26355fbc57f2cd9752363989868cb/element'
10:15:56.079 [Forwarding findElement on session fdf26355fbc57f2cd9752363989868cb to remote] DEBUG org.asynchttpclient.netty.request.NettyRequestSender - Using open Channel [id: 0xb691e90d, L:/127.0.0.1:53244 - R:localhost/127.0.0.1:10416] for POST '/session/fdf26355fbc57f2cd9752363989868cb/element'
10:15:56.088 [AsyncHttpClient-1-1] DEBUG org.asynchttpclient.netty.channel.DefaultChannelPool - Entry count for : http://localhost:46011 : 1
10:15:56.306 [AsyncHttpClient-1-2] DEBUG org.asynchttpclient.netty.handler.HttpHandler - 

Request DefaultHttpRequest(decodeResult: success, version: HTTP/1.1)
POST /session/fdf26355fbc57f2cd9752363989868cb/element HTTP/1.1
User-Agent: selenium/4.13.0 (java unix)
Content-Length: 62
Content-Type: application/json; charset=utf-8
host: localhost:10416
accept: */*

Response DefaultHttpResponse(decodeResult: success, version: HTTP/1.1)
HTTP/1.1 200 OK
Content-Length: 125
Content-Type: application/json; charset=utf-8
cache-control: no-cache

10:15:56.306 [AsyncHttpClient-1-2] DEBUG org.asynchttpclient.netty.channel.ChannelManager - Adding key: http://localhost:10416 for channel [id: 0xb691e90d, L:/127.0.0.1:53244 - R:localhost/127.0.0.1:10416]
10:15:56.311 [Forwarding sendKeysToElement on session fdf26355fbc57f2cd9752363989868cb to remote] DEBUG org.asynchttpclient.netty.request.NettyRequestSender - Using pooled Channel '[id: 0xb691e90d, L:/127.0.0.1:53244 - R:localhost/127.0.0.1:10416]' for 'POST' to 'http://localhost:10416/session/fdf26355fbc57f2cd9752363989868cb/element/f.B6AA07027C38270D9156FAC7B804DB6E.d.3B69A96DCAF723DDB572E9E0100ED4DA.e.2/value'
10:15:56.311 [Forwarding sendKeysToElement on session fdf26355fbc57f2cd9752363989868cb to remote] DEBUG org.asynchttpclient.netty.request.NettyRequestSender - Using open Channel [id: 0xb691e90d, L:/127.0.0.1:53244 - R:localhost/127.0.0.1:10416] for POST '/session/fdf26355fbc57f2cd9752363989868cb/element/f.B6AA07027C38270D9156FAC7B804DB6E.d.3B69A96DCAF723DDB572E9E0100ED4DA.e.2/value'
10:15:56.364 [AsyncHttpClient-1-2] DEBUG org.asynchttpclient.netty.handler.HttpHandler - 

Request DefaultHttpRequest(decodeResult: success, version: HTTP/1.1)
POST /session/fdf26355fbc57f2cd9752363989868cb/element/f.B6AA07027C38270D9156FAC7B804DB6E.d.3B69A96DCAF723DDB572E9E0100ED4DA.e.2/value HTTP/1.1
User-Agent: selenium/4.13.0 (java unix)
Content-Length: 228
Content-Type: application/json; charset=utf-8
host: localhost:10416
accept: */*

Response DefaultHttpResponse(decodeResult: success, version: HTTP/1.1)
HTTP/1.1 200 OK
Content-Length: 14
Content-Type: application/json; charset=utf-8
cache-control: no-cache

10:15:56.364 [AsyncHttpClient-1-2] DEBUG org.asynchttpclient.netty.channel.ChannelManager - Adding key: http://localhost:10416 for channel [id: 0xb691e90d, L:/127.0.0.1:53244 - R:localhost/127.0.0.1:10416]
10:15:56.366 [Forwarding findElement on session fdf26355fbc57f2cd9752363989868cb to remote] DEBUG org.asynchttpclient.netty.request.NettyRequestSender - Using pooled Channel '[id: 0xb691e90d, L:/127.0.0.1:53244 - R:localhost/127.0.0.1:10416]' for 'POST' to 'http://localhost:10416/session/fdf26355fbc57f2cd9752363989868cb/element'
10:15:56.366 [Forwarding findElement on session fdf26355fbc57f2cd9752363989868cb to remote] DEBUG org.asynchttpclient.netty.request.NettyRequestSender - Using open Channel [id: 0xb691e90d, L:/127.0.0.1:53244 - R:localhost/127.0.0.1:10416] for POST '/session/fdf26355fbc57f2cd9752363989868cb/element'
10:15:56.376 [AsyncHttpClient-1-2] DEBUG org.asynchttpclient.netty.handler.HttpHandler - 

Request DefaultHttpRequest(decodeResult: success, version: HTTP/1.1)
POST /session/fdf26355fbc57f2cd9752363989868cb/element HTTP/1.1
User-Agent: selenium/4.13.0 (java unix)
Content-Length: 62
Content-Type: application/json; charset=utf-8
host: localhost:10416
accept: */*

Response DefaultHttpResponse(decodeResult: success, version: HTTP/1.1)
HTTP/1.1 200 OK
Content-Length: 125
Content-Type: application/json; charset=utf-8
cache-control: no-cache

10:15:56.376 [AsyncHttpClient-1-2] DEBUG org.asynchttpclient.netty.channel.ChannelManager - Adding key: http://localhost:10416 for channel [id: 0xb691e90d, L:/127.0.0.1:53244 - R:localhost/127.0.0.1:10416]
10:15:56.378 [Forwarding sendKeysToElement on session fdf26355fbc57f2cd9752363989868cb to remote] DEBUG org.asynchttpclient.netty.request.NettyRequestSender - Using pooled Channel '[id: 0xb691e90d, L:/127.0.0.1:53244 - R:localhost/127.0.0.1:10416]' for 'POST' to 'http://localhost:10416/session/fdf26355fbc57f2cd9752363989868cb/element/f.B6AA07027C38270D9156FAC7B804DB6E.d.3B69A96DCAF723DDB572E9E0100ED4DA.e.4/value'
10:15:56.378 [Forwarding sendKeysToElement on session fdf26355fbc57f2cd9752363989868cb to remote] DEBUG org.asynchttpclient.netty.request.NettyRequestSender - Using open Channel [id: 0xb691e90d, L:/127.0.0.1:53244 - R:localhost/127.0.0.1:10416] for POST '/session/fdf26355fbc57f2cd9752363989868cb/element/f.B6AA07027C38270D9156FAC7B804DB6E.d.3B69A96DCAF723DDB572E9E0100ED4DA.e.4/value'
10:15:56.434 [AsyncHttpClient-1-2] DEBUG org.asynchttpclient.netty.handler.HttpHandler - 

Request DefaultHttpRequest(decodeResult: success, version: HTTP/1.1)
POST /session/fdf26355fbc57f2cd9752363989868cb/element/f.B6AA07027C38270D9156FAC7B804DB6E.d.3B69A96DCAF723DDB572E9E0100ED4DA.e.4/value HTTP/1.1
User-Agent: selenium/4.13.0 (java unix)
Content-Length: 268
Content-Type: application/json; charset=utf-8
host: localhost:10416
accept: */*

Response DefaultHttpResponse(decodeResult: success, version: HTTP/1.1)
HTTP/1.1 200 OK
Content-Length: 14
Content-Type: application/json; charset=utf-8
cache-control: no-cache

10:15:56.438 [AsyncHttpClient-1-2] DEBUG org.asynchttpclient.netty.channel.ChannelManager - Adding key: http://localhost:10416 for channel [id: 0xb691e90d, L:/127.0.0.1:53244 - R:localhost/127.0.0.1:10416]
10:15:56.440 [Forwarding findElement on session fdf26355fbc57f2cd9752363989868cb to remote] DEBUG org.asynchttpclient.netty.request.NettyRequestSender - Using pooled Channel '[id: 0xb691e90d, L:/127.0.0.1:53244 - R:localhost/127.0.0.1:10416]' for 'POST' to 'http://localhost:10416/session/fdf26355fbc57f2cd9752363989868cb/element'
10:15:56.440 [Forwarding findElement on session fdf26355fbc57f2cd9752363989868cb to remote] DEBUG org.asynchttpclient.netty.request.NettyRequestSender - Using open Channel [id: 0xb691e90d, L:/127.0.0.1:53244 - R:localhost/127.0.0.1:10416] for POST '/session/fdf26355fbc57f2cd9752363989868cb/element'
10:15:56.450 [AsyncHttpClient-1-2] DEBUG org.asynchttpclient.netty.handler.HttpHandler - 

Request DefaultHttpRequest(decodeResult: success, version: HTTP/1.1)
POST /session/fdf26355fbc57f2cd9752363989868cb/element HTTP/1.1
User-Agent: selenium/4.13.0 (java unix)
Content-Length: 71
Content-Type: application/json; charset=utf-8
host: localhost:10416
accept: */*

Response DefaultHttpResponse(decodeResult: success, version: HTTP/1.1)
HTTP/1.1 200 OK
Content-Length: 126
Content-Type: application/json; charset=utf-8
cache-control: no-cache

10:15:56.450 [AsyncHttpClient-1-2] DEBUG org.asynchttpclient.netty.channel.ChannelManager - Adding key: http://localhost:10416 for channel [id: 0xb691e90d, L:/127.0.0.1:53244 - R:localhost/127.0.0.1:10416]
10:15:56.452 [Forwarding clickElement on session fdf26355fbc57f2cd9752363989868cb to remote] DEBUG org.asynchttpclient.netty.request.NettyRequestSender - Using pooled Channel '[id: 0xb691e90d, L:/127.0.0.1:53244 - R:localhost/127.0.0.1:10416]' for 'POST' to 'http://localhost:10416/session/fdf26355fbc57f2cd9752363989868cb/element/f.B6AA07027C38270D9156FAC7B804DB6E.d.3B69A96DCAF723DDB572E9E0100ED4DA.e.16/click'
10:15:56.452 [Forwarding clickElement on session fdf26355fbc57f2cd9752363989868cb to remote] DEBUG org.asynchttpclient.netty.request.NettyRequestSender - Using open Channel [id: 0xb691e90d, L:/127.0.0.1:53244 - R:localhost/127.0.0.1:10416] for POST '/session/fdf26355fbc57f2cd9752363989868cb/element/f.B6AA07027C38270D9156FAC7B804DB6E.d.3B69A96DCAF723DDB572E9E0100ED4DA.e.16/click'
10:15:56.838 [AsyncHttpClient-1-2] DEBUG org.asynchttpclient.netty.handler.HttpHandler - 

Request DefaultHttpRequest(decodeResult: success, version: HTTP/1.1)
POST /session/fdf26355fbc57f2cd9752363989868cb/element/f.B6AA07027C38270D9156FAC7B804DB6E.d.3B69A96DCAF723DDB572E9E0100ED4DA.e.16/click HTTP/1.1
User-Agent: selenium/4.13.0 (java unix)
Content-Length: 88
Content-Type: application/json; charset=utf-8
host: localhost:10416
accept: */*

Response DefaultHttpResponse(decodeResult: success, version: HTTP/1.1)
HTTP/1.1 200 OK
Content-Length: 14
Content-Type: application/json; charset=utf-8
cache-control: no-cache

10:15:56.838 [AsyncHttpClient-1-2] DEBUG org.asynchttpclient.netty.channel.ChannelManager - Adding key: http://localhost:10416 for channel [id: 0xb691e90d, L:/127.0.0.1:53244 - R:localhost/127.0.0.1:10416]
10:15:56.839 [Forwarding findElement on session fdf26355fbc57f2cd9752363989868cb to remote] DEBUG org.asynchttpclient.netty.request.NettyRequestSender - Using pooled Channel '[id: 0xb691e90d, L:/127.0.0.1:53244 - R:localhost/127.0.0.1:10416]' for 'POST' to 'http://localhost:10416/session/fdf26355fbc57f2cd9752363989868cb/element'
10:15:56.839 [Forwarding findElement on session fdf26355fbc57f2cd9752363989868cb to remote] DEBUG org.asynchttpclient.netty.request.NettyRequestSender - Using open Channel [id: 0xb691e90d, L:/127.0.0.1:53244 - R:localhost/127.0.0.1:10416] for POST '/session/fdf26355fbc57f2cd9752363989868cb/element'
10:15:57.188 [AsyncHttpClient-1-1] DEBUG org.asynchttpclient.netty.channel.DefaultChannelPool - Entry count for : http://localhost:46011 : 1
10:15:58.287 [AsyncHttpClient-1-1] DEBUG org.asynchttpclient.netty.channel.DefaultChannelPool - Entry count for : http://localhost:46011 : 1
10:15:59.388 [AsyncHttpClient-1-1] DEBUG org.asynchttpclient.netty.channel.DefaultChannelPool - Entry count for : http://localhost:46011 : 1
10:16:00.488 [AsyncHttpClient-1-1] DEBUG org.asynchttpclient.netty.channel.DefaultChannelPool - Entry count for : http://localhost:46011 : 1
10:16:01.588 [AsyncHttpClient-1-1] DEBUG org.asynchttpclient.netty.channel.DefaultChannelPool - Entry count for : http://localhost:46011 : 1
10:16:02.688 [AsyncHttpClient-1-1] DEBUG org.asynchttpclient.netty.channel.DefaultChannelPool - Entry count for : http://localhost:46011 : 1
10:16:03.788 [AsyncHttpClient-1-1] DEBUG org.asynchttpclient.netty.channel.DefaultChannelPool - Entry count for : http://localhost:46011 : 1
10:16:04.888 [AsyncHttpClient-1-1] DEBUG org.asynchttpclient.netty.channel.DefaultChannelPool - Entry count for : http://localhost:46011 : 1
10:16:05.988 [AsyncHttpClient-1-1] DEBUG org.asynchttpclient.netty.channel.DefaultChannelPool - Entry count for : http://localhost:46011 : 1
10:16:06.868 [AsyncHttpClient-1-2] DEBUG org.asynchttpclient.netty.handler.HttpHandler - 

Request DefaultHttpRequest(decodeResult: success, version: HTTP/1.1)
POST /session/fdf26355fbc57f2cd9752363989868cb/element HTTP/1.1
User-Agent: selenium/4.13.0 (java unix)
Content-Length: 79
Content-Type: application/json; charset=utf-8
host: localhost:10416
accept: */*

Response DefaultHttpResponse(decodeResult: success, version: HTTP/1.1)
HTTP/1.1 404 Not Found
Content-Length: 887
Content-Type: application/json; charset=utf-8
cache-control: no-cache

10:16:06.869 [AsyncHttpClient-1-2] DEBUG org.asynchttpclient.netty.channel.ChannelManager - Adding key: http://localhost:10416 for channel [id: 0xb691e90d, L:/127.0.0.1:53244 - R:localhost/127.0.0.1:10416]
]]></system-out>
    <system-err><![CDATA[Jan 01, 2025 10:15:54 AM org.openqa.selenium.devtools.CdpVersionFinder findNearestMatch
WARNING: Unable to find CDP implementation matching 131
Jan 01, 2025 10:15:54 AM org.openqa.selenium.chromium.ChromiumDriver lambda$new$5
WARNING: Unable to find version of CDP to use for 131.0.6778.139. You may need to include a dependency on a specific version of the CDP using something similar to `org.seleniumhq.selenium:selenium-devtools-v86:4.13.0` where the version ("v86") matches the version of the chromium-based browser you're using and the version number of the artifact is the same as Selenium's.
]]></system-err>
  </testcase>
  <testcase name="testValidLogin" classname="tests.LoginTest" time="1.352">
    <system-out><![CDATA[10:16:06.920 [Forwarding get on session fdf26355fbc57f2cd9752363989868cb to remote] DEBUG org.asynchttpclient.netty.request.NettyRequestSender - Using pooled Channel '[id: 0xb691e90d, L:/127.0.0.1:53244 - R:localhost/127.0.0.1:10416]' for 'POST' to 'http://localhost:10416/session/fdf26355fbc57f2cd9752363989868cb/url'
10:16:06.920 [Forwarding get on session fdf26355fbc57f2cd9752363989868cb to remote] DEBUG org.asynchttpclient.netty.request.NettyRequestSender - Using open Channel [id: 0xb691e90d, L:/127.0.0.1:53244 - R:localhost/127.0.0.1:10416] for POST '/session/fdf26355fbc57f2cd9752363989868cb/url'
10:16:07.088 [AsyncHttpClient-1-1] DEBUG org.asynchttpclient.netty.channel.DefaultChannelPool - Entry count for : http://localhost:46011 : 1
10:16:07.094 [AsyncHttpClient-1-2] DEBUG org.asynchttpclient.netty.handler.HttpHandler - 

Request DefaultHttpRequest(decodeResult: success, version: HTTP/1.1)
POST /session/fdf26355fbc57f2cd9752363989868cb/url HTTP/1.1
User-Agent: selenium/4.13.0 (java unix)
Content-Length: 111
Content-Type: application/json; charset=utf-8
host: localhost:10416
accept: */*

Response DefaultHttpResponse(decodeResult: success, version: HTTP/1.1)
HTTP/1.1 200 OK
Content-Length: 14
Content-Type: application/json; charset=utf-8
cache-control: no-cache

10:16:07.095 [AsyncHttpClient-1-2] DEBUG org.asynchttpclient.netty.channel.ChannelManager - Adding key: http://localhost:10416 for channel [id: 0xb691e90d, L:/127.0.0.1:53244 - R:localhost/127.0.0.1:10416]
10:16:07.096 [Forwarding findElement on session fdf26355fbc57f2cd9752363989868cb to remote] DEBUG org.asynchttpclient.netty.request.NettyRequestSender - Using pooled Channel '[id: 0xb691e90d, L:/127.0.0.1:53244 - R:localhost/127.0.0.1:10416]' for 'POST' to 'http://localhost:10416/session/fdf26355fbc57f2cd9752363989868cb/element'
10:16:07.096 [Forwarding findElement on session fdf26355fbc57f2cd9752363989868cb to remote] DEBUG org.asynchttpclient.netty.request.NettyRequestSender - Using open Channel [id: 0xb691e90d, L:/127.0.0.1:53244 - R:localhost/127.0.0.1:10416] for POST '/session/fdf26355fbc57f2cd9752363989868cb/element'
10:16:07.263 [AsyncHttpClient-1-2] DEBUG org.asynchttpclient.netty.handler.HttpHandler - 

Request DefaultHttpRequest(decodeResult: success, version: HTTP/1.1)
POST /session/fdf26355fbc57f2cd9752363989868cb/element HTTP/1.1
User-Agent: selenium/4.13.0 (java unix)
Content-Length: 62
Content-Type: application/json; charset=utf-8
host: localhost:10416
accept: */*

Response DefaultHttpResponse(decodeResult: success, version: HTTP/1.1)
HTTP/1.1 200 OK
Content-Length: 126
Content-Type: application/json; charset=utf-8
cache-control: no-cache

10:16:07.263 [AsyncHttpClient-1-2] DEBUG org.asynchttpclient.netty.channel.ChannelManager - Adding key: http://localhost:10416 for channel [id: 0xb691e90d, L:/127.0.0.1:53244 - R:localhost/127.0.0.1:10416]
10:16:07.264 [Forwarding sendKeysToElement on session fdf26355fbc57f2cd9752363989868cb to remote] DEBUG org.asynchttpclient.netty.request.NettyRequestSender - Using pooled Channel '[id: 0xb691e90d, L:/127.0.0.1:53244 - R:localhost/127.0.0.1:10416]' for 'POST' to 'http://localhost:10416/session/fdf26355fbc57f2cd9752363989868cb/element/f.B6AA07027C38270D9156FAC7B804DB6E.d.4C6468252920BF2DE8561BE8FCB23E26.e.33/value'
10:16:07.265 [Forwarding sendKeysToElement on session fdf26355fbc57f2cd9752363989868cb to remote] DEBUG org.asynchttpclient.netty.request.NettyRequestSender - Using open Channel [id: 0xb691e90d, L:/127.0.0.1:53244 - R:localhost/127.0.0.1:10416] for POST '/session/fdf26355fbc57f2cd9752363989868cb/element/f.B6AA07027C38270D9156FAC7B804DB6E.d.4C6468252920BF2DE8561BE8FCB23E26.e.33/value'
10:16:07.285 [AsyncHttpClient-1-2] DEBUG org.asynchttpclient.netty.handler.HttpHandler - 

Request DefaultHttpRequest(decodeResult: success, version: HTTP/1.1)
POST /session/fdf26355fbc57f2cd9752363989868cb/element/f.B6AA07027C38270D9156FAC7B804DB6E.d.4C6468252920BF2DE8561BE8FCB23E26.e.33/value HTTP/1.1
User-Agent: selenium/4.13.0 (java unix)
Content-Length: 169
Content-Type: application/json; charset=utf-8
host: localhost:10416
accept: */*

Response DefaultHttpResponse(decodeResult: success, version: HTTP/1.1)
HTTP/1.1 200 OK
Content-Length: 14
Content-Type: application/json; charset=utf-8
cache-control: no-cache

10:16:07.286 [AsyncHttpClient-1-2] DEBUG org.asynchttpclient.netty.channel.ChannelManager - Adding key: http://localhost:10416 for channel [id: 0xb691e90d, L:/127.0.0.1:53244 - R:localhost/127.0.0.1:10416]
10:16:07.287 [Forwarding findElement on session fdf26355fbc57f2cd9752363989868cb to remote] DEBUG org.asynchttpclient.netty.request.NettyRequestSender - Using pooled Channel '[id: 0xb691e90d, L:/127.0.0.1:53244 - R:localhost/127.0.0.1:10416]' for 'POST' to 'http://localhost:10416/session/fdf26355fbc57f2cd9752363989868cb/element'
10:16:07.287 [Forwarding findElement on session fdf26355fbc57f2cd9752363989868cb to remote] DEBUG org.asynchttpclient.netty.request.NettyRequestSender - Using open Channel [id: 0xb691e90d, L:/127.0.0.1:53244 - R:localhost/127.0.0.1:10416] for POST '/session/fdf26355fbc57f2cd9752363989868cb/element'
10:16:07.292 [AsyncHttpClient-1-2] DEBUG org.asynchttpclient.netty.handler.HttpHandler - 

Request DefaultHttpRequest(decodeResult: success, version: HTTP/1.1)
POST /session/fdf26355fbc57f2cd9752363989868cb/element HTTP/1.1
User-Agent: selenium/4.13.0 (java unix)
Content-Length: 62
Content-Type: application/json; charset=utf-8
host: localhost:10416
accept: */*

Response DefaultHttpResponse(decodeResult: success, version: HTTP/1.1)
HTTP/1.1 200 OK
Content-Length: 126
Content-Type: application/json; charset=utf-8
cache-control: no-cache

10:16:07.292 [AsyncHttpClient-1-2] DEBUG org.asynchttpclient.netty.channel.ChannelManager - Adding key: http://localhost:10416 for channel [id: 0xb691e90d, L:/127.0.0.1:53244 - R:localhost/127.0.0.1:10416]
10:16:07.294 [Forwarding sendKeysToElement on session fdf26355fbc57f2cd9752363989868cb to remote] DEBUG org.asynchttpclient.netty.request.NettyRequestSender - Using pooled Channel '[id: 0xb691e90d, L:/127.0.0.1:53244 - R:localhost/127.0.0.1:10416]' for 'POST' to 'http://localhost:10416/session/fdf26355fbc57f2cd9752363989868cb/element/f.B6AA07027C38270D9156FAC7B804DB6E.d.4C6468252920BF2DE8561BE8FCB23E26.e.35/value'
10:16:07.294 [Forwarding sendKeysToElement on session fdf26355fbc57f2cd9752363989868cb to remote] DEBUG org.asynchttpclient.netty.request.NettyRequestSender - Using open Channel [id: 0xb691e90d, L:/127.0.0.1:53244 - R:localhost/127.0.0.1:10416] for POST '/session/fdf26355fbc57f2cd9752363989868cb/element/f.B6AA07027C38270D9156FAC7B804DB6E.d.4C6468252920BF2DE8561BE8FCB23E26.e.35/value'
10:16:07.330 [AsyncHttpClient-1-2] DEBUG org.asynchttpclient.netty.handler.HttpHandler - 

Request DefaultHttpRequest(decodeResult: success, version: HTTP/1.1)
POST /session/fdf26355fbc57f2cd9752363989868cb/element/f.B6AA07027C38270D9156FAC7B804DB6E.d.4C6468252920BF2DE8561BE8FCB23E26.e.35/value HTTP/1.1
User-Agent: selenium/4.13.0 (java unix)
Content-Length: 199
Content-Type: application/json; charset=utf-8
host: localhost:10416
accept: */*

Response DefaultHttpResponse(decodeResult: success, version: HTTP/1.1)
HTTP/1.1 200 OK
Content-Length: 14
Content-Type: application/json; charset=utf-8
cache-control: no-cache

10:16:07.331 [AsyncHttpClient-1-2] DEBUG org.asynchttpclient.netty.channel.ChannelManager - Adding key: http://localhost:10416 for channel [id: 0xb691e90d, L:/127.0.0.1:53244 - R:localhost/127.0.0.1:10416]
10:16:07.332 [Forwarding findElement on session fdf26355fbc57f2cd9752363989868cb to remote] DEBUG org.asynchttpclient.netty.request.NettyRequestSender - Using pooled Channel '[id: 0xb691e90d, L:/127.0.0.1:53244 - R:localhost/127.0.0.1:10416]' for 'POST' to 'http://localhost:10416/session/fdf26355fbc57f2cd9752363989868cb/element'
10:16:07.332 [Forwarding findElement on session fdf26355fbc57f2cd9752363989868cb to remote] DEBUG org.asynchttpclient.netty.request.NettyRequestSender - Using open Channel [id: 0xb691e90d, L:/127.0.0.1:53244 - R:localhost/127.0.0.1:10416] for POST '/session/fdf26355fbc57f2cd9752363989868cb/element'
10:16:07.338 [AsyncHttpClient-1-2] DEBUG org.asynchttpclient.netty.handler.HttpHandler - 

Request DefaultHttpRequest(decodeResult: success, version: HTTP/1.1)
POST /session/fdf26355fbc57f2cd9752363989868cb/element HTTP/1.1
User-Agent: selenium/4.13.0 (java unix)
Content-Length: 71
Content-Type: application/json; charset=utf-8
host: localhost:10416
accept: */*

Response DefaultHttpResponse(decodeResult: success, version: HTTP/1.1)
HTTP/1.1 200 OK
Content-Length: 126
Content-Type: application/json; charset=utf-8
cache-control: no-cache

10:16:07.338 [AsyncHttpClient-1-2] DEBUG org.asynchttpclient.netty.channel.ChannelManager - Adding key: http://localhost:10416 for channel [id: 0xb691e90d, L:/127.0.0.1:53244 - R:localhost/127.0.0.1:10416]
10:16:07.340 [Forwarding clickElement on session fdf26355fbc57f2cd9752363989868cb to remote] DEBUG org.asynchttpclient.netty.request.NettyRequestSender - Using pooled Channel '[id: 0xb691e90d, L:/127.0.0.1:53244 - R:localhost/127.0.0.1:10416]' for 'POST' to 'http://localhost:10416/session/fdf26355fbc57f2cd9752363989868cb/element/f.B6AA07027C38270D9156FAC7B804DB6E.d.4C6468252920BF2DE8561BE8FCB23E26.e.39/click'
10:16:07.340 [Forwarding clickElement on session fdf26355fbc57f2cd9752363989868cb to remote] DEBUG org.asynchttpclient.netty.request.NettyRequestSender - Using open Channel [id: 0xb691e90d, L:/127.0.0.1:53244 - R:localhost/127.0.0.1:10416] for POST '/session/fdf26355fbc57f2cd9752363989868cb/element/f.B6AA07027C38270D9156FAC7B804DB6E.d.4C6468252920BF2DE8561BE8FCB23E26.e.39/click'
10:16:07.379 [AsyncHttpClient-1-2] DEBUG org.asynchttpclient.netty.handler.HttpHandler - 

Request DefaultHttpRequest(decodeResult: success, version: HTTP/1.1)
POST /session/fdf26355fbc57f2cd9752363989868cb/element/f.B6AA07027C38270D9156FAC7B804DB6E.d.4C6468252920BF2DE8561BE8FCB23E26.e.39/click HTTP/1.1
User-Agent: selenium/4.13.0 (java unix)
Content-Length: 88
Content-Type: application/json; charset=utf-8
host: localhost:10416
accept: */*

Response DefaultHttpResponse(decodeResult: success, version: HTTP/1.1)
HTTP/1.1 200 OK
Content-Length: 14
Content-Type: application/json; charset=utf-8
cache-control: no-cache

10:16:07.379 [AsyncHttpClient-1-2] DEBUG org.asynchttpclient.netty.channel.ChannelManager - Adding key: http://localhost:10416 for channel [id: 0xb691e90d, L:/127.0.0.1:53244 - R:localhost/127.0.0.1:10416]
10:16:07.382 [Forwarding findElement on session fdf26355fbc57f2cd9752363989868cb to remote] DEBUG org.asynchttpclient.netty.request.NettyRequestSender - Using pooled Channel '[id: 0xb691e90d, L:/127.0.0.1:53244 - R:localhost/127.0.0.1:10416]' for 'POST' to 'http://localhost:10416/session/fdf26355fbc57f2cd9752363989868cb/element'
10:16:07.382 [Forwarding findElement on session fdf26355fbc57f2cd9752363989868cb to remote] DEBUG org.asynchttpclient.netty.request.NettyRequestSender - Using open Channel [id: 0xb691e90d, L:/127.0.0.1:53244 - R:localhost/127.0.0.1:10416] for POST '/session/fdf26355fbc57f2cd9752363989868cb/element'
10:16:08.188 [AsyncHttpClient-1-1] DEBUG org.asynchttpclient.netty.channel.DefaultChannelPool - Entry count for : http://localhost:46011 : 1
10:16:08.216 [AsyncHttpClient-1-2] DEBUG org.asynchttpclient.netty.handler.HttpHandler - 

Request DefaultHttpRequest(decodeResult: success, version: HTTP/1.1)
POST /session/fdf26355fbc57f2cd9752363989868cb/element HTTP/1.1
User-Agent: selenium/4.13.0 (java unix)
Content-Length: 79
Content-Type: application/json; charset=utf-8
host: localhost:10416
accept: */*

Response DefaultHttpResponse(decodeResult: success, version: HTTP/1.1)
HTTP/1.1 200 OK
Content-Length: 126
Content-Type: application/json; charset=utf-8
cache-control: no-cache

10:16:08.216 [AsyncHttpClient-1-2] DEBUG org.asynchttpclient.netty.channel.ChannelManager - Adding key: http://localhost:10416 for channel [id: 0xb691e90d, L:/127.0.0.1:53244 - R:localhost/127.0.0.1:10416]
10:16:08.224 [Forwarding isElementDisplayed on session fdf26355fbc57f2cd9752363989868cb to remote] DEBUG org.asynchttpclient.netty.request.NettyRequestSender - Using pooled Channel '[id: 0xb691e90d, L:/127.0.0.1:53244 - R:localhost/127.0.0.1:10416]' for 'POST' to 'http://localhost:10416/session/fdf26355fbc57f2cd9752363989868cb/execute/sync'
10:16:08.224 [Forwarding isElementDisplayed on session fdf26355fbc57f2cd9752363989868cb to remote] DEBUG org.asynchttpclient.netty.request.NettyRequestSender - Using open Channel [id: 0xb691e90d, L:/127.0.0.1:53244 - R:localhost/127.0.0.1:10416] for POST '/session/fdf26355fbc57f2cd9752363989868cb/execute/sync'
10:16:08.244 [AsyncHttpClient-1-2] DEBUG org.asynchttpclient.netty.handler.HttpHandler - 

Request DefaultHttpRequest(decodeResult: success, version: HTTP/1.1)
POST /session/fdf26355fbc57f2cd9752363989868cb/execute/sync HTTP/1.1
User-Agent: selenium/4.13.0 (java unix)
Content-Length: 48845
Content-Type: application/json; charset=utf-8
host: localhost:10416
accept: */*

Response DefaultHttpResponse(decodeResult: success, version: HTTP/1.1)
HTTP/1.1 200 OK
Content-Length: 14
Content-Type: application/json; charset=utf-8
cache-control: no-cache

10:16:08.244 [AsyncHttpClient-1-2] DEBUG org.asynchttpclient.netty.channel.ChannelManager - Adding key: http://localhost:10416 for channel [id: 0xb691e90d, L:/127.0.0.1:53244 - R:localhost/127.0.0.1:10416]
10:16:08.246 [Forwarding findElement on session fdf26355fbc57f2cd9752363989868cb to remote] DEBUG org.asynchttpclient.netty.request.NettyRequestSender - Using pooled Channel '[id: 0xb691e90d, L:/127.0.0.1:53244 - R:localhost/127.0.0.1:10416]' for 'POST' to 'http://localhost:10416/session/fdf26355fbc57f2cd9752363989868cb/element'
10:16:08.246 [Forwarding findElement on session fdf26355fbc57f2cd9752363989868cb to remote] DEBUG org.asynchttpclient.netty.request.NettyRequestSender - Using open Channel [id: 0xb691e90d, L:/127.0.0.1:53244 - R:localhost/127.0.0.1:10416] for POST '/session/fdf26355fbc57f2cd9752363989868cb/element'
10:16:08.254 [AsyncHttpClient-1-2] DEBUG org.asynchttpclient.netty.handler.HttpHandler - 

Request DefaultHttpRequest(decodeResult: success, version: HTTP/1.1)
POST /session/fdf26355fbc57f2cd9752363989868cb/element HTTP/1.1
User-Agent: selenium/4.13.0 (java unix)
Content-Length: 79
Content-Type: application/json; charset=utf-8
host: localhost:10416
accept: */*

Response DefaultHttpResponse(decodeResult: success, version: HTTP/1.1)
HTTP/1.1 200 OK
Content-Length: 126
Content-Type: application/json; charset=utf-8
cache-control: no-cache

10:16:08.255 [AsyncHttpClient-1-2] DEBUG org.asynchttpclient.netty.channel.ChannelManager - Adding key: http://localhost:10416 for channel [id: 0xb691e90d, L:/127.0.0.1:53244 - R:localhost/127.0.0.1:10416]
10:16:08.255 [Forwarding getElementText on session fdf26355fbc57f2cd9752363989868cb to remote] DEBUG org.asynchttpclient.netty.request.NettyRequestSender - Using pooled Channel '[id: 0xb691e90d, L:/127.0.0.1:53244 - R:localhost/127.0.0.1:10416]' for 'GET' to 'http://localhost:10416/session/fdf26355fbc57f2cd9752363989868cb/element/f.B6AA07027C38270D9156FAC7B804DB6E.d.42A7E33EEF5CC998FEACD58F34832D54.e.45/text'
10:16:08.256 [Forwarding getElementText on session fdf26355fbc57f2cd9752363989868cb to remote] DEBUG org.asynchttpclient.netty.request.NettyRequestSender - Using open Channel [id: 0xb691e90d, L:/127.0.0.1:53244 - R:localhost/127.0.0.1:10416] for GET '/session/fdf26355fbc57f2cd9752363989868cb/element/f.B6AA07027C38270D9156FAC7B804DB6E.d.42A7E33EEF5CC998FEACD58F34832D54.e.45/text'
10:16:08.267 [AsyncHttpClient-1-2] DEBUG org.asynchttpclient.netty.handler.HttpHandler - 

Request DefaultFullHttpRequest(decodeResult: success, version: HTTP/1.1, content: EmptyByteBufBE)
GET /session/fdf26355fbc57f2cd9752363989868cb/element/f.B6AA07027C38270D9156FAC7B804DB6E.d.42A7E33EEF5CC998FEACD58F34832D54.e.45/text HTTP/1.1
Cache-Control: no-cache
User-Agent: selenium/4.13.0 (java unix)
Content-Type: application/json; charset=utf-8
host: localhost:10416
accept: */*

Response DefaultHttpResponse(decodeResult: success, version: HTTP/1.1)
HTTP/1.1 200 OK
Content-Length: 21
Content-Type: application/json; charset=utf-8
cache-control: no-cache

10:16:08.268 [AsyncHttpClient-1-2] DEBUG org.asynchttpclient.netty.channel.ChannelManager - Adding key: http://localhost:10416 for channel [id: 0xb691e90d, L:/127.0.0.1:53244 - R:localhost/127.0.0.1:10416]
]]></system-out>
  </testcase>
</testsuite>