<?xml version="1.0" encoding="UTF-8"?>
<testsuite xmlns:xsi="http://www.w3.org/2001/XMLSchema-instance" xsi:noNamespaceSchemaLocation="https://maven.apache.org/surefire/maven-surefire-plugin/xsd/surefire-test-report-3.0.xsd" version="3.0" name="TestSuite" time="14.234" tests="3" errors="0" skipped="0" failures="0">
  <properties>
[...]
</properties>
  <testcase name="testInvalidLogin" classname="tests.LoginTest" time="1.36">
    <system-out><![CDATA[08:16:10.293 [main] DEBUG io.netty.util.internal.logging.InternalLoggerFactory - Using SLF4J as the default logging framework
08:16:10.296 [main] DEBUG io.netty.util.ResourceLeakDetector - -Dio.netty.leakDetection.level: simple
08:16:10.297 [main] DEBUG io.netty.util.ResourceLeakDetector - -Dio.netty.leakDetection.targetRecords: 4
08:16:10.301 [main] DEBUG io.netty.util.ResourceLeakDetectorFactory - Loaded default ResourceLeakDetector: io.netty.util.ResourceLeakDetector@5f4d427e
08:16:10.314 [main] DEBUG io.netty.util.internal.PlatformDependent0 - -Dio.netty.noUnsafe: false
08:16:10.314 [main] DEBUG io.netty.util.internal.PlatformDependent0 - Java version: 23
08:16:10.315 [main] DEBUG io.netty.util.internal.PlatformDependent0 - sun.misc.Unsafe.theUnsafe: available
08:16:10.316 [main] DEBUG io.netty.util.internal.PlatformDependent0 - sun.misc.Unsafe.copyMemory: available
08:16:10.316 [main] DEBUG io.netty.util.internal.PlatformDependent0 - sun.misc.Unsafe.storeFence: available
08:16:10.316 [main] DEBUG io.netty.util.internal.PlatformDependent0 - java.nio.Buffer.address: available
08:16:10.317 [main] DEBUG io.netty.util.internal.PlatformDependent0 - direct buffer constructor: unavailable: Reflective setAccessible(true) disabled
08:16:10.317 [main] DEBUG io.netty.util.internal.PlatformDependent0 - java.nio.Bits.unaligned: available, true
08:16:10.318 [main] DEBUG io.netty.util.internal.PlatformDependent0 - jdk.internal.misc.Unsafe.allocateUninitializedArray(int): unavailable: class io.netty.util.internal.PlatformDependent0$7 cannot access class jdk.internal.misc.Unsafe (in module java.base) because module java.base does not export jdk.internal.misc to unnamed module @73e22a3d
08:16:10.319 [main] DEBUG io.netty.util.internal.PlatformDependent0 - java.nio.DirectByteBuffer.<init>(long, {int,long}): unavailable
08:16:10.319 [main] DEBUG io.netty.util.internal.PlatformDependent - sun.misc.Unsafe: available
08:16:10.320 [main] DEBUG io.netty.util.internal.PlatformDependent - maxDirectMemory: 4190109696 bytes (maybe)
08:16:10.320 [main] DEBUG io.netty.util.internal.PlatformDependent - -Dio.netty.tmpdir: /tmp (java.io.tmpdir)
08:16:10.320 [main] DEBUG io.netty.util.internal.PlatformDependent - -Dio.netty.bitMode: 64 (sun.arch.data.model)
08:16:10.321 [main] DEBUG io.netty.util.internal.PlatformDependent - -Dio.netty.maxDirectMemory: -1 bytes
08:16:10.321 [main] DEBUG io.netty.util.internal.PlatformDependent - -Dio.netty.uninitializedArrayAllocationThreshold: -1
08:16:10.323 [main] DEBUG io.netty.util.internal.CleanerJava9 - java.nio.ByteBuffer.cleaner(): available
08:16:10.323 [main] DEBUG io.netty.util.internal.PlatformDependent - -Dio.netty.noPreferDirect: false
08:16:10.330 [main] DEBUG io.netty.util.internal.PlatformDependent - org.jctools-core.MpscChunkedArrayQueue: available
08:16:10.342 [main] DEBUG io.netty.util.internal.InternalThreadLocalMap - -Dio.netty.threadLocalMap.stringBuilder.initialSize: 1024
08:16:10.342 [main] DEBUG io.netty.util.internal.InternalThreadLocalMap - -Dio.netty.threadLocalMap.stringBuilder.maxSize: 4096
08:16:10.472 [main] DEBUG io.netty.handler.ssl.JdkSslContext - Default protocols (JDK): [TLSv1.3, TLSv1.2] 
08:16:10.472 [main] DEBUG io.netty.handler.ssl.JdkSslContext - Default cipher suites (JDK): [TLS_ECDHE_ECDSA_WITH_AES_256_GCM_SHA384, TLS_ECDHE_ECDSA_WITH_AES_128_GCM_SHA256, TLS_ECDHE_RSA_WITH_AES_128_GCM_SHA256, TLS_ECDHE_RSA_WITH_AES_256_GCM_SHA384, TLS_ECDHE_RSA_WITH_AES_128_CBC_SHA, TLS_ECDHE_RSA_WITH_AES_256_CBC_SHA, TLS_RSA_WITH_AES_128_GCM_SHA256, TLS_RSA_WITH_AES_128_CBC_SHA, TLS_RSA_WITH_AES_256_CBC_SHA, TLS_AES_128_GCM_SHA256, TLS_AES_256_GCM_SHA384]
08:16:10.480 [main] DEBUG io.netty.util.concurrent.GlobalEventExecutor - -Dio.netty.globalEventExecutor.quietPeriodSeconds: 1
08:16:10.489 [main] DEBUG io.netty.channel.MultithreadEventLoopGroup - -Dio.netty.eventLoopThreads: 8
08:16:10.495 [main] DEBUG io.netty.channel.nio.NioEventLoop - -Dio.netty.noKeySetOptimization: false
08:16:10.495 [main] DEBUG io.netty.channel.nio.NioEventLoop - -Dio.netty.selectorAutoRebuildThreshold: 512
08:16:10.518 [main] DEBUG io.netty.buffer.PooledByteBufAllocator - -Dio.netty.allocator.numHeapArenas: 8
08:16:10.519 [main] DEBUG io.netty.buffer.PooledByteBufAllocator - -Dio.netty.allocator.numDirectArenas: 8
08:16:10.519 [main] DEBUG io.netty.buffer.PooledByteBufAllocator - -Dio.netty.allocator.pageSize: 8192
08:16:10.519 [main] DEBUG io.netty.buffer.PooledByteBufAllocator - -Dio.netty.allocator.maxOrder: 9
08:16:10.519 [main] DEBUG io.netty.buffer.PooledByteBufAllocator - -Dio.netty.allocator.chunkSize: 4194304
08:16:10.519 [main] DEBUG io.netty.buffer.PooledByteBufAllocator - -Dio.netty.allocator.smallCacheSize: 256
08:16:10.519 [main] DEBUG io.netty.buffer.PooledByteBufAllocator - -Dio.netty.allocator.normalCacheSize: 64
08:16:10.519 [main] DEBUG io.netty.buffer.PooledByteBufAllocator - -Dio.netty.allocator.maxCachedBufferCapacity: 32768
08:16:10.519 [main] DEBUG io.netty.buffer.PooledByteBufAllocator - -Dio.netty.allocator.cacheTrimInterval: 8192
08:16:10.519 [main] DEBUG io.netty.buffer.PooledByteBufAllocator - -Dio.netty.allocator.cacheTrimIntervalMillis: 0
08:16:10.519 [main] DEBUG io.netty.buffer.PooledByteBufAllocator - -Dio.netty.allocator.useCacheForAllThreads: false
08:16:10.519 [main] DEBUG io.netty.buffer.PooledByteBufAllocator - -Dio.netty.allocator.maxCachedByteBuffersPerChunk: 1023
08:16:10.525 [main] DEBUG io.netty.buffer.ByteBufUtil - -Dio.netty.allocator.type: pooled
08:16:10.525 [main] DEBUG io.netty.buffer.ByteBufUtil - -Dio.netty.threadLocalDirectBufferSize: 0
08:16:10.525 [main] DEBUG io.netty.buffer.ByteBufUtil - -Dio.netty.maxThreadLocalCharBufferSize: 16384
08:16:11.643 [Forwarding newSession on session null to remote] DEBUG io.netty.channel.DefaultChannelId - -Dio.netty.processId: 1815 (auto-detected)
08:16:11.644 [Forwarding newSession on session null to remote] DEBUG io.netty.util.NetUtil - -Djava.net.preferIPv4Stack: false
08:16:11.644 [Forwarding newSession on session null to remote] DEBUG io.netty.util.NetUtil - -Djava.net.preferIPv6Addresses: false
08:16:11.645 [Forwarding newSession on session null to remote] DEBUG io.netty.util.NetUtilInitializations - Loopback interface: lo (lo, 0:0:0:0:0:0:0:1%lo)
08:16:11.645 [Forwarding newSession on session null to remote] DEBUG io.netty.util.NetUtil - /proc/sys/net/core/somaxconn: 4096
08:16:11.646 [Forwarding newSession on session null to remote] DEBUG io.netty.channel.DefaultChannelId - -Dio.netty.machineId: 00:22:48:ff:fe:51:7a:d2 (auto-detected)
08:16:11.673 [AsyncHttpClient-1-2] DEBUG io.netty.buffer.AbstractByteBuf - -Dio.netty.buffer.checkAccessible: true
08:16:11.673 [AsyncHttpClient-1-2] DEBUG io.netty.buffer.AbstractByteBuf - -Dio.netty.buffer.checkBounds: true
08:16:11.673 [AsyncHttpClient-1-2] DEBUG io.netty.util.ResourceLeakDetectorFactory - Loaded default ResourceLeakDetector: io.netty.util.ResourceLeakDetector@5fed6c42
08:16:11.681 [AsyncHttpClient-1-2] DEBUG org.asynchttpclient.netty.channel.NettyConnectListener - Using new Channel '[id: 0xec73da85, L:/127.0.0.1:46384 - R:localhost/127.0.0.1:19123]' for 'POST' to '/session'
08:16:11.691 [AsyncHttpClient-1-2] DEBUG io.netty.util.Recycler - -Dio.netty.recycler.maxCapacityPerThread: 4096
08:16:11.691 [AsyncHttpClient-1-2] DEBUG io.netty.util.Recycler - -Dio.netty.recycler.ratio: 8
08:16:11.691 [AsyncHttpClient-1-2] DEBUG io.netty.util.Recycler - -Dio.netty.recycler.chunkSize: 32
08:16:11.691 [AsyncHttpClient-1-2] DEBUG io.netty.util.Recycler - -Dio.netty.recycler.blocking: false
08:16:11.691 [AsyncHttpClient-1-2] DEBUG io.netty.util.Recycler - -Dio.netty.recycler.batchFastThreadLocalOnly: true
08:16:12.316 [AsyncHttpClient-1-2] DEBUG io.netty.handler.codec.compression.Brotli - brotli4j not in the classpath; Brotli support will be unavailable.
08:16:12.316 [AsyncHttpClient-1-2] DEBUG org.asynchttpclient.netty.handler.HttpHandler - 

Request DefaultHttpRequest(decodeResult: success, version: HTTP/1.1)
POST /session HTTP/1.1
User-Agent: selenium/4.13.0 (java unix)
Content-Length: 385
Content-Type: application/json; charset=utf-8
host: localhost:19123
accept: */*

Response DefaultHttpResponse(decodeResult: success, version: HTTP/1.1)
HTTP/1.1 200 OK
Content-Length: 850
Content-Type: application/json; charset=utf-8
cache-control: no-cache

08:16:12.320 [AsyncHttpClient-1-2] DEBUG org.asynchttpclient.netty.channel.ChannelManager - Adding key: http://localhost:19123 for channel [id: 0xec73da85, L:/127.0.0.1:46384 - R:localhost/127.0.0.1:19123]
08:16:12.362 [AsyncHttpClient-1-3] DEBUG org.asynchttpclient.netty.channel.NettyConnectListener - Using new Channel '[id: 0x27f07431, L:/127.0.0.1:33210 - R:localhost/127.0.0.1:39963]' for 'GET' to '/json/version'
08:16:12.365 [AsyncHttpClient-1-3] DEBUG org.asynchttpclient.netty.handler.HttpHandler - 

Request DefaultFullHttpRequest(decodeResult: success, version: HTTP/1.1, content: EmptyByteBufBE)
GET /json/version HTTP/1.1
User-Agent: selenium/4.13.0 (java unix)
host: localhost:39963
accept: */*

Response DefaultHttpResponse(decodeResult: success, version: HTTP/1.1)
HTTP/1.1 200 OK
Content-Security-Policy: frame-ancestors 'none'
Content-Length: 414
Content-Type: application/json; charset=UTF-8

08:16:12.365 [AsyncHttpClient-1-3] DEBUG org.asynchttpclient.netty.channel.ChannelManager - Adding key: http://localhost:39963 for channel [id: 0x27f07431, L:/127.0.0.1:33210 - R:localhost/127.0.0.1:39963]
08:16:12.371 [main] DEBUG io.netty.util.internal.ThreadLocalRandom - -Dio.netty.initialSeedUniquifier: 0x8a56e9f8a3fd2a87
08:16:12.373 [AsyncHttpClient-1-4] DEBUG org.asynchttpclient.netty.channel.NettyConnectListener - Using new Channel '[id: 0xcf014fda, L:/127.0.0.1:33220 - R:localhost/127.0.0.1:39963]' for 'GET' to '/devtools/browser/e3a2a329-9eda-4138-81dd-bda36dda32fd'
08:16:12.376 [AsyncHttpClient-1-4] DEBUG org.asynchttpclient.netty.handler.WebSocketHandler - 

Request DefaultFullHttpRequest(decodeResult: success, version: HTTP/1.1, content: EmptyByteBufBE)
GET /devtools/browser/e3a2a329-9eda-4138-81dd-bda36dda32fd HTTP/1.1
upgrade: websocket
connection: upgrade
sec-websocket-key: Eg6JJp6uqk2bMQ1glXxDpg==
sec-websocket-version: 13
origin: http://localhost:39963
host: localhost:39963
accept: */*
user-agent: AHC/2.1

Response DefaultHttpResponse(decodeResult: success, version: HTTP/1.1)
HTTP/1.1 101 WebSocket Protocol Handshake
Upgrade: WebSocket
Connection: Upgrade
Sec-WebSocket-Accept: R7TpMwkom7MD7DtWCFyRLzC/lAk=

08:16:12.412 [Forwarding setTimeout on session 0801523eb7af4e79164a902e74516e1f to remote] DEBUG org.asynchttpclient.netty.request.NettyRequestSender - Using pooled Channel '[id: 0xec73da85, L:/127.0.0.1:46384 - R:localhost/127.0.0.1:19123]' for 'POST' to 'http://localhost:19123/session/0801523eb7af4e79164a902e74516e1f/timeouts'
08:16:12.412 [Forwarding setTimeout on session 0801523eb7af4e79164a902e74516e1f to remote] DEBUG org.asynchttpclient.netty.request.NettyRequestSender - Using open Channel [id: 0xec73da85, L:/127.0.0.1:46384 - R:localhost/127.0.0.1:19123] for POST '/session/0801523eb7af4e79164a902e74516e1f/timeouts'
08:16:12.414 [AsyncHttpClient-1-2] DEBUG org.asynchttpclient.netty.handler.HttpHandler - 

Request DefaultHttpRequest(decodeResult: success, version: HTTP/1.1)
POST /session/0801523eb7af4e79164a902e74516e1f/timeouts HTTP/1.1
User-Agent: selenium/4.13.0 (java unix)
Content-Length: 23
Content-Type: application/json; charset=utf-8
host: localhost:19123
accept: */*

Response DefaultHttpResponse(decodeResult: success, version: HTTP/1.1)
HTTP/1.1 200 OK
Content-Length: 14
Content-Type: application/json; charset=utf-8
cache-control: no-cache

08:16:12.415 [AsyncHttpClient-1-2] DEBUG org.asynchttpclient.netty.channel.ChannelManager - Adding key: http://localhost:19123 for channel [id: 0xec73da85, L:/127.0.0.1:46384 - R:localhost/127.0.0.1:19123]
08:16:12.461 [Forwarding get on session 0801523eb7af4e79164a902e74516e1f to remote] DEBUG org.asynchttpclient.netty.request.NettyRequestSender - Using pooled Channel '[id: 0xec73da85, L:/127.0.0.1:46384 - R:localhost/127.0.0.1:19123]' for 'POST' to 'http://localhost:19123/session/0801523eb7af4e79164a902e74516e1f/url'
08:16:12.461 [Forwarding get on session 0801523eb7af4e79164a902e74516e1f to remote] DEBUG org.asynchttpclient.netty.request.NettyRequestSender - Using open Channel [id: 0xec73da85, L:/127.0.0.1:46384 - R:localhost/127.0.0.1:19123] for POST '/session/0801523eb7af4e79164a902e74516e1f/url'
08:16:12.633 [AsyncHttpClient-1-1] DEBUG org.asynchttpclient.netty.channel.DefaultChannelPool - Entry count for : http://localhost:39963 : 1
08:16:12.948 [AsyncHttpClient-1-2] DEBUG org.asynchttpclient.netty.handler.HttpHandler - 

Request DefaultHttpRequest(decodeResult: success, version: HTTP/1.1)
POST /session/0801523eb7af4e79164a902e74516e1f/url HTTP/1.1
User-Agent: selenium/4.13.0 (java unix)
Content-Length: 111
Content-Type: application/json; charset=utf-8
host: localhost:19123
accept: */*

Response DefaultHttpResponse(decodeResult: success, version: HTTP/1.1)
HTTP/1.1 200 OK
Content-Length: 14
Content-Type: application/json; charset=utf-8
cache-control: no-cache

08:16:12.948 [AsyncHttpClient-1-2] DEBUG org.asynchttpclient.netty.channel.ChannelManager - Adding key: http://localhost:19123 for channel [id: 0xec73da85, L:/127.0.0.1:46384 - R:localhost/127.0.0.1:19123]
08:16:12.950 [Forwarding findElement on session 0801523eb7af4e79164a902e74516e1f to remote] DEBUG org.asynchttpclient.netty.request.NettyRequestSender - Using pooled Channel '[id: 0xec73da85, L:/127.0.0.1:46384 - R:localhost/127.0.0.1:19123]' for 'POST' to 'http://localhost:19123/session/0801523eb7af4e79164a902e74516e1f/element'
08:16:12.950 [Forwarding findElement on session 0801523eb7af4e79164a902e74516e1f to remote] DEBUG org.asynchttpclient.netty.request.NettyRequestSender - Using open Channel [id: 0xec73da85, L:/127.0.0.1:46384 - R:localhost/127.0.0.1:19123] for POST '/session/0801523eb7af4e79164a902e74516e1f/element'
08:16:13.191 [AsyncHttpClient-1-2] DEBUG org.asynchttpclient.netty.handler.HttpHandler - 

Request DefaultHttpRequest(decodeResult: success, version: HTTP/1.1)
POST /session/0801523eb7af4e79164a902e74516e1f/element HTTP/1.1
User-Agent: selenium/4.13.0 (java unix)
Content-Length: 62
Content-Type: application/json; charset=utf-8
host: localhost:19123
accept: */*

Response DefaultHttpResponse(decodeResult: success, version: HTTP/1.1)
HTTP/1.1 200 OK
Content-Length: 125
Content-Type: application/json; charset=utf-8
cache-control: no-cache

08:16:13.192 [AsyncHttpClient-1-2] DEBUG org.asynchttpclient.netty.channel.ChannelManager - Adding key: http://localhost:19123 for channel [id: 0xec73da85, L:/127.0.0.1:46384 - R:localhost/127.0.0.1:19123]
08:16:13.197 [Forwarding sendKeysToElement on session 0801523eb7af4e79164a902e74516e1f to remote] DEBUG org.asynchttpclient.netty.request.NettyRequestSender - Using pooled Channel '[id: 0xec73da85, L:/127.0.0.1:46384 - R:localhost/127.0.0.1:19123]' for 'POST' to 'http://localhost:19123/session/0801523eb7af4e79164a902e74516e1f/element/f.997ED150E32278CC6D7459E2FE337CCB.d.E6CCD4A3ECD1477D4DE7935CF6F98E45.e.2/value'
08:16:13.197 [Forwarding sendKeysToElement on session 0801523eb7af4e79164a902e74516e1f to remote] DEBUG org.asynchttpclient.netty.request.NettyRequestSender - Using open Channel [id: 0xec73da85, L:/127.0.0.1:46384 - R:localhost/127.0.0.1:19123] for POST '/session/0801523eb7af4e79164a902e74516e1f/element/f.997ED150E32278CC6D7459E2FE337CCB.d.E6CCD4A3ECD1477D4DE7935CF6F98E45.e.2/value'
08:16:13.255 [AsyncHttpClient-1-2] DEBUG org.asynchttpclient.netty.handler.HttpHandler - 

Request DefaultHttpRequest(decodeResult: success, version: HTTP/1.1)
POST /session/0801523eb7af4e79164a902e74516e1f/element/f.997ED150E32278CC6D7459E2FE337CCB.d.E6CCD4A3ECD1477D4DE7935CF6F98E45.e.2/value HTTP/1.1
User-Agent: selenium/4.13.0 (java unix)
Content-Length: 268
Content-Type: application/json; charset=utf-8
host: localhost:19123
accept: */*

Response DefaultHttpResponse(decodeResult: success, version: HTTP/1.1)
HTTP/1.1 200 OK
Content-Length: 14
Content-Type: application/json; charset=utf-8
cache-control: no-cache

08:16:13.256 [AsyncHttpClient-1-2] DEBUG org.asynchttpclient.netty.channel.ChannelManager - Adding key: http://localhost:19123 for channel [id: 0xec73da85, L:/127.0.0.1:46384 - R:localhost/127.0.0.1:19123]
08:16:13.257 [Forwarding findElement on session 0801523eb7af4e79164a902e74516e1f to remote] DEBUG org.asynchttpclient.netty.request.NettyRequestSender - Using pooled Channel '[id: 0xec73da85, L:/127.0.0.1:46384 - R:localhost/127.0.0.1:19123]' for 'POST' to 'http://localhost:19123/session/0801523eb7af4e79164a902e74516e1f/element'
08:16:13.258 [Forwarding findElement on session 0801523eb7af4e79164a902e74516e1f to remote] DEBUG org.asynchttpclient.netty.request.NettyRequestSender - Using open Channel [id: 0xec73da85, L:/127.0.0.1:46384 - R:localhost/127.0.0.1:19123] for POST '/session/0801523eb7af4e79164a902e74516e1f/element'
08:16:13.267 [AsyncHttpClient-1-2] DEBUG org.asynchttpclient.netty.handler.HttpHandler - 

Request DefaultHttpRequest(decodeResult: success, version: HTTP/1.1)
POST /session/0801523eb7af4e79164a902e74516e1f/element HTTP/1.1
User-Agent: selenium/4.13.0 (java unix)
Content-Length: 62
Content-Type: application/json; charset=utf-8
host: localhost:19123
accept: */*

Response DefaultHttpResponse(decodeResult: success, version: HTTP/1.1)
HTTP/1.1 200 OK
Content-Length: 125
Content-Type: application/json; charset=utf-8
cache-control: no-cache

08:16:13.267 [AsyncHttpClient-1-2] DEBUG org.asynchttpclient.netty.channel.ChannelManager - Adding key: http://localhost:19123 for channel [id: 0xec73da85, L:/127.0.0.1:46384 - R:localhost/127.0.0.1:19123]
08:16:13.268 [Forwarding sendKeysToElement on session 0801523eb7af4e79164a902e74516e1f to remote] DEBUG org.asynchttpclient.netty.request.NettyRequestSender - Using pooled Channel '[id: 0xec73da85, L:/127.0.0.1:46384 - R:localhost/127.0.0.1:19123]' for 'POST' to 'http://localhost:19123/session/0801523eb7af4e79164a902e74516e1f/element/f.997ED150E32278CC6D7459E2FE337CCB.d.E6CCD4A3ECD1477D4DE7935CF6F98E45.e.4/value'
08:16:13.268 [Forwarding sendKeysToElement on session 0801523eb7af4e79164a902e74516e1f to remote] DEBUG org.asynchttpclient.netty.request.NettyRequestSender - Using open Channel [id: 0xec73da85, L:/127.0.0.1:46384 - R:localhost/127.0.0.1:19123] for POST '/session/0801523eb7af4e79164a902e74516e1f/element/f.997ED150E32278CC6D7459E2FE337CCB.d.E6CCD4A3ECD1477D4DE7935CF6F98E45.e.4/value'
08:16:13.319 [AsyncHttpClient-1-2] DEBUG org.asynchttpclient.netty.handler.HttpHandler - 

Request DefaultHttpRequest(decodeResult: success, version: HTTP/1.1)
POST /session/0801523eb7af4e79164a902e74516e1f/element/f.997ED150E32278CC6D7459E2FE337CCB.d.E6CCD4A3ECD1477D4DE7935CF6F98E45.e.4/value HTTP/1.1
User-Agent: selenium/4.13.0 (java unix)
Content-Length: 268
Content-Type: application/json; charset=utf-8
host: localhost:19123
accept: */*

Response DefaultHttpResponse(decodeResult: success, version: HTTP/1.1)
HTTP/1.1 200 OK
Content-Length: 14
Content-Type: application/json; charset=utf-8
cache-control: no-cache

08:16:13.319 [AsyncHttpClient-1-2] DEBUG org.asynchttpclient.netty.channel.ChannelManager - Adding key: http://localhost:19123 for channel [id: 0xec73da85, L:/127.0.0.1:46384 - R:localhost/127.0.0.1:19123]
08:16:13.321 [Forwarding findElement on session 0801523eb7af4e79164a902e74516e1f to remote] DEBUG org.asynchttpclient.netty.request.NettyRequestSender - Using pooled Channel '[id: 0xec73da85, L:/127.0.0.1:46384 - R:localhost/127.0.0.1:19123]' for 'POST' to 'http://localhost:19123/session/0801523eb7af4e79164a902e74516e1f/element'
08:16:13.321 [Forwarding findElement on session 0801523eb7af4e79164a902e74516e1f to remote] DEBUG org.asynchttpclient.netty.request.NettyRequestSender - Using open Channel [id: 0xec73da85, L:/127.0.0.1:46384 - R:localhost/127.0.0.1:19123] for POST '/session/0801523eb7af4e79164a902e74516e1f/element'
08:16:13.330 [AsyncHttpClient-1-2] DEBUG org.asynchttpclient.netty.handler.HttpHandler - 

Request DefaultHttpRequest(decodeResult: success, version: HTTP/1.1)
POST /session/0801523eb7af4e79164a902e74516e1f/element HTTP/1.1
User-Agent: selenium/4.13.0 (java unix)
Content-Length: 71
Content-Type: application/json; charset=utf-8
host: localhost:19123
accept: */*

Response DefaultHttpResponse(decodeResult: success, version: HTTP/1.1)
HTTP/1.1 200 OK
Content-Length: 126
Content-Type: application/json; charset=utf-8
cache-control: no-cache

08:16:13.331 [AsyncHttpClient-1-2] DEBUG org.asynchttpclient.netty.channel.ChannelManager - Adding key: http://localhost:19123 for channel [id: 0xec73da85, L:/127.0.0.1:46384 - R:localhost/127.0.0.1:19123]
08:16:13.332 [Forwarding clickElement on session 0801523eb7af4e79164a902e74516e1f to remote] DEBUG org.asynchttpclient.netty.request.NettyRequestSender - Using pooled Channel '[id: 0xec73da85, L:/127.0.0.1:46384 - R:localhost/127.0.0.1:19123]' for 'POST' to 'http://localhost:19123/session/0801523eb7af4e79164a902e74516e1f/element/f.997ED150E32278CC6D7459E2FE337CCB.d.E6CCD4A3ECD1477D4DE7935CF6F98E45.e.17/click'
08:16:13.332 [Forwarding clickElement on session 0801523eb7af4e79164a902e74516e1f to remote] DEBUG org.asynchttpclient.netty.request.NettyRequestSender - Using open Channel [id: 0xec73da85, L:/127.0.0.1:46384 - R:localhost/127.0.0.1:19123] for POST '/session/0801523eb7af4e79164a902e74516e1f/element/f.997ED150E32278CC6D7459E2FE337CCB.d.E6CCD4A3ECD1477D4DE7935CF6F98E45.e.17/click'
08:16:13.615 [AsyncHttpClient-1-2] DEBUG org.asynchttpclient.netty.handler.HttpHandler - 

Request DefaultHttpRequest(decodeResult: success, version: HTTP/1.1)
POST /session/0801523eb7af4e79164a902e74516e1f/element/f.997ED150E32278CC6D7459E2FE337CCB.d.E6CCD4A3ECD1477D4DE7935CF6F98E45.e.17/click HTTP/1.1
User-Agent: selenium/4.13.0 (java unix)
Content-Length: 88
Content-Type: application/json; charset=utf-8
host: localhost:19123
accept: */*

Response DefaultHttpResponse(decodeResult: success, version: HTTP/1.1)
HTTP/1.1 200 OK
Content-Length: 14
Content-Type: application/json; charset=utf-8
cache-control: no-cache

08:16:13.615 [AsyncHttpClient-1-2] DEBUG org.asynchttpclient.netty.channel.ChannelManager - Adding key: http://localhost:19123 for channel [id: 0xec73da85, L:/127.0.0.1:46384 - R:localhost/127.0.0.1:19123]
08:16:13.617 [Forwarding findElement on session 0801523eb7af4e79164a902e74516e1f to remote] DEBUG org.asynchttpclient.netty.request.NettyRequestSender - Using pooled Channel '[id: 0xec73da85, L:/127.0.0.1:46384 - R:localhost/127.0.0.1:19123]' for 'POST' to 'http://localhost:19123/session/0801523eb7af4e79164a902e74516e1f/element'
08:16:13.617 [Forwarding findElement on session 0801523eb7af4e79164a902e74516e1f to remote] DEBUG org.asynchttpclient.netty.request.NettyRequestSender - Using open Channel [id: 0xec73da85, L:/127.0.0.1:46384 - R:localhost/127.0.0.1:19123] for POST '/session/0801523eb7af4e79164a902e74516e1f/element'
08:16:13.733 [AsyncHttpClient-1-1] DEBUG org.asynchttpclient.netty.channel.DefaultChannelPool - Entry count for : http://localhost:39963 : 1
08:16:13.733 [AsyncHttpClient-1-2] DEBUG org.asynchttpclient.netty.handler.HttpHandler - 

Request DefaultHttpRequest(decodeResult: success, version: HTTP/1.1)
POST /session/0801523eb7af4e79164a902e74516e1f/element HTTP/1.1
User-Agent: selenium/4.13.0 (java unix)
Content-Length: 104
Content-Type: application/json; charset=utf-8
host: localhost:19123
accept: */*

Response DefaultHttpResponse(decodeResult: success, version: HTTP/1.1)
HTTP/1.1 200 OK
Content-Length: 126
Content-Type: application/json; charset=utf-8
cache-control: no-cache

08:16:13.733 [AsyncHttpClient-1-2] DEBUG org.asynchttpclient.netty.channel.ChannelManager - Adding key: http://localhost:19123 for channel [id: 0xec73da85, L:/127.0.0.1:46384 - R:localhost/127.0.0.1:19123]
08:16:13.740 [Forwarding isElementDisplayed on session 0801523eb7af4e79164a902e74516e1f to remote] DEBUG org.asynchttpclient.netty.request.NettyRequestSender - Using pooled Channel '[id: 0xec73da85, L:/127.0.0.1:46384 - R:localhost/127.0.0.1:19123]' for 'POST' to 'http://localhost:19123/session/0801523eb7af4e79164a902e74516e1f/execute/sync'
08:16:13.740 [Forwarding isElementDisplayed on session 0801523eb7af4e79164a902e74516e1f to remote] DEBUG org.asynchttpclient.netty.request.NettyRequestSender - Using open Channel [id: 0xec73da85, L:/127.0.0.1:46384 - R:localhost/127.0.0.1:19123] for POST '/session/0801523eb7af4e79164a902e74516e1f/execute/sync'
08:16:13.752 [AsyncHttpClient-1-2] DEBUG org.asynchttpclient.netty.handler.HttpHandler - 

Request DefaultHttpRequest(decodeResult: success, version: HTTP/1.1)
POST /session/0801523eb7af4e79164a902e74516e1f/execute/sync HTTP/1.1
User-Agent: selenium/4.13.0 (java unix)
Content-Length: 48845
Content-Type: application/json; charset=utf-8
host: localhost:19123
accept: */*

Response DefaultHttpResponse(decodeResult: success, version: HTTP/1.1)
HTTP/1.1 200 OK
Content-Length: 14
Content-Type: application/json; charset=utf-8
cache-control: no-cache

08:16:13.752 [AsyncHttpClient-1-2] DEBUG org.asynchttpclient.netty.channel.ChannelManager - Adding key: http://localhost:19123 for channel [id: 0xec73da85, L:/127.0.0.1:46384 - R:localhost/127.0.0.1:19123]
]]></system-out>
    <system-err><![CDATA[Jan 02, 2025 8:16:12 AM org.openqa.selenium.devtools.CdpVersionFinder findNearestMatch
WARNING: Unable to find CDP implementation matching 131
Jan 02, 2025 8:16:12 AM org.openqa.selenium.chromium.ChromiumDriver lambda$new$5
WARNING: Unable to find version of CDP to use for 131.0.6778.139. You may need to include a dependency on a specific version of the CDP using something similar to `org.seleniumhq.selenium:selenium-devtools-v86:4.13.0` where the version ("v86") matches the version of the chromium-based browser you're using and the version number of the artifact is the same as Selenium's.
]]></system-err>
  </testcase>
  <testcase name="testValidLogin" classname="tests.LoginTest" time="1.123">
    <system-out><![CDATA[08:16:13.801 [Forwarding get on session 0801523eb7af4e79164a902e74516e1f to remote] DEBUG org.asynchttpclient.netty.request.NettyRequestSender - Using pooled Channel '[id: 0xec73da85, L:/127.0.0.1:46384 - R:localhost/127.0.0.1:19123]' for 'POST' to 'http://localhost:19123/session/0801523eb7af4e79164a902e74516e1f/url'
08:16:13.801 [Forwarding get on session 0801523eb7af4e79164a902e74516e1f to remote] DEBUG org.asynchttpclient.netty.request.NettyRequestSender - Using open Channel [id: 0xec73da85, L:/127.0.0.1:46384 - R:localhost/127.0.0.1:19123] for POST '/session/0801523eb7af4e79164a902e74516e1f/url'
08:16:13.931 [AsyncHttpClient-1-2] DEBUG org.asynchttpclient.netty.handler.HttpHandler - 

Request DefaultHttpRequest(decodeResult: success, version: HTTP/1.1)
POST /session/0801523eb7af4e79164a902e74516e1f/url HTTP/1.1
User-Agent: selenium/4.13.0 (java unix)
Content-Length: 111
Content-Type: application/json; charset=utf-8
host: localhost:19123
accept: */*

Response DefaultHttpResponse(decodeResult: success, version: HTTP/1.1)
HTTP/1.1 200 OK
Content-Length: 14
Content-Type: application/json; charset=utf-8
cache-control: no-cache

08:16:13.932 [AsyncHttpClient-1-2] DEBUG org.asynchttpclient.netty.channel.ChannelManager - Adding key: http://localhost:19123 for channel [id: 0xec73da85, L:/127.0.0.1:46384 - R:localhost/127.0.0.1:19123]
08:16:13.933 [Forwarding findElement on session 0801523eb7af4e79164a902e74516e1f to remote] DEBUG org.asynchttpclient.netty.request.NettyRequestSender - Using pooled Channel '[id: 0xec73da85, L:/127.0.0.1:46384 - R:localhost/127.0.0.1:19123]' for 'POST' to 'http://localhost:19123/session/0801523eb7af4e79164a902e74516e1f/element'
08:16:13.933 [Forwarding findElement on session 0801523eb7af4e79164a902e74516e1f to remote] DEBUG org.asynchttpclient.netty.request.NettyRequestSender - Using open Channel [id: 0xec73da85, L:/127.0.0.1:46384 - R:localhost/127.0.0.1:19123] for POST '/session/0801523eb7af4e79164a902e74516e1f/element'
08:16:14.047 [AsyncHttpClient-1-2] DEBUG org.asynchttpclient.netty.handler.HttpHandler - 

Request DefaultHttpRequest(decodeResult: success, version: HTTP/1.1)
POST /session/0801523eb7af4e79164a902e74516e1f/element HTTP/1.1
User-Agent: selenium/4.13.0 (java unix)
Content-Length: 62
Content-Type: application/json; charset=utf-8
host: localhost:19123
accept: */*

Response DefaultHttpResponse(decodeResult: success, version: HTTP/1.1)
HTTP/1.1 200 OK
Content-Length: 126
Content-Type: application/json; charset=utf-8
cache-control: no-cache

08:16:14.047 [AsyncHttpClient-1-2] DEBUG org.asynchttpclient.netty.channel.ChannelManager - Adding key: http://localhost:19123 for channel [id: 0xec73da85, L:/127.0.0.1:46384 - R:localhost/127.0.0.1:19123]
08:16:14.049 [Forwarding sendKeysToElement on session 0801523eb7af4e79164a902e74516e1f to remote] DEBUG org.asynchttpclient.netty.request.NettyRequestSender - Using pooled Channel '[id: 0xec73da85, L:/127.0.0.1:46384 - R:localhost/127.0.0.1:19123]' for 'POST' to 'http://localhost:19123/session/0801523eb7af4e79164a902e74516e1f/element/f.997ED150E32278CC6D7459E2FE337CCB.d.544F8F7DC2653AEEA31AF61C3A97C895.e.29/value'
08:16:14.049 [Forwarding sendKeysToElement on session 0801523eb7af4e79164a902e74516e1f to remote] DEBUG org.asynchttpclient.netty.request.NettyRequestSender - Using open Channel [id: 0xec73da85, L:/127.0.0.1:46384 - R:localhost/127.0.0.1:19123] for POST '/session/0801523eb7af4e79164a902e74516e1f/element/f.997ED150E32278CC6D7459E2FE337CCB.d.544F8F7DC2653AEEA31AF61C3A97C895.e.29/value'
08:16:14.071 [AsyncHttpClient-1-2] DEBUG org.asynchttpclient.netty.handler.HttpHandler - 

Request DefaultHttpRequest(decodeResult: success, version: HTTP/1.1)
POST /session/0801523eb7af4e79164a902e74516e1f/element/f.997ED150E32278CC6D7459E2FE337CCB.d.544F8F7DC2653AEEA31AF61C3A97C895.e.29/value HTTP/1.1
User-Agent: selenium/4.13.0 (java unix)
Content-Length: 169
Content-Type: application/json; charset=utf-8
host: localhost:19123
accept: */*

Response DefaultHttpResponse(decodeResult: success, version: HTTP/1.1)
HTTP/1.1 200 OK
Content-Length: 14
Content-Type: application/json; charset=utf-8
cache-control: no-cache

08:16:14.071 [AsyncHttpClient-1-2] DEBUG org.asynchttpclient.netty.channel.ChannelManager - Adding key: http://localhost:19123 for channel [id: 0xec73da85, L:/127.0.0.1:46384 - R:localhost/127.0.0.1:19123]
08:16:14.073 [Forwarding findElement on session 0801523eb7af4e79164a902e74516e1f to remote] DEBUG org.asynchttpclient.netty.request.NettyRequestSender - Using pooled Channel '[id: 0xec73da85, L:/127.0.0.1:46384 - R:localhost/127.0.0.1:19123]' for 'POST' to 'http://localhost:19123/session/0801523eb7af4e79164a902e74516e1f/element'
08:16:14.073 [Forwarding findElement on session 0801523eb7af4e79164a902e74516e1f to remote] DEBUG org.asynchttpclient.netty.request.NettyRequestSender - Using open Channel [id: 0xec73da85, L:/127.0.0.1:46384 - R:localhost/127.0.0.1:19123] for POST '/session/0801523eb7af4e79164a902e74516e1f/element'
08:16:14.079 [AsyncHttpClient-1-2] DEBUG org.asynchttpclient.netty.handler.HttpHandler - 

Request DefaultHttpRequest(decodeResult: success, version: HTTP/1.1)
POST /session/0801523eb7af4e79164a902e74516e1f/element HTTP/1.1
User-Agent: selenium/4.13.0 (java unix)
Content-Length: 62
Content-Type: application/json; charset=utf-8
host: localhost:19123
accept: */*

Response DefaultHttpResponse(decodeResult: success, version: HTTP/1.1)
HTTP/1.1 200 OK
Content-Length: 126
Content-Type: application/json; charset=utf-8
cache-control: no-cache

08:16:14.079 [AsyncHttpClient-1-2] DEBUG org.asynchttpclient.netty.channel.ChannelManager - Adding key: http://localhost:19123 for channel [id: 0xec73da85, L:/127.0.0.1:46384 - R:localhost/127.0.0.1:19123]
08:16:14.081 [Forwarding sendKeysToElement on session 0801523eb7af4e79164a902e74516e1f to remote] DEBUG org.asynchttpclient.netty.request.NettyRequestSender - Using pooled Channel '[id: 0xec73da85, L:/127.0.0.1:46384 - R:localhost/127.0.0.1:19123]' for 'POST' to 'http://localhost:19123/session/0801523eb7af4e79164a902e74516e1f/element/f.997ED150E32278CC6D7459E2FE337CCB.d.544F8F7DC2653AEEA31AF61C3A97C895.e.31/value'
08:16:14.081 [Forwarding sendKeysToElement on session 0801523eb7af4e79164a902e74516e1f to remote] DEBUG org.asynchttpclient.netty.request.NettyRequestSender - Using open Channel [id: 0xec73da85, L:/127.0.0.1:46384 - R:localhost/127.0.0.1:19123] for POST '/session/0801523eb7af4e79164a902e74516e1f/element/f.997ED150E32278CC6D7459E2FE337CCB.d.544F8F7DC2653AEEA31AF61C3A97C895.e.31/value'
08:16:14.118 [AsyncHttpClient-1-2] DEBUG org.asynchttpclient.netty.handler.HttpHandler - 

Request DefaultHttpRequest(decodeResult: success, version: HTTP/1.1)
POST /session/0801523eb7af4e79164a902e74516e1f/element/f.997ED150E32278CC6D7459E2FE337CCB.d.544F8F7DC2653AEEA31AF61C3A97C895.e.31/value HTTP/1.1
User-Agent: selenium/4.13.0 (java unix)
Content-Length: 199
Content-Type: application/json; charset=utf-8
host: localhost:19123
accept: */*

Response DefaultHttpResponse(decodeResult: success, version: HTTP/1.1)
HTTP/1.1 200 OK
Content-Length: 14
Content-Type: application/json; charset=utf-8
cache-control: no-cache

08:16:14.118 [AsyncHttpClient-1-2] DEBUG org.asynchttpclient.netty.channel.ChannelManager - Adding key: http://localhost:19123 for channel [id: 0xec73da85, L:/127.0.0.1:46384 - R:localhost/127.0.0.1:19123]
08:16:14.120 [Forwarding findElement on session 0801523eb7af4e79164a902e74516e1f to remote] DEBUG org.asynchttpclient.netty.request.NettyRequestSender - Using pooled Channel '[id: 0xec73da85, L:/127.0.0.1:46384 - R:localhost/127.0.0.1:19123]' for 'POST' to 'http://localhost:19123/session/0801523eb7af4e79164a902e74516e1f/element'
08:16:14.120 [Forwarding findElement on session 0801523eb7af4e79164a902e74516e1f to remote] DEBUG org.asynchttpclient.netty.request.NettyRequestSender - Using open Channel [id: 0xec73da85, L:/127.0.0.1:46384 - R:localhost/127.0.0.1:19123] for POST '/session/0801523eb7af4e79164a902e74516e1f/element'
08:16:14.126 [AsyncHttpClient-1-2] DEBUG org.asynchttpclient.netty.handler.HttpHandler - 

Request DefaultHttpRequest(decodeResult: success, version: HTTP/1.1)
POST /session/0801523eb7af4e79164a902e74516e1f/element HTTP/1.1
User-Agent: selenium/4.13.0 (java unix)
Content-Length: 71
Content-Type: application/json; charset=utf-8
host: localhost:19123
accept: */*

Response DefaultHttpResponse(decodeResult: success, version: HTTP/1.1)
HTTP/1.1 200 OK
Content-Length: 126
Content-Type: application/json; charset=utf-8
cache-control: no-cache

08:16:14.126 [AsyncHttpClient-1-2] DEBUG org.asynchttpclient.netty.channel.ChannelManager - Adding key: http://localhost:19123 for channel [id: 0xec73da85, L:/127.0.0.1:46384 - R:localhost/127.0.0.1:19123]
08:16:14.128 [Forwarding clickElement on session 0801523eb7af4e79164a902e74516e1f to remote] DEBUG org.asynchttpclient.netty.request.NettyRequestSender - Using pooled Channel '[id: 0xec73da85, L:/127.0.0.1:46384 - R:localhost/127.0.0.1:19123]' for 'POST' to 'http://localhost:19123/session/0801523eb7af4e79164a902e74516e1f/element/f.997ED150E32278CC6D7459E2FE337CCB.d.544F8F7DC2653AEEA31AF61C3A97C895.e.34/click'
08:16:14.128 [Forwarding clickElement on session 0801523eb7af4e79164a902e74516e1f to remote] DEBUG org.asynchttpclient.netty.request.NettyRequestSender - Using open Channel [id: 0xec73da85, L:/127.0.0.1:46384 - R:localhost/127.0.0.1:19123] for POST '/session/0801523eb7af4e79164a902e74516e1f/element/f.997ED150E32278CC6D7459E2FE337CCB.d.544F8F7DC2653AEEA31AF61C3A97C895.e.34/click'
08:16:14.165 [AsyncHttpClient-1-2] DEBUG org.asynchttpclient.netty.handler.HttpHandler - 

Request DefaultHttpRequest(decodeResult: success, version: HTTP/1.1)
POST /session/0801523eb7af4e79164a902e74516e1f/element/f.997ED150E32278CC6D7459E2FE337CCB.d.544F8F7DC2653AEEA31AF61C3A97C895.e.34/click HTTP/1.1
User-Agent: selenium/4.13.0 (java unix)
Content-Length: 88
Content-Type: application/json; charset=utf-8
host: localhost:19123
accept: */*

Response DefaultHttpResponse(decodeResult: success, version: HTTP/1.1)
HTTP/1.1 200 OK
Content-Length: 14
Content-Type: application/json; charset=utf-8
cache-control: no-cache

08:16:14.166 [AsyncHttpClient-1-2] DEBUG org.asynchttpclient.netty.channel.ChannelManager - Adding key: http://localhost:19123 for channel [id: 0xec73da85, L:/127.0.0.1:46384 - R:localhost/127.0.0.1:19123]
08:16:14.168 [Forwarding findElement on session 0801523eb7af4e79164a902e74516e1f to remote] DEBUG org.asynchttpclient.netty.request.NettyRequestSender - Using pooled Channel '[id: 0xec73da85, L:/127.0.0.1:46384 - R:localhost/127.0.0.1:19123]' for 'POST' to 'http://localhost:19123/session/0801523eb7af4e79164a902e74516e1f/element'
08:16:14.168 [Forwarding findElement on session 0801523eb7af4e79164a902e74516e1f to remote] DEBUG org.asynchttpclient.netty.request.NettyRequestSender - Using open Channel [id: 0xec73da85, L:/127.0.0.1:46384 - R:localhost/127.0.0.1:19123] for POST '/session/0801523eb7af4e79164a902e74516e1f/element'
08:16:14.833 [AsyncHttpClient-1-1] DEBUG org.asynchttpclient.netty.channel.DefaultChannelPool - Entry count for : http://localhost:39963 : 1
08:16:14.877 [AsyncHttpClient-1-2] DEBUG org.asynchttpclient.netty.handler.HttpHandler - 

Request DefaultHttpRequest(decodeResult: success, version: HTTP/1.1)
POST /session/0801523eb7af4e79164a902e74516e1f/element HTTP/1.1
User-Agent: selenium/4.13.0 (java unix)
Content-Length: 79
Content-Type: application/json; charset=utf-8
host: localhost:19123
accept: */*

Response DefaultHttpResponse(decodeResult: success, version: HTTP/1.1)
HTTP/1.1 200 OK
Content-Length: 126
Content-Type: application/json; charset=utf-8
cache-control: no-cache

08:16:14.877 [AsyncHttpClient-1-2] DEBUG org.asynchttpclient.netty.channel.ChannelManager - Adding key: http://localhost:19123 for channel [id: 0xec73da85, L:/127.0.0.1:46384 - R:localhost/127.0.0.1:19123]
08:16:14.880 [Forwarding isElementDisplayed on session 0801523eb7af4e79164a902e74516e1f to remote] DEBUG org.asynchttpclient.netty.request.NettyRequestSender - Using pooled Channel '[id: 0xec73da85, L:/127.0.0.1:46384 - R:localhost/127.0.0.1:19123]' for 'POST' to 'http://localhost:19123/session/0801523eb7af4e79164a902e74516e1f/execute/sync'
08:16:14.880 [Forwarding isElementDisplayed on session 0801523eb7af4e79164a902e74516e1f to remote] DEBUG org.asynchttpclient.netty.request.NettyRequestSender - Using open Channel [id: 0xec73da85, L:/127.0.0.1:46384 - R:localhost/127.0.0.1:19123] for POST '/session/0801523eb7af4e79164a902e74516e1f/execute/sync'
08:16:14.894 [AsyncHttpClient-1-2] DEBUG org.asynchttpclient.netty.handler.HttpHandler - 

Request DefaultHttpRequest(decodeResult: success, version: HTTP/1.1)
POST /session/0801523eb7af4e79164a902e74516e1f/execute/sync HTTP/1.1
User-Agent: selenium/4.13.0 (java unix)
Content-Length: 48845
Content-Type: application/json; charset=utf-8
host: localhost:19123
accept: */*

Response DefaultHttpResponse(decodeResult: success, version: HTTP/1.1)
HTTP/1.1 200 OK
Content-Length: 14
Content-Type: application/json; charset=utf-8
cache-control: no-cache

08:16:14.895 [AsyncHttpClient-1-2] DEBUG org.asynchttpclient.netty.channel.ChannelManager - Adding key: http://localhost:19123 for channel [id: 0xec73da85, L:/127.0.0.1:46384 - R:localhost/127.0.0.1:19123]
08:16:14.896 [Forwarding findElement on session 0801523eb7af4e79164a902e74516e1f to remote] DEBUG org.asynchttpclient.netty.request.NettyRequestSender - Using pooled Channel '[id: 0xec73da85, L:/127.0.0.1:46384 - R:localhost/127.0.0.1:19123]' for 'POST' to 'http://localhost:19123/session/0801523eb7af4e79164a902e74516e1f/element'
08:16:14.896 [Forwarding findElement on session 0801523eb7af4e79164a902e74516e1f to remote] DEBUG org.asynchttpclient.netty.request.NettyRequestSender - Using open Channel [id: 0xec73da85, L:/127.0.0.1:46384 - R:localhost/127.0.0.1:19123] for POST '/session/0801523eb7af4e79164a902e74516e1f/element'
08:16:14.905 [AsyncHttpClient-1-2] DEBUG org.asynchttpclient.netty.handler.HttpHandler - 

Request DefaultHttpRequest(decodeResult: success, version: HTTP/1.1)
POST /session/0801523eb7af4e79164a902e74516e1f/element HTTP/1.1
User-Agent: selenium/4.13.0 (java unix)
Content-Length: 79
Content-Type: application/json; charset=utf-8
host: localhost:19123
accept: */*

Response DefaultHttpResponse(decodeResult: success, version: HTTP/1.1)
HTTP/1.1 200 OK
Content-Length: 126
Content-Type: application/json; charset=utf-8
cache-control: no-cache

08:16:14.905 [AsyncHttpClient-1-2] DEBUG org.asynchttpclient.netty.channel.ChannelManager - Adding key: http://localhost:19123 for channel [id: 0xec73da85, L:/127.0.0.1:46384 - R:localhost/127.0.0.1:19123]
08:16:14.906 [Forwarding getElementText on session 0801523eb7af4e79164a902e74516e1f to remote] DEBUG org.asynchttpclient.netty.request.NettyRequestSender - Using pooled Channel '[id: 0xec73da85, L:/127.0.0.1:46384 - R:localhost/127.0.0.1:19123]' for 'GET' to 'http://localhost:19123/session/0801523eb7af4e79164a902e74516e1f/element/f.997ED150E32278CC6D7459E2FE337CCB.d.F80F33EA675326D2544BF55A50873312.e.41/text'
08:16:14.906 [Forwarding getElementText on session 0801523eb7af4e79164a902e74516e1f to remote] DEBUG org.asynchttpclient.netty.request.NettyRequestSender - Using open Channel [id: 0xec73da85, L:/127.0.0.1:46384 - R:localhost/127.0.0.1:19123] for GET '/session/0801523eb7af4e79164a902e74516e1f/element/f.997ED150E32278CC6D7459E2FE337CCB.d.F80F33EA675326D2544BF55A50873312.e.41/text'
08:16:14.919 [AsyncHttpClient-1-2] DEBUG org.asynchttpclient.netty.handler.HttpHandler - 

Request DefaultFullHttpRequest(decodeResult: success, version: HTTP/1.1, content: EmptyByteBufBE)
GET /session/0801523eb7af4e79164a902e74516e1f/element/f.997ED150E32278CC6D7459E2FE337CCB.d.F80F33EA675326D2544BF55A50873312.e.41/text HTTP/1.1
Cache-Control: no-cache
User-Agent: selenium/4.13.0 (java unix)
Content-Type: application/json; charset=utf-8
host: localhost:19123
accept: */*

Response DefaultHttpResponse(decodeResult: success, version: HTTP/1.1)
HTTP/1.1 200 OK
Content-Length: 21
Content-Type: application/json; charset=utf-8
cache-control: no-cache

08:16:14.919 [AsyncHttpClient-1-2] DEBUG org.asynchttpclient.netty.channel.ChannelManager - Adding key: http://localhost:19123 for channel [id: 0xec73da85, L:/127.0.0.1:46384 - R:localhost/127.0.0.1:19123]
]]></system-out>
  </testcase>
  <testcase name="testAddEmployee" classname="tests.AddEmployeeTest" time="6.658">
    <system-out><![CDATA[08:16:14.928 [Driver Command Executor] DEBUG org.asynchttpclient.netty.request.NettyRequestSender - Using pooled Channel '[id: 0xec73da85, L:/127.0.0.1:46384 - R:localhost/127.0.0.1:19123]' for 'DELETE' to 'http://localhost:19123/session/0801523eb7af4e79164a902e74516e1f'
08:16:14.928 [Driver Command Executor] DEBUG org.asynchttpclient.netty.request.NettyRequestSender - Using open Channel [id: 0xec73da85, L:/127.0.0.1:46384 - R:localhost/127.0.0.1:19123] for DELETE '/session/0801523eb7af4e79164a902e74516e1f'
08:16:14.932 [AsyncHttpClient-1-4] DEBUG org.asynchttpclient.netty.handler.WebSocketHandler - Channel Closed: [id: 0xcf014fda, L:/127.0.0.1:33220 ! R:localhost/127.0.0.1:39963] with attribute DISCARD
08:16:14.941 [AsyncHttpClient-1-3] DEBUG org.asynchttpclient.netty.handler.HttpHandler - Channel Closed: [id: 0x27f07431, L:/127.0.0.1:33210 ! R:localhost/127.0.0.1:39963] with attribute DISCARD
08:16:14.981 [AsyncHttpClient-1-2] DEBUG org.asynchttpclient.netty.handler.HttpHandler - 

Request DefaultFullHttpRequest(decodeResult: success, version: HTTP/1.1, content: EmptyByteBufBE)
DELETE /session/0801523eb7af4e79164a902e74516e1f HTTP/1.1
User-Agent: selenium/4.13.0 (java unix)
Content-Type: application/json; charset=utf-8
host: localhost:19123
accept: */*

Response DefaultHttpResponse(decodeResult: success, version: HTTP/1.1)
HTTP/1.1 200 OK
Content-Length: 14
Content-Type: application/json; charset=utf-8
cache-control: no-cache

08:16:14.981 [AsyncHttpClient-1-2] DEBUG org.asynchttpclient.netty.channel.ChannelManager - Adding key: http://localhost:19123 for channel [id: 0xec73da85, L:/127.0.0.1:46384 - R:localhost/127.0.0.1:19123]
08:16:14.994 [AsyncHttpClient-1-2] DEBUG org.asynchttpclient.netty.handler.HttpHandler - Channel Closed: [id: 0xec73da85, L:/127.0.0.1:46384 ! R:localhost/127.0.0.1:19123] with attribute DISCARD
08:16:15.426 [AsyncHttpClient-1-5] DEBUG org.asynchttpclient.netty.channel.NettyConnectListener - Using new Channel '[id: 0x347c80d4, L:/127.0.0.1:42424 - R:localhost/127.0.0.1:11305]' for 'POST' to '/session'
08:16:15.654 [AsyncHttpClient-1-5] DEBUG org.asynchttpclient.netty.handler.HttpHandler - 

Request DefaultHttpRequest(decodeResult: success, version: HTTP/1.1)
POST /session HTTP/1.1
User-Agent: selenium/4.13.0 (java unix)
Content-Length: 424
Content-Type: application/json; charset=utf-8
host: localhost:11305
accept: */*

Response DefaultHttpResponse(decodeResult: success, version: HTTP/1.1)
HTTP/1.1 200 OK
Content-Length: 850
Content-Type: application/json; charset=utf-8
cache-control: no-cache

08:16:15.654 [AsyncHttpClient-1-5] DEBUG org.asynchttpclient.netty.channel.ChannelManager - Adding key: http://localhost:11305 for channel [id: 0x347c80d4, L:/127.0.0.1:42424 - R:localhost/127.0.0.1:11305]
08:16:15.662 [AsyncHttpClient-1-6] DEBUG org.asynchttpclient.netty.channel.NettyConnectListener - Using new Channel '[id: 0x1c10d4ed, L:/127.0.0.1:47094 - R:localhost/127.0.0.1:40197]' for 'GET' to '/json/version'
08:16:15.664 [AsyncHttpClient-1-6] DEBUG org.asynchttpclient.netty.handler.HttpHandler - 

Request DefaultFullHttpRequest(decodeResult: success, version: HTTP/1.1, content: EmptyByteBufBE)
GET /json/version HTTP/1.1
User-Agent: selenium/4.13.0 (java unix)
host: localhost:40197
accept: */*

Response DefaultHttpResponse(decodeResult: success, version: HTTP/1.1)
HTTP/1.1 200 OK
Content-Security-Policy: frame-ancestors 'none'
Content-Length: 414
Content-Type: application/json; charset=UTF-8

08:16:15.665 [AsyncHttpClient-1-6] DEBUG org.asynchttpclient.netty.channel.ChannelManager - Adding key: http://localhost:40197 for channel [id: 0x1c10d4ed, L:/127.0.0.1:47094 - R:localhost/127.0.0.1:40197]
08:16:15.667 [AsyncHttpClient-1-7] DEBUG org.asynchttpclient.netty.channel.NettyConnectListener - Using new Channel '[id: 0x462d03d5, L:/127.0.0.1:47098 - R:localhost/127.0.0.1:40197]' for 'GET' to '/devtools/browser/c550611a-6cc5-42c2-b9f9-5b98436a8011'
08:16:15.669 [AsyncHttpClient-1-7] DEBUG org.asynchttpclient.netty.handler.WebSocketHandler - 

Request DefaultFullHttpRequest(decodeResult: success, version: HTTP/1.1, content: EmptyByteBufBE)
GET /devtools/browser/c550611a-6cc5-42c2-b9f9-5b98436a8011 HTTP/1.1
upgrade: websocket
connection: upgrade
sec-websocket-key: ZRFJpnvddNElFBd1Ih3qiQ==
sec-websocket-version: 13
origin: http://localhost:40197
host: localhost:40197
accept: */*
user-agent: AHC/2.1

Response DefaultHttpResponse(decodeResult: success, version: HTTP/1.1)
HTTP/1.1 101 WebSocket Protocol Handshake
Upgrade: WebSocket
Connection: Upgrade
Sec-WebSocket-Accept: dB5E0RezT87kUMF5CSJs2CSv9Uw=

08:16:15.673 [Forwarding setTimeout on session 813f5da65d5eace5d1d1dace3217168a to remote] DEBUG org.asynchttpclient.netty.request.NettyRequestSender - Using pooled Channel '[id: 0x347c80d4, L:/127.0.0.1:42424 - R:localhost/127.0.0.1:11305]' for 'POST' to 'http://localhost:11305/session/813f5da65d5eace5d1d1dace3217168a/timeouts'
08:16:15.673 [Forwarding setTimeout on session 813f5da65d5eace5d1d1dace3217168a to remote] DEBUG org.asynchttpclient.netty.request.NettyRequestSender - Using open Channel [id: 0x347c80d4, L:/127.0.0.1:42424 - R:localhost/127.0.0.1:11305] for POST '/session/813f5da65d5eace5d1d1dace3217168a/timeouts'
08:16:15.674 [AsyncHttpClient-1-5] DEBUG org.asynchttpclient.netty.handler.HttpHandler - 

Request DefaultHttpRequest(decodeResult: success, version: HTTP/1.1)
POST /session/813f5da65d5eace5d1d1dace3217168a/timeouts HTTP/1.1
User-Agent: selenium/4.13.0 (java unix)
Content-Length: 23
Content-Type: application/json; charset=utf-8
host: localhost:11305
accept: */*

Response DefaultHttpResponse(decodeResult: success, version: HTTP/1.1)
HTTP/1.1 200 OK
Content-Length: 14
Content-Type: application/json; charset=utf-8
cache-control: no-cache

08:16:15.674 [AsyncHttpClient-1-5] DEBUG org.asynchttpclient.netty.channel.ChannelManager - Adding key: http://localhost:11305 for channel [id: 0x347c80d4, L:/127.0.0.1:42424 - R:localhost/127.0.0.1:11305]
08:16:15.680 [Forwarding get on session 813f5da65d5eace5d1d1dace3217168a to remote] DEBUG org.asynchttpclient.netty.request.NettyRequestSender - Using pooled Channel '[id: 0x347c80d4, L:/127.0.0.1:42424 - R:localhost/127.0.0.1:11305]' for 'POST' to 'http://localhost:11305/session/813f5da65d5eace5d1d1dace3217168a/url'
08:16:15.680 [Forwarding get on session 813f5da65d5eace5d1d1dace3217168a to remote] DEBUG org.asynchttpclient.netty.request.NettyRequestSender - Using open Channel [id: 0x347c80d4, L:/127.0.0.1:42424 - R:localhost/127.0.0.1:11305] for POST '/session/813f5da65d5eace5d1d1dace3217168a/url'
08:16:15.934 [AsyncHttpClient-1-1] DEBUG org.asynchttpclient.netty.channel.DefaultChannelPool - Entry count for : http://localhost:40197 : 1
08:16:15.934 [AsyncHttpClient-1-1] DEBUG org.asynchttpclient.netty.channel.DefaultChannelPool - Entry count for : http://localhost:19123 : 1
08:16:15.934 [AsyncHttpClient-1-1] DEBUG org.asynchttpclient.netty.channel.DefaultChannelPool - Entry count for : http://localhost:39963 : 1
08:16:15.934 [AsyncHttpClient-1-1] DEBUG org.asynchttpclient.netty.channel.DefaultChannelPool - Adding Candidate expired Channel [id: 0xec73da85, L:/127.0.0.1:46384 ! R:localhost/127.0.0.1:19123] isIdleTimeoutExpired=false isRemotelyClosed=true isTtlExpired=false
08:16:15.934 [AsyncHttpClient-1-1] DEBUG org.asynchttpclient.netty.channel.DefaultChannelPool - Closing Idle Channel [id: 0xec73da85, L:/127.0.0.1:46384 ! R:localhost/127.0.0.1:19123]
08:16:15.935 [AsyncHttpClient-1-1] DEBUG org.asynchttpclient.netty.channel.DefaultChannelPool - Adding Candidate expired Channel [id: 0x27f07431, L:/127.0.0.1:33210 ! R:localhost/127.0.0.1:39963] isIdleTimeoutExpired=false isRemotelyClosed=true isTtlExpired=false
08:16:15.935 [AsyncHttpClient-1-1] DEBUG org.asynchttpclient.netty.channel.DefaultChannelPool - Closing Idle Channel [id: 0x27f07431, L:/127.0.0.1:33210 ! R:localhost/127.0.0.1:39963]
08:16:15.935 [AsyncHttpClient-1-1] DEBUG org.asynchttpclient.netty.channel.DefaultChannelPool - Closed 2 connections out of 3 in 1 ms
08:16:16.134 [AsyncHttpClient-1-5] DEBUG org.asynchttpclient.netty.handler.HttpHandler - 

Request DefaultHttpRequest(decodeResult: success, version: HTTP/1.1)
POST /session/813f5da65d5eace5d1d1dace3217168a/url HTTP/1.1
User-Agent: selenium/4.13.0 (java unix)
Content-Length: 111
Content-Type: application/json; charset=utf-8
host: localhost:11305
accept: */*

Response DefaultHttpResponse(decodeResult: success, version: HTTP/1.1)
HTTP/1.1 200 OK
Content-Length: 14
Content-Type: application/json; charset=utf-8
cache-control: no-cache

08:16:16.134 [AsyncHttpClient-1-5] DEBUG org.asynchttpclient.netty.channel.ChannelManager - Adding key: http://localhost:11305 for channel [id: 0x347c80d4, L:/127.0.0.1:42424 - R:localhost/127.0.0.1:11305]
08:16:16.136 [Forwarding findElement on session 813f5da65d5eace5d1d1dace3217168a to remote] DEBUG org.asynchttpclient.netty.request.NettyRequestSender - Using pooled Channel '[id: 0x347c80d4, L:/127.0.0.1:42424 - R:localhost/127.0.0.1:11305]' for 'POST' to 'http://localhost:11305/session/813f5da65d5eace5d1d1dace3217168a/element'
08:16:16.136 [Forwarding findElement on session 813f5da65d5eace5d1d1dace3217168a to remote] DEBUG org.asynchttpclient.netty.request.NettyRequestSender - Using open Channel [id: 0x347c80d4, L:/127.0.0.1:42424 - R:localhost/127.0.0.1:11305] for POST '/session/813f5da65d5eace5d1d1dace3217168a/element'
08:16:16.304 [AsyncHttpClient-1-5] DEBUG org.asynchttpclient.netty.handler.HttpHandler - 

Request DefaultHttpRequest(decodeResult: success, version: HTTP/1.1)
POST /session/813f5da65d5eace5d1d1dace3217168a/element HTTP/1.1
User-Agent: selenium/4.13.0 (java unix)
Content-Length: 62
Content-Type: application/json; charset=utf-8
host: localhost:11305
accept: */*

Response DefaultHttpResponse(decodeResult: success, version: HTTP/1.1)
HTTP/1.1 200 OK
Content-Length: 125
Content-Type: application/json; charset=utf-8
cache-control: no-cache

08:16:16.304 [AsyncHttpClient-1-5] DEBUG org.asynchttpclient.netty.channel.ChannelManager - Adding key: http://localhost:11305 for channel [id: 0x347c80d4, L:/127.0.0.1:42424 - R:localhost/127.0.0.1:11305]
08:16:16.307 [Forwarding sendKeysToElement on session 813f5da65d5eace5d1d1dace3217168a to remote] DEBUG org.asynchttpclient.netty.request.NettyRequestSender - Using pooled Channel '[id: 0x347c80d4, L:/127.0.0.1:42424 - R:localhost/127.0.0.1:11305]' for 'POST' to 'http://localhost:11305/session/813f5da65d5eace5d1d1dace3217168a/element/f.CFCEA431F8933DFDCF0507BE383F5B07.d.7E03FCCB75B6A3C2E58A7621221BDF76.e.2/value'
08:16:16.307 [Forwarding sendKeysToElement on session 813f5da65d5eace5d1d1dace3217168a to remote] DEBUG org.asynchttpclient.netty.request.NettyRequestSender - Using open Channel [id: 0x347c80d4, L:/127.0.0.1:42424 - R:localhost/127.0.0.1:11305] for POST '/session/813f5da65d5eace5d1d1dace3217168a/element/f.CFCEA431F8933DFDCF0507BE383F5B07.d.7E03FCCB75B6A3C2E58A7621221BDF76.e.2/value'
08:16:16.365 [AsyncHttpClient-1-5] DEBUG org.asynchttpclient.netty.handler.HttpHandler - 

Request DefaultHttpRequest(decodeResult: success, version: HTTP/1.1)
POST /session/813f5da65d5eace5d1d1dace3217168a/element/f.CFCEA431F8933DFDCF0507BE383F5B07.d.7E03FCCB75B6A3C2E58A7621221BDF76.e.2/value HTTP/1.1
User-Agent: selenium/4.13.0 (java unix)
Content-Length: 168
Content-Type: application/json; charset=utf-8
host: localhost:11305
accept: */*

Response DefaultHttpResponse(decodeResult: success, version: HTTP/1.1)
HTTP/1.1 200 OK
Content-Length: 14
Content-Type: application/json; charset=utf-8
cache-control: no-cache

08:16:16.366 [AsyncHttpClient-1-5] DEBUG org.asynchttpclient.netty.channel.ChannelManager - Adding key: http://localhost:11305 for channel [id: 0x347c80d4, L:/127.0.0.1:42424 - R:localhost/127.0.0.1:11305]
08:16:16.367 [Forwarding findElement on session 813f5da65d5eace5d1d1dace3217168a to remote] DEBUG org.asynchttpclient.netty.request.NettyRequestSender - Using pooled Channel '[id: 0x347c80d4, L:/127.0.0.1:42424 - R:localhost/127.0.0.1:11305]' for 'POST' to 'http://localhost:11305/session/813f5da65d5eace5d1d1dace3217168a/element'
08:16:16.367 [Forwarding findElement on session 813f5da65d5eace5d1d1dace3217168a to remote] DEBUG org.asynchttpclient.netty.request.NettyRequestSender - Using open Channel [id: 0x347c80d4, L:/127.0.0.1:42424 - R:localhost/127.0.0.1:11305] for POST '/session/813f5da65d5eace5d1d1dace3217168a/element'
08:16:16.377 [AsyncHttpClient-1-5] DEBUG org.asynchttpclient.netty.handler.HttpHandler - 

Request DefaultHttpRequest(decodeResult: success, version: HTTP/1.1)
POST /session/813f5da65d5eace5d1d1dace3217168a/element HTTP/1.1
User-Agent: selenium/4.13.0 (java unix)
Content-Length: 62
Content-Type: application/json; charset=utf-8
host: localhost:11305
accept: */*

Response DefaultHttpResponse(decodeResult: success, version: HTTP/1.1)
HTTP/1.1 200 OK
Content-Length: 125
Content-Type: application/json; charset=utf-8
cache-control: no-cache

08:16:16.378 [AsyncHttpClient-1-5] DEBUG org.asynchttpclient.netty.channel.ChannelManager - Adding key: http://localhost:11305 for channel [id: 0x347c80d4, L:/127.0.0.1:42424 - R:localhost/127.0.0.1:11305]
08:16:16.379 [Forwarding sendKeysToElement on session 813f5da65d5eace5d1d1dace3217168a to remote] DEBUG org.asynchttpclient.netty.request.NettyRequestSender - Using pooled Channel '[id: 0x347c80d4, L:/127.0.0.1:42424 - R:localhost/127.0.0.1:11305]' for 'POST' to 'http://localhost:11305/session/813f5da65d5eace5d1d1dace3217168a/element/f.CFCEA431F8933DFDCF0507BE383F5B07.d.7E03FCCB75B6A3C2E58A7621221BDF76.e.4/value'
08:16:16.379 [Forwarding sendKeysToElement on session 813f5da65d5eace5d1d1dace3217168a to remote] DEBUG org.asynchttpclient.netty.request.NettyRequestSender - Using open Channel [id: 0x347c80d4, L:/127.0.0.1:42424 - R:localhost/127.0.0.1:11305] for POST '/session/813f5da65d5eace5d1d1dace3217168a/element/f.CFCEA431F8933DFDCF0507BE383F5B07.d.7E03FCCB75B6A3C2E58A7621221BDF76.e.4/value'
08:16:16.422 [AsyncHttpClient-1-5] DEBUG org.asynchttpclient.netty.handler.HttpHandler - 

Request DefaultHttpRequest(decodeResult: success, version: HTTP/1.1)
POST /session/813f5da65d5eace5d1d1dace3217168a/element/f.CFCEA431F8933DFDCF0507BE383F5B07.d.7E03FCCB75B6A3C2E58A7621221BDF76.e.4/value HTTP/1.1
User-Agent: selenium/4.13.0 (java unix)
Content-Length: 198
Content-Type: application/json; charset=utf-8
host: localhost:11305
accept: */*

Response DefaultHttpResponse(decodeResult: success, version: HTTP/1.1)
HTTP/1.1 200 OK
Content-Length: 14
Content-Type: application/json; charset=utf-8
cache-control: no-cache

08:16:16.422 [AsyncHttpClient-1-5] DEBUG org.asynchttpclient.netty.channel.ChannelManager - Adding key: http://localhost:11305 for channel [id: 0x347c80d4, L:/127.0.0.1:42424 - R:localhost/127.0.0.1:11305]
08:16:16.424 [Forwarding findElement on session 813f5da65d5eace5d1d1dace3217168a to remote] DEBUG org.asynchttpclient.netty.request.NettyRequestSender - Using pooled Channel '[id: 0x347c80d4, L:/127.0.0.1:42424 - R:localhost/127.0.0.1:11305]' for 'POST' to 'http://localhost:11305/session/813f5da65d5eace5d1d1dace3217168a/element'
08:16:16.424 [Forwarding findElement on session 813f5da65d5eace5d1d1dace3217168a to remote] DEBUG org.asynchttpclient.netty.request.NettyRequestSender - Using open Channel [id: 0x347c80d4, L:/127.0.0.1:42424 - R:localhost/127.0.0.1:11305] for POST '/session/813f5da65d5eace5d1d1dace3217168a/element'
08:16:16.433 [AsyncHttpClient-1-5] DEBUG org.asynchttpclient.netty.handler.HttpHandler - 

Request DefaultHttpRequest(decodeResult: success, version: HTTP/1.1)
POST /session/813f5da65d5eace5d1d1dace3217168a/element HTTP/1.1
User-Agent: selenium/4.13.0 (java unix)
Content-Length: 71
Content-Type: application/json; charset=utf-8
host: localhost:11305
accept: */*

Response DefaultHttpResponse(decodeResult: success, version: HTTP/1.1)
HTTP/1.1 200 OK
Content-Length: 126
Content-Type: application/json; charset=utf-8
cache-control: no-cache

08:16:16.433 [AsyncHttpClient-1-5] DEBUG org.asynchttpclient.netty.channel.ChannelManager - Adding key: http://localhost:11305 for channel [id: 0x347c80d4, L:/127.0.0.1:42424 - R:localhost/127.0.0.1:11305]
08:16:16.434 [Forwarding clickElement on session 813f5da65d5eace5d1d1dace3217168a to remote] DEBUG org.asynchttpclient.netty.request.NettyRequestSender - Using pooled Channel '[id: 0x347c80d4, L:/127.0.0.1:42424 - R:localhost/127.0.0.1:11305]' for 'POST' to 'http://localhost:11305/session/813f5da65d5eace5d1d1dace3217168a/element/f.CFCEA431F8933DFDCF0507BE383F5B07.d.7E03FCCB75B6A3C2E58A7621221BDF76.e.21/click'
08:16:16.434 [Forwarding clickElement on session 813f5da65d5eace5d1d1dace3217168a to remote] DEBUG org.asynchttpclient.netty.request.NettyRequestSender - Using open Channel [id: 0x347c80d4, L:/127.0.0.1:42424 - R:localhost/127.0.0.1:11305] for POST '/session/813f5da65d5eace5d1d1dace3217168a/element/f.CFCEA431F8933DFDCF0507BE383F5B07.d.7E03FCCB75B6A3C2E58A7621221BDF76.e.21/click'
08:16:17.033 [AsyncHttpClient-1-1] DEBUG org.asynchttpclient.netty.channel.DefaultChannelPool - Entry count for : http://localhost:40197 : 1
08:16:17.173 [AsyncHttpClient-1-5] DEBUG org.asynchttpclient.netty.handler.HttpHandler - 

Request DefaultHttpRequest(decodeResult: success, version: HTTP/1.1)
POST /session/813f5da65d5eace5d1d1dace3217168a/element/f.CFCEA431F8933DFDCF0507BE383F5B07.d.7E03FCCB75B6A3C2E58A7621221BDF76.e.21/click HTTP/1.1
User-Agent: selenium/4.13.0 (java unix)
Content-Length: 88
Content-Type: application/json; charset=utf-8
host: localhost:11305
accept: */*

Response DefaultHttpResponse(decodeResult: success, version: HTTP/1.1)
HTTP/1.1 200 OK
Content-Length: 14
Content-Type: application/json; charset=utf-8
cache-control: no-cache

08:16:17.173 [AsyncHttpClient-1-5] DEBUG org.asynchttpclient.netty.channel.ChannelManager - Adding key: http://localhost:11305 for channel [id: 0x347c80d4, L:/127.0.0.1:42424 - R:localhost/127.0.0.1:11305]
08:16:17.175 [Forwarding findElement on session 813f5da65d5eace5d1d1dace3217168a to remote] DEBUG org.asynchttpclient.netty.request.NettyRequestSender - Using pooled Channel '[id: 0x347c80d4, L:/127.0.0.1:42424 - R:localhost/127.0.0.1:11305]' for 'POST' to 'http://localhost:11305/session/813f5da65d5eace5d1d1dace3217168a/element'
08:16:17.175 [Forwarding findElement on session 813f5da65d5eace5d1d1dace3217168a to remote] DEBUG org.asynchttpclient.netty.request.NettyRequestSender - Using open Channel [id: 0x347c80d4, L:/127.0.0.1:42424 - R:localhost/127.0.0.1:11305] for POST '/session/813f5da65d5eace5d1d1dace3217168a/element'
08:16:17.330 [AsyncHttpClient-1-5] DEBUG org.asynchttpclient.netty.handler.HttpHandler - 

Request DefaultHttpRequest(decodeResult: success, version: HTTP/1.1)
POST /session/813f5da65d5eace5d1d1dace3217168a/element HTTP/1.1
User-Agent: selenium/4.13.0 (java unix)
Content-Length: 67
Content-Type: application/json; charset=utf-8
host: localhost:11305
accept: */*

Response DefaultHttpResponse(decodeResult: success, version: HTTP/1.1)
HTTP/1.1 200 OK
Content-Length: 126
Content-Type: application/json; charset=utf-8
cache-control: no-cache

08:16:17.331 [AsyncHttpClient-1-5] DEBUG org.asynchttpclient.netty.channel.ChannelManager - Adding key: http://localhost:11305 for channel [id: 0x347c80d4, L:/127.0.0.1:42424 - R:localhost/127.0.0.1:11305]
08:16:17.333 [Forwarding clickElement on session 813f5da65d5eace5d1d1dace3217168a to remote] DEBUG org.asynchttpclient.netty.request.NettyRequestSender - Using pooled Channel '[id: 0x347c80d4, L:/127.0.0.1:42424 - R:localhost/127.0.0.1:11305]' for 'POST' to 'http://localhost:11305/session/813f5da65d5eace5d1d1dace3217168a/element/f.CFCEA431F8933DFDCF0507BE383F5B07.d.ADDDD6591BF7750FC4497C609EA10959.e.24/click'
08:16:17.333 [Forwarding clickElement on session 813f5da65d5eace5d1d1dace3217168a to remote] DEBUG org.asynchttpclient.netty.request.NettyRequestSender - Using open Channel [id: 0x347c80d4, L:/127.0.0.1:42424 - R:localhost/127.0.0.1:11305] for POST '/session/813f5da65d5eace5d1d1dace3217168a/element/f.CFCEA431F8933DFDCF0507BE383F5B07.d.ADDDD6591BF7750FC4497C609EA10959.e.24/click'
08:16:17.901 [AsyncHttpClient-1-5] DEBUG org.asynchttpclient.netty.handler.HttpHandler - 

Request DefaultHttpRequest(decodeResult: success, version: HTTP/1.1)
POST /session/813f5da65d5eace5d1d1dace3217168a/element/f.CFCEA431F8933DFDCF0507BE383F5B07.d.ADDDD6591BF7750FC4497C609EA10959.e.24/click HTTP/1.1
User-Agent: selenium/4.13.0 (java unix)
Content-Length: 88
Content-Type: application/json; charset=utf-8
host: localhost:11305
accept: */*

Response DefaultHttpResponse(decodeResult: success, version: HTTP/1.1)
HTTP/1.1 200 OK
Content-Length: 14
Content-Type: application/json; charset=utf-8
cache-control: no-cache

08:16:17.902 [AsyncHttpClient-1-5] DEBUG org.asynchttpclient.netty.channel.ChannelManager - Adding key: http://localhost:11305 for channel [id: 0x347c80d4, L:/127.0.0.1:42424 - R:localhost/127.0.0.1:11305]
08:16:17.903 [Forwarding findElement on session 813f5da65d5eace5d1d1dace3217168a to remote] DEBUG org.asynchttpclient.netty.request.NettyRequestSender - Using pooled Channel '[id: 0x347c80d4, L:/127.0.0.1:42424 - R:localhost/127.0.0.1:11305]' for 'POST' to 'http://localhost:11305/session/813f5da65d5eace5d1d1dace3217168a/element'
08:16:17.903 [Forwarding findElement on session 813f5da65d5eace5d1d1dace3217168a to remote] DEBUG org.asynchttpclient.netty.request.NettyRequestSender - Using open Channel [id: 0x347c80d4, L:/127.0.0.1:42424 - R:localhost/127.0.0.1:11305] for POST '/session/813f5da65d5eace5d1d1dace3217168a/element'
08:16:18.062 [AsyncHttpClient-1-5] DEBUG org.asynchttpclient.netty.handler.HttpHandler - 

Request DefaultHttpRequest(decodeResult: success, version: HTTP/1.1)
POST /session/813f5da65d5eace5d1d1dace3217168a/element HTTP/1.1
User-Agent: selenium/4.13.0 (java unix)
Content-Length: 93
Content-Type: application/json; charset=utf-8
host: localhost:11305
accept: */*

Response DefaultHttpResponse(decodeResult: success, version: HTTP/1.1)
HTTP/1.1 200 OK
Content-Length: 126
Content-Type: application/json; charset=utf-8
cache-control: no-cache

08:16:18.062 [AsyncHttpClient-1-5] DEBUG org.asynchttpclient.netty.channel.ChannelManager - Adding key: http://localhost:11305 for channel [id: 0x347c80d4, L:/127.0.0.1:42424 - R:localhost/127.0.0.1:11305]
08:16:18.065 [Forwarding isElementDisplayed on session 813f5da65d5eace5d1d1dace3217168a to remote] DEBUG org.asynchttpclient.netty.request.NettyRequestSender - Using pooled Channel '[id: 0x347c80d4, L:/127.0.0.1:42424 - R:localhost/127.0.0.1:11305]' for 'POST' to 'http://localhost:11305/session/813f5da65d5eace5d1d1dace3217168a/execute/sync'
08:16:18.065 [Forwarding isElementDisplayed on session 813f5da65d5eace5d1d1dace3217168a to remote] DEBUG org.asynchttpclient.netty.request.NettyRequestSender - Using open Channel [id: 0x347c80d4, L:/127.0.0.1:42424 - R:localhost/127.0.0.1:11305] for POST '/session/813f5da65d5eace5d1d1dace3217168a/execute/sync'
08:16:18.094 [AsyncHttpClient-1-5] DEBUG org.asynchttpclient.netty.handler.HttpHandler - 

Request DefaultHttpRequest(decodeResult: success, version: HTTP/1.1)
POST /session/813f5da65d5eace5d1d1dace3217168a/execute/sync HTTP/1.1
User-Agent: selenium/4.13.0 (java unix)
Content-Length: 48845
Content-Type: application/json; charset=utf-8
host: localhost:11305
accept: */*

Response DefaultHttpResponse(decodeResult: success, version: HTTP/1.1)
HTTP/1.1 200 OK
Content-Length: 14
Content-Type: application/json; charset=utf-8
cache-control: no-cache

08:16:18.094 [AsyncHttpClient-1-5] DEBUG org.asynchttpclient.netty.channel.ChannelManager - Adding key: http://localhost:11305 for channel [id: 0x347c80d4, L:/127.0.0.1:42424 - R:localhost/127.0.0.1:11305]
08:16:18.096 [Forwarding findElement on session 813f5da65d5eace5d1d1dace3217168a to remote] DEBUG org.asynchttpclient.netty.request.NettyRequestSender - Using pooled Channel '[id: 0x347c80d4, L:/127.0.0.1:42424 - R:localhost/127.0.0.1:11305]' for 'POST' to 'http://localhost:11305/session/813f5da65d5eace5d1d1dace3217168a/element'
08:16:18.096 [Forwarding findElement on session 813f5da65d5eace5d1d1dace3217168a to remote] DEBUG org.asynchttpclient.netty.request.NettyRequestSender - Using open Channel [id: 0x347c80d4, L:/127.0.0.1:42424 - R:localhost/127.0.0.1:11305] for POST '/session/813f5da65d5eace5d1d1dace3217168a/element'
08:16:18.104 [AsyncHttpClient-1-5] DEBUG org.asynchttpclient.netty.handler.HttpHandler - 

Request DefaultHttpRequest(decodeResult: success, version: HTTP/1.1)
POST /session/813f5da65d5eace5d1d1dace3217168a/element HTTP/1.1
User-Agent: selenium/4.13.0 (java unix)
Content-Length: 82
Content-Type: application/json; charset=utf-8
host: localhost:11305
accept: */*

Response DefaultHttpResponse(decodeResult: success, version: HTTP/1.1)
HTTP/1.1 200 OK
Content-Length: 126
Content-Type: application/json; charset=utf-8
cache-control: no-cache

08:16:18.104 [AsyncHttpClient-1-5] DEBUG org.asynchttpclient.netty.channel.ChannelManager - Adding key: http://localhost:11305 for channel [id: 0x347c80d4, L:/127.0.0.1:42424 - R:localhost/127.0.0.1:11305]
08:16:18.106 [Forwarding isElementDisplayed on session 813f5da65d5eace5d1d1dace3217168a to remote] DEBUG org.asynchttpclient.netty.request.NettyRequestSender - Using pooled Channel '[id: 0x347c80d4, L:/127.0.0.1:42424 - R:localhost/127.0.0.1:11305]' for 'POST' to 'http://localhost:11305/session/813f5da65d5eace5d1d1dace3217168a/execute/sync'
08:16:18.106 [Forwarding isElementDisplayed on session 813f5da65d5eace5d1d1dace3217168a to remote] DEBUG org.asynchttpclient.netty.request.NettyRequestSender - Using open Channel [id: 0x347c80d4, L:/127.0.0.1:42424 - R:localhost/127.0.0.1:11305] for POST '/session/813f5da65d5eace5d1d1dace3217168a/execute/sync'
08:16:18.116 [AsyncHttpClient-1-5] DEBUG org.asynchttpclient.netty.handler.HttpHandler - 

Request DefaultHttpRequest(decodeResult: success, version: HTTP/1.1)
POST /session/813f5da65d5eace5d1d1dace3217168a/execute/sync HTTP/1.1
User-Agent: selenium/4.13.0 (java unix)
Content-Length: 48845
Content-Type: application/json; charset=utf-8
host: localhost:11305
accept: */*

Response DefaultHttpResponse(decodeResult: success, version: HTTP/1.1)
HTTP/1.1 200 OK
Content-Length: 14
Content-Type: application/json; charset=utf-8
cache-control: no-cache

08:16:18.116 [AsyncHttpClient-1-5] DEBUG org.asynchttpclient.netty.channel.ChannelManager - Adding key: http://localhost:11305 for channel [id: 0x347c80d4, L:/127.0.0.1:42424 - R:localhost/127.0.0.1:11305]
08:16:18.118 [Forwarding findElement on session 813f5da65d5eace5d1d1dace3217168a to remote] DEBUG org.asynchttpclient.netty.request.NettyRequestSender - Using pooled Channel '[id: 0x347c80d4, L:/127.0.0.1:42424 - R:localhost/127.0.0.1:11305]' for 'POST' to 'http://localhost:11305/session/813f5da65d5eace5d1d1dace3217168a/element'
08:16:18.118 [Forwarding findElement on session 813f5da65d5eace5d1d1dace3217168a to remote] DEBUG org.asynchttpclient.netty.request.NettyRequestSender - Using open Channel [id: 0x347c80d4, L:/127.0.0.1:42424 - R:localhost/127.0.0.1:11305] for POST '/session/813f5da65d5eace5d1d1dace3217168a/element'
08:16:18.127 [AsyncHttpClient-1-5] DEBUG org.asynchttpclient.netty.handler.HttpHandler - 

Request DefaultHttpRequest(decodeResult: success, version: HTTP/1.1)
POST /session/813f5da65d5eace5d1d1dace3217168a/element HTTP/1.1
User-Agent: selenium/4.13.0 (java unix)
Content-Length: 83
Content-Type: application/json; charset=utf-8
host: localhost:11305
accept: */*

Response DefaultHttpResponse(decodeResult: success, version: HTTP/1.1)
HTTP/1.1 200 OK
Content-Length: 126
Content-Type: application/json; charset=utf-8
cache-control: no-cache

08:16:18.127 [AsyncHttpClient-1-5] DEBUG org.asynchttpclient.netty.channel.ChannelManager - Adding key: http://localhost:11305 for channel [id: 0x347c80d4, L:/127.0.0.1:42424 - R:localhost/127.0.0.1:11305]
08:16:18.129 [Forwarding isElementDisplayed on session 813f5da65d5eace5d1d1dace3217168a to remote] DEBUG org.asynchttpclient.netty.request.NettyRequestSender - Using pooled Channel '[id: 0x347c80d4, L:/127.0.0.1:42424 - R:localhost/127.0.0.1:11305]' for 'POST' to 'http://localhost:11305/session/813f5da65d5eace5d1d1dace3217168a/execute/sync'
08:16:18.129 [Forwarding isElementDisplayed on session 813f5da65d5eace5d1d1dace3217168a to remote] DEBUG org.asynchttpclient.netty.request.NettyRequestSender - Using open Channel [id: 0x347c80d4, L:/127.0.0.1:42424 - R:localhost/127.0.0.1:11305] for POST '/session/813f5da65d5eace5d1d1dace3217168a/execute/sync'
08:16:18.133 [AsyncHttpClient-1-1] DEBUG org.asynchttpclient.netty.channel.DefaultChannelPool - Entry count for : http://localhost:40197 : 1
08:16:18.136 [AsyncHttpClient-1-5] DEBUG org.asynchttpclient.netty.handler.HttpHandler - 

Request DefaultHttpRequest(decodeResult: success, version: HTTP/1.1)
POST /session/813f5da65d5eace5d1d1dace3217168a/execute/sync HTTP/1.1
User-Agent: selenium/4.13.0 (java unix)
Content-Length: 48845
Content-Type: application/json; charset=utf-8
host: localhost:11305
accept: */*

Response DefaultHttpResponse(decodeResult: success, version: HTTP/1.1)
HTTP/1.1 200 OK
Content-Length: 14
Content-Type: application/json; charset=utf-8
cache-control: no-cache

08:16:18.136 [AsyncHttpClient-1-5] DEBUG org.asynchttpclient.netty.channel.ChannelManager - Adding key: http://localhost:11305 for channel [id: 0x347c80d4, L:/127.0.0.1:42424 - R:localhost/127.0.0.1:11305]
08:16:18.137 [Forwarding findElement on session 813f5da65d5eace5d1d1dace3217168a to remote] DEBUG org.asynchttpclient.netty.request.NettyRequestSender - Using pooled Channel '[id: 0x347c80d4, L:/127.0.0.1:42424 - R:localhost/127.0.0.1:11305]' for 'POST' to 'http://localhost:11305/session/813f5da65d5eace5d1d1dace3217168a/element'
08:16:18.137 [Forwarding findElement on session 813f5da65d5eace5d1d1dace3217168a to remote] DEBUG org.asynchttpclient.netty.request.NettyRequestSender - Using open Channel [id: 0x347c80d4, L:/127.0.0.1:42424 - R:localhost/127.0.0.1:11305] for POST '/session/813f5da65d5eace5d1d1dace3217168a/element'
08:16:18.147 [AsyncHttpClient-1-5] DEBUG org.asynchttpclient.netty.handler.HttpHandler - 

Request DefaultHttpRequest(decodeResult: success, version: HTTP/1.1)
POST /session/813f5da65d5eace5d1d1dace3217168a/element HTTP/1.1
User-Agent: selenium/4.13.0 (java unix)
Content-Length: 73
Content-Type: application/json; charset=utf-8
host: localhost:11305
accept: */*

Response DefaultHttpResponse(decodeResult: success, version: HTTP/1.1)
HTTP/1.1 200 OK
Content-Length: 126
Content-Type: application/json; charset=utf-8
cache-control: no-cache

08:16:18.147 [AsyncHttpClient-1-5] DEBUG org.asynchttpclient.netty.channel.ChannelManager - Adding key: http://localhost:11305 for channel [id: 0x347c80d4, L:/127.0.0.1:42424 - R:localhost/127.0.0.1:11305]
08:16:18.149 [Forwarding clickElement on session 813f5da65d5eace5d1d1dace3217168a to remote] DEBUG org.asynchttpclient.netty.request.NettyRequestSender - Using pooled Channel '[id: 0x347c80d4, L:/127.0.0.1:42424 - R:localhost/127.0.0.1:11305]' for 'POST' to 'http://localhost:11305/session/813f5da65d5eace5d1d1dace3217168a/element/f.CFCEA431F8933DFDCF0507BE383F5B07.d.14370B8DEFFF3BA0624F338823BA510C.e.47/click'
08:16:18.149 [Forwarding clickElement on session 813f5da65d5eace5d1d1dace3217168a to remote] DEBUG org.asynchttpclient.netty.request.NettyRequestSender - Using open Channel [id: 0x347c80d4, L:/127.0.0.1:42424 - R:localhost/127.0.0.1:11305] for POST '/session/813f5da65d5eace5d1d1dace3217168a/element/f.CFCEA431F8933DFDCF0507BE383F5B07.d.14370B8DEFFF3BA0624F338823BA510C.e.47/click'
08:16:18.405 [AsyncHttpClient-1-5] DEBUG org.asynchttpclient.netty.handler.HttpHandler - 

Request DefaultHttpRequest(decodeResult: success, version: HTTP/1.1)
POST /session/813f5da65d5eace5d1d1dace3217168a/element/f.CFCEA431F8933DFDCF0507BE383F5B07.d.14370B8DEFFF3BA0624F338823BA510C.e.47/click HTTP/1.1
User-Agent: selenium/4.13.0 (java unix)
Content-Length: 88
Content-Type: application/json; charset=utf-8
host: localhost:11305
accept: */*

Response DefaultHttpResponse(decodeResult: success, version: HTTP/1.1)
HTTP/1.1 200 OK
Content-Length: 14
Content-Type: application/json; charset=utf-8
cache-control: no-cache

08:16:18.406 [AsyncHttpClient-1-5] DEBUG org.asynchttpclient.netty.channel.ChannelManager - Adding key: http://localhost:11305 for channel [id: 0x347c80d4, L:/127.0.0.1:42424 - R:localhost/127.0.0.1:11305]
08:16:18.408 [Forwarding findElement on session 813f5da65d5eace5d1d1dace3217168a to remote] DEBUG org.asynchttpclient.netty.request.NettyRequestSender - Using pooled Channel '[id: 0x347c80d4, L:/127.0.0.1:42424 - R:localhost/127.0.0.1:11305]' for 'POST' to 'http://localhost:11305/session/813f5da65d5eace5d1d1dace3217168a/element'
08:16:18.408 [Forwarding findElement on session 813f5da65d5eace5d1d1dace3217168a to remote] DEBUG org.asynchttpclient.netty.request.NettyRequestSender - Using open Channel [id: 0x347c80d4, L:/127.0.0.1:42424 - R:localhost/127.0.0.1:11305] for POST '/session/813f5da65d5eace5d1d1dace3217168a/element'
08:16:18.551 [AsyncHttpClient-1-5] DEBUG org.asynchttpclient.netty.handler.HttpHandler - 

Request DefaultHttpRequest(decodeResult: success, version: HTTP/1.1)
POST /session/813f5da65d5eace5d1d1dace3217168a/element HTTP/1.1
User-Agent: selenium/4.13.0 (java unix)
Content-Length: 81
Content-Type: application/json; charset=utf-8
host: localhost:11305
accept: */*

Response DefaultHttpResponse(decodeResult: success, version: HTTP/1.1)
HTTP/1.1 200 OK
Content-Length: 126
Content-Type: application/json; charset=utf-8
cache-control: no-cache

08:16:18.551 [AsyncHttpClient-1-5] DEBUG org.asynchttpclient.netty.channel.ChannelManager - Adding key: http://localhost:11305 for channel [id: 0x347c80d4, L:/127.0.0.1:42424 - R:localhost/127.0.0.1:11305]
08:16:18.553 [Forwarding sendKeysToElement on session 813f5da65d5eace5d1d1dace3217168a to remote] DEBUG org.asynchttpclient.netty.request.NettyRequestSender - Using pooled Channel '[id: 0x347c80d4, L:/127.0.0.1:42424 - R:localhost/127.0.0.1:11305]' for 'POST' to 'http://localhost:11305/session/813f5da65d5eace5d1d1dace3217168a/element/f.CFCEA431F8933DFDCF0507BE383F5B07.d.91F25A0E5396EB2874F5D225929E7EEF.e.71/value'
08:16:18.553 [Forwarding sendKeysToElement on session 813f5da65d5eace5d1d1dace3217168a to remote] DEBUG org.asynchttpclient.netty.request.NettyRequestSender - Using open Channel [id: 0x347c80d4, L:/127.0.0.1:42424 - R:localhost/127.0.0.1:11305] for POST '/session/813f5da65d5eace5d1d1dace3217168a/element/f.CFCEA431F8933DFDCF0507BE383F5B07.d.91F25A0E5396EB2874F5D225929E7EEF.e.71/value'
08:16:18.588 [AsyncHttpClient-1-5] DEBUG org.asynchttpclient.netty.handler.HttpHandler - 

Request DefaultHttpRequest(decodeResult: success, version: HTTP/1.1)
POST /session/813f5da65d5eace5d1d1dace3217168a/element/f.CFCEA431F8933DFDCF0507BE383F5B07.d.91F25A0E5396EB2874F5D225929E7EEF.e.71/value HTTP/1.1
User-Agent: selenium/4.13.0 (java unix)
Content-Length: 169
Content-Type: application/json; charset=utf-8
host: localhost:11305
accept: */*

Response DefaultHttpResponse(decodeResult: success, version: HTTP/1.1)
HTTP/1.1 200 OK
Content-Length: 14
Content-Type: application/json; charset=utf-8
cache-control: no-cache

08:16:18.589 [AsyncHttpClient-1-5] DEBUG org.asynchttpclient.netty.channel.ChannelManager - Adding key: http://localhost:11305 for channel [id: 0x347c80d4, L:/127.0.0.1:42424 - R:localhost/127.0.0.1:11305]
08:16:18.590 [Forwarding findElement on session 813f5da65d5eace5d1d1dace3217168a to remote] DEBUG org.asynchttpclient.netty.request.NettyRequestSender - Using pooled Channel '[id: 0x347c80d4, L:/127.0.0.1:42424 - R:localhost/127.0.0.1:11305]' for 'POST' to 'http://localhost:11305/session/813f5da65d5eace5d1d1dace3217168a/element'
08:16:18.590 [Forwarding findElement on session 813f5da65d5eace5d1d1dace3217168a to remote] DEBUG org.asynchttpclient.netty.request.NettyRequestSender - Using open Channel [id: 0x347c80d4, L:/127.0.0.1:42424 - R:localhost/127.0.0.1:11305] for POST '/session/813f5da65d5eace5d1d1dace3217168a/element'
08:16:18.603 [AsyncHttpClient-1-5] DEBUG org.asynchttpclient.netty.handler.HttpHandler - 

Request DefaultHttpRequest(decodeResult: success, version: HTTP/1.1)
POST /session/813f5da65d5eace5d1d1dace3217168a/element HTTP/1.1
User-Agent: selenium/4.13.0 (java unix)
Content-Length: 80
Content-Type: application/json; charset=utf-8
host: localhost:11305
accept: */*

Response DefaultHttpResponse(decodeResult: success, version: HTTP/1.1)
HTTP/1.1 200 OK
Content-Length: 126
Content-Type: application/json; charset=utf-8
cache-control: no-cache

08:16:18.603 [AsyncHttpClient-1-5] DEBUG org.asynchttpclient.netty.channel.ChannelManager - Adding key: http://localhost:11305 for channel [id: 0x347c80d4, L:/127.0.0.1:42424 - R:localhost/127.0.0.1:11305]
08:16:18.605 [Forwarding sendKeysToElement on session 813f5da65d5eace5d1d1dace3217168a to remote] DEBUG org.asynchttpclient.netty.request.NettyRequestSender - Using pooled Channel '[id: 0x347c80d4, L:/127.0.0.1:42424 - R:localhost/127.0.0.1:11305]' for 'POST' to 'http://localhost:11305/session/813f5da65d5eace5d1d1dace3217168a/element/f.CFCEA431F8933DFDCF0507BE383F5B07.d.91F25A0E5396EB2874F5D225929E7EEF.e.77/value'
08:16:18.605 [Forwarding sendKeysToElement on session 813f5da65d5eace5d1d1dace3217168a to remote] DEBUG org.asynchttpclient.netty.request.NettyRequestSender - Using open Channel [id: 0x347c80d4, L:/127.0.0.1:42424 - R:localhost/127.0.0.1:11305] for POST '/session/813f5da65d5eace5d1d1dace3217168a/element/f.CFCEA431F8933DFDCF0507BE383F5B07.d.91F25A0E5396EB2874F5D225929E7EEF.e.77/value'
08:16:18.642 [AsyncHttpClient-1-5] DEBUG org.asynchttpclient.netty.handler.HttpHandler - 

Request DefaultHttpRequest(decodeResult: success, version: HTTP/1.1)
POST /session/813f5da65d5eace5d1d1dace3217168a/element/f.CFCEA431F8933DFDCF0507BE383F5B07.d.91F25A0E5396EB2874F5D225929E7EEF.e.77/value HTTP/1.1
User-Agent: selenium/4.13.0 (java unix)
Content-Length: 159
Content-Type: application/json; charset=utf-8
host: localhost:11305
accept: */*

Response DefaultHttpResponse(decodeResult: success, version: HTTP/1.1)
HTTP/1.1 200 OK
Content-Length: 14
Content-Type: application/json; charset=utf-8
cache-control: no-cache

08:16:18.642 [AsyncHttpClient-1-5] DEBUG org.asynchttpclient.netty.channel.ChannelManager - Adding key: http://localhost:11305 for channel [id: 0x347c80d4, L:/127.0.0.1:42424 - R:localhost/127.0.0.1:11305]
08:16:18.644 [Forwarding findElement on session 813f5da65d5eace5d1d1dace3217168a to remote] DEBUG org.asynchttpclient.netty.request.NettyRequestSender - Using pooled Channel '[id: 0x347c80d4, L:/127.0.0.1:42424 - R:localhost/127.0.0.1:11305]' for 'POST' to 'http://localhost:11305/session/813f5da65d5eace5d1d1dace3217168a/element'
08:16:18.644 [Forwarding findElement on session 813f5da65d5eace5d1d1dace3217168a to remote] DEBUG org.asynchttpclient.netty.request.NettyRequestSender - Using open Channel [id: 0x347c80d4, L:/127.0.0.1:42424 - R:localhost/127.0.0.1:11305] for POST '/session/813f5da65d5eace5d1d1dace3217168a/element'
08:16:18.652 [AsyncHttpClient-1-5] DEBUG org.asynchttpclient.netty.handler.HttpHandler - 

Request DefaultHttpRequest(decodeResult: success, version: HTTP/1.1)
POST /session/813f5da65d5eace5d1d1dace3217168a/element HTTP/1.1
User-Agent: selenium/4.13.0 (java unix)
Content-Length: 81
Content-Type: application/json; charset=utf-8
host: localhost:11305
accept: */*

Response DefaultHttpResponse(decodeResult: success, version: HTTP/1.1)
HTTP/1.1 200 OK
Content-Length: 126
Content-Type: application/json; charset=utf-8
cache-control: no-cache

08:16:18.653 [AsyncHttpClient-1-5] DEBUG org.asynchttpclient.netty.channel.ChannelManager - Adding key: http://localhost:11305 for channel [id: 0x347c80d4, L:/127.0.0.1:42424 - R:localhost/127.0.0.1:11305]
08:16:18.654 [Forwarding clickElement on session 813f5da65d5eace5d1d1dace3217168a to remote] DEBUG org.asynchttpclient.netty.request.NettyRequestSender - Using pooled Channel '[id: 0x347c80d4, L:/127.0.0.1:42424 - R:localhost/127.0.0.1:11305]' for 'POST' to 'http://localhost:11305/session/813f5da65d5eace5d1d1dace3217168a/element/f.CFCEA431F8933DFDCF0507BE383F5B07.d.91F25A0E5396EB2874F5D225929E7EEF.e.84/click'
08:16:18.654 [Forwarding clickElement on session 813f5da65d5eace5d1d1dace3217168a to remote] DEBUG org.asynchttpclient.netty.request.NettyRequestSender - Using open Channel [id: 0x347c80d4, L:/127.0.0.1:42424 - R:localhost/127.0.0.1:11305] for POST '/session/813f5da65d5eace5d1d1dace3217168a/element/f.CFCEA431F8933DFDCF0507BE383F5B07.d.91F25A0E5396EB2874F5D225929E7EEF.e.84/click'
08:16:18.814 [AsyncHttpClient-1-5] DEBUG org.asynchttpclient.netty.handler.HttpHandler - 

Request DefaultHttpRequest(decodeResult: success, version: HTTP/1.1)
POST /session/813f5da65d5eace5d1d1dace3217168a/element/f.CFCEA431F8933DFDCF0507BE383F5B07.d.91F25A0E5396EB2874F5D225929E7EEF.e.84/click HTTP/1.1
User-Agent: selenium/4.13.0 (java unix)
Content-Length: 88
Content-Type: application/json; charset=utf-8
host: localhost:11305
accept: */*

Response DefaultHttpResponse(decodeResult: success, version: HTTP/1.1)
HTTP/1.1 200 OK
Content-Length: 14
Content-Type: application/json; charset=utf-8
cache-control: no-cache

08:16:18.815 [AsyncHttpClient-1-5] DEBUG org.asynchttpclient.netty.channel.ChannelManager - Adding key: http://localhost:11305 for channel [id: 0x347c80d4, L:/127.0.0.1:42424 - R:localhost/127.0.0.1:11305]
08:16:18.816 [Forwarding findElement on session 813f5da65d5eace5d1d1dace3217168a to remote] DEBUG org.asynchttpclient.netty.request.NettyRequestSender - Using pooled Channel '[id: 0x347c80d4, L:/127.0.0.1:42424 - R:localhost/127.0.0.1:11305]' for 'POST' to 'http://localhost:11305/session/813f5da65d5eace5d1d1dace3217168a/element'
08:16:18.816 [Forwarding findElement on session 813f5da65d5eace5d1d1dace3217168a to remote] DEBUG org.asynchttpclient.netty.request.NettyRequestSender - Using open Channel [id: 0x347c80d4, L:/127.0.0.1:42424 - R:localhost/127.0.0.1:11305] for POST '/session/813f5da65d5eace5d1d1dace3217168a/element'
08:16:19.233 [AsyncHttpClient-1-1] DEBUG org.asynchttpclient.netty.channel.DefaultChannelPool - Entry count for : http://localhost:40197 : 1
08:16:20.333 [AsyncHttpClient-1-1] DEBUG org.asynchttpclient.netty.channel.DefaultChannelPool - Entry count for : http://localhost:40197 : 1
08:16:21.434 [AsyncHttpClient-1-1] DEBUG org.asynchttpclient.netty.channel.DefaultChannelPool - Entry count for : http://localhost:40197 : 1
08:16:22.283 [AsyncHttpClient-1-5] DEBUG org.asynchttpclient.netty.handler.HttpHandler - 

Request DefaultHttpRequest(decodeResult: success, version: HTTP/1.1)
POST /session/813f5da65d5eace5d1d1dace3217168a/element HTTP/1.1
User-Agent: selenium/4.13.0 (java unix)
Content-Length: 89
Content-Type: application/json; charset=utf-8
host: localhost:11305
accept: */*

Response DefaultHttpResponse(decodeResult: success, version: HTTP/1.1)
HTTP/1.1 200 OK
Content-Length: 126
Content-Type: application/json; charset=utf-8
cache-control: no-cache

08:16:22.283 [AsyncHttpClient-1-5] DEBUG org.asynchttpclient.netty.channel.ChannelManager - Adding key: http://localhost:11305 for channel [id: 0x347c80d4, L:/127.0.0.1:42424 - R:localhost/127.0.0.1:11305]
08:16:22.285 [Forwarding isElementDisplayed on session 813f5da65d5eace5d1d1dace3217168a to remote] DEBUG org.asynchttpclient.netty.request.NettyRequestSender - Using pooled Channel '[id: 0x347c80d4, L:/127.0.0.1:42424 - R:localhost/127.0.0.1:11305]' for 'POST' to 'http://localhost:11305/session/813f5da65d5eace5d1d1dace3217168a/execute/sync'
08:16:22.285 [Forwarding isElementDisplayed on session 813f5da65d5eace5d1d1dace3217168a to remote] DEBUG org.asynchttpclient.netty.request.NettyRequestSender - Using open Channel [id: 0x347c80d4, L:/127.0.0.1:42424 - R:localhost/127.0.0.1:11305] for POST '/session/813f5da65d5eace5d1d1dace3217168a/execute/sync'
08:16:22.310 [AsyncHttpClient-1-5] DEBUG org.asynchttpclient.netty.handler.HttpHandler - 

Request DefaultHttpRequest(decodeResult: success, version: HTTP/1.1)
POST /session/813f5da65d5eace5d1d1dace3217168a/execute/sync HTTP/1.1
User-Agent: selenium/4.13.0 (java unix)
Content-Length: 48845
Content-Type: application/json; charset=utf-8
host: localhost:11305
accept: */*

Response DefaultHttpResponse(decodeResult: success, version: HTTP/1.1)
HTTP/1.1 200 OK
Content-Length: 14
Content-Type: application/json; charset=utf-8
cache-control: no-cache

08:16:22.311 [AsyncHttpClient-1-5] DEBUG org.asynchttpclient.netty.channel.ChannelManager - Adding key: http://localhost:11305 for channel [id: 0x347c80d4, L:/127.0.0.1:42424 - R:localhost/127.0.0.1:11305]
08:16:22.312 [Forwarding findElement on session 813f5da65d5eace5d1d1dace3217168a to remote] DEBUG org.asynchttpclient.netty.request.NettyRequestSender - Using pooled Channel '[id: 0x347c80d4, L:/127.0.0.1:42424 - R:localhost/127.0.0.1:11305]' for 'POST' to 'http://localhost:11305/session/813f5da65d5eace5d1d1dace3217168a/element'
08:16:22.312 [Forwarding findElement on session 813f5da65d5eace5d1d1dace3217168a to remote] DEBUG org.asynchttpclient.netty.request.NettyRequestSender - Using open Channel [id: 0x347c80d4, L:/127.0.0.1:42424 - R:localhost/127.0.0.1:11305] for POST '/session/813f5da65d5eace5d1d1dace3217168a/element'
08:16:22.318 [AsyncHttpClient-1-5] DEBUG org.asynchttpclient.netty.handler.HttpHandler - 

Request DefaultHttpRequest(decodeResult: success, version: HTTP/1.1)
POST /session/813f5da65d5eace5d1d1dace3217168a/element HTTP/1.1
User-Agent: selenium/4.13.0 (java unix)
Content-Length: 89
Content-Type: application/json; charset=utf-8
host: localhost:11305
accept: */*

Response DefaultHttpResponse(decodeResult: success, version: HTTP/1.1)
HTTP/1.1 200 OK
Content-Length: 126
Content-Type: application/json; charset=utf-8
cache-control: no-cache

08:16:22.318 [AsyncHttpClient-1-5] DEBUG org.asynchttpclient.netty.channel.ChannelManager - Adding key: http://localhost:11305 for channel [id: 0x347c80d4, L:/127.0.0.1:42424 - R:localhost/127.0.0.1:11305]
08:16:22.318 [Forwarding getElementText on session 813f5da65d5eace5d1d1dace3217168a to remote] DEBUG org.asynchttpclient.netty.request.NettyRequestSender - Using pooled Channel '[id: 0x347c80d4, L:/127.0.0.1:42424 - R:localhost/127.0.0.1:11305]' for 'GET' to 'http://localhost:11305/session/813f5da65d5eace5d1d1dace3217168a/element/f.CFCEA431F8933DFDCF0507BE383F5B07.d.6E7F99D520AAA3EC996137914872B3F4.e.91/text'
08:16:22.318 [Forwarding getElementText on session 813f5da65d5eace5d1d1dace3217168a to remote] DEBUG org.asynchttpclient.netty.request.NettyRequestSender - Using open Channel [id: 0x347c80d4, L:/127.0.0.1:42424 - R:localhost/127.0.0.1:11305] for GET '/session/813f5da65d5eace5d1d1dace3217168a/element/f.CFCEA431F8933DFDCF0507BE383F5B07.d.6E7F99D520AAA3EC996137914872B3F4.e.91/text'
08:16:22.329 [AsyncHttpClient-1-5] DEBUG org.asynchttpclient.netty.handler.HttpHandler - 

Request DefaultFullHttpRequest(decodeResult: success, version: HTTP/1.1, content: EmptyByteBufBE)
GET /session/813f5da65d5eace5d1d1dace3217168a/element/f.CFCEA431F8933DFDCF0507BE383F5B07.d.6E7F99D520AAA3EC996137914872B3F4.e.91/text HTTP/1.1
Cache-Control: no-cache
User-Agent: selenium/4.13.0 (java unix)
Content-Type: application/json; charset=utf-8
host: localhost:11305
accept: */*

Response DefaultHttpResponse(decodeResult: success, version: HTTP/1.1)
HTTP/1.1 200 OK
Content-Length: 28
Content-Type: application/json; charset=utf-8
cache-control: no-cache

08:16:22.329 [AsyncHttpClient-1-5] DEBUG org.asynchttpclient.netty.channel.ChannelManager - Adding key: http://localhost:11305 for channel [id: 0x347c80d4, L:/127.0.0.1:42424 - R:localhost/127.0.0.1:11305]
]]></system-out>
    <system-err><![CDATA[Jan 02, 2025 8:16:15 AM org.openqa.selenium.devtools.CdpVersionFinder findNearestMatch
WARNING: Unable to find CDP implementation matching 131
Jan 02, 2025 8:16:15 AM org.openqa.selenium.chromium.ChromiumDriver lambda$new$5
WARNING: Unable to find version of CDP to use for 131.0.6778.139. You may need to include a dependency on a specific version of the CDP using something similar to `org.seleniumhq.selenium:selenium-devtools-v86:4.13.0` where the version ("v86") matches the version of the chromium-based browser you're using and the version number of the artifact is the same as Selenium's.
]]></system-err>
  </testcase>
</testsuite>