<?xml version="1.0" encoding="UTF-8"?>
<testsuite xmlns:xsi="http://www.w3.org/2001/XMLSchema-instance" xsi:noNamespaceSchemaLocation="https://maven.apache.org/surefire/maven-surefire-plugin/xsd/surefire-test-report-3.0.xsd" version="3.0" name="tests.LoginTest" time="14.808" tests="2" errors="0" skipped="0" failures="1">
  <properties>
[...]
</properties>
  <testcase name="testInvalidLogin" classname="tests.LoginTest" time="11.158">
    <failure message="Test failed: no such element: Unable to locate element: {&quot;method&quot;:&quot;css selector&quot;,&quot;selector&quot;:&quot;.oxd\-topbar\-header\-breadcrumb&quot;}&#10;  (Session info: chrome=131.0.6778.139)&#10;For documentation on this error, please visit: https://www.selenium.dev/documentation/webdriver/troubleshooting/errors#no-such-element-exception&#10;Build info: version: &apos;4.13.0&apos;, revision: &apos;ba948ece5b*&apos;&#10;System info: os.name: &apos;Linux&apos;, os.arch: &apos;amd64&apos;, os.version: &apos;6.5.0-1025-azure&apos;, java.version: &apos;23.0.1&apos;&#10;Driver info: org.openqa.selenium.chrome.ChromeDriver&#10;Command: [6362b3eded841054a514f330b430619a, findElement {using=class name, value=oxd-topbar-header-breadcrumb}]&#10;Capabilities {acceptInsecureCerts: false, browserName: chrome, browserVersion: 131.0.6778.139, chrome: {chromedriverVersion: 131.0.6778.108 (3b014839fbc..., userDataDir: /tmp/.org.chromium.Chromium...}, fedcm:accounts: true, goog:chromeOptions: {debuggerAddress: localhost:38179}, networkConnectionEnabled: false, pageLoadStrategy: normal, platformName: linux, proxy: Proxy(), se:cdp: ws://localhost:38179/devtoo..., se:cdpVersion: 131.0.6778.139, setWindowRect: true, strictFileInteractability: false, timeouts: {implicit: 0, pageLoad: 300000, script: 30000}, unhandledPromptBehavior: dismiss and notify, webauthn:extension:credBlob: true, webauthn:extension:largeBlob: true, webauthn:extension:minPinLength: true, webauthn:extension:prf: true, webauthn:virtualAuthenticators: true}&#10;Session ID: 6362b3eded841054a514f330b430619a" type="java.lang.AssertionError"><![CDATA[java.lang.AssertionError: 
Test failed: no such element: Unable to locate element: {"method":"css selector","selector":".oxd\-topbar\-header\-breadcrumb"}
  (Session info: chrome=131.0.6778.139)
For documentation on this error, please visit: https://www.selenium.dev/documentation/webdriver/troubleshooting/errors#no-such-element-exception
Build info: version: '4.13.0', revision: 'ba948ece5b*'
System info: os.name: 'Linux', os.arch: 'amd64', os.version: '6.5.0-1025-azure', java.version: '23.0.1'
Driver info: org.openqa.selenium.chrome.ChromeDriver
Command: [6362b3eded841054a514f330b430619a, findElement {using=class name, value=oxd-topbar-header-breadcrumb}]
Capabilities {acceptInsecureCerts: false, browserName: chrome, browserVersion: 131.0.6778.139, chrome: {chromedriverVersion: 131.0.6778.108 (3b014839fbc..., userDataDir: /tmp/.org.chromium.Chromium...}, fedcm:accounts: true, goog:chromeOptions: {debuggerAddress: localhost:38179}, networkConnectionEnabled: false, pageLoadStrategy: normal, platformName: linux, proxy: Proxy(), se:cdp: ws://localhost:38179/devtoo..., se:cdpVersion: 131.0.6778.139, setWindowRect: true, strictFileInteractability: false, timeouts: {implicit: 0, pageLoad: 300000, script: 30000}, unhandledPromptBehavior: dismiss and notify, webauthn:extension:credBlob: true, webauthn:extension:largeBlob: true, webauthn:extension:minPinLength: true, webauthn:extension:prf: true, webauthn:virtualAuthenticators: true}
Session ID: 6362b3eded841054a514f330b430619a
	at tests.LoginTest.testInvalidLogin(LoginTest.java:128)
]]></failure>
    <system-out><![CDATA[12:27:58.836 [main] DEBUG io.netty.util.internal.logging.InternalLoggerFactory - Using SLF4J as the default logging framework
12:27:58.839 [main] DEBUG io.netty.util.ResourceLeakDetector - -Dio.netty.leakDetection.level: simple
12:27:58.839 [main] DEBUG io.netty.util.ResourceLeakDetector - -Dio.netty.leakDetection.targetRecords: 4
12:27:58.842 [main] DEBUG io.netty.util.ResourceLeakDetectorFactory - Loaded default ResourceLeakDetector: io.netty.util.ResourceLeakDetector@6c345c5f
12:27:58.851 [main] DEBUG io.netty.util.internal.PlatformDependent0 - -Dio.netty.noUnsafe: false
12:27:58.851 [main] DEBUG io.netty.util.internal.PlatformDependent0 - Java version: 23
12:27:58.852 [main] DEBUG io.netty.util.internal.PlatformDependent0 - sun.misc.Unsafe.theUnsafe: available
12:27:58.852 [main] DEBUG io.netty.util.internal.PlatformDependent0 - sun.misc.Unsafe.copyMemory: available
12:27:58.853 [main] DEBUG io.netty.util.internal.PlatformDependent0 - sun.misc.Unsafe.storeFence: available
12:27:58.853 [main] DEBUG io.netty.util.internal.PlatformDependent0 - java.nio.Buffer.address: available
12:27:58.853 [main] DEBUG io.netty.util.internal.PlatformDependent0 - direct buffer constructor: unavailable: Reflective setAccessible(true) disabled
12:27:58.854 [main] DEBUG io.netty.util.internal.PlatformDependent0 - java.nio.Bits.unaligned: available, true
12:27:58.854 [main] DEBUG io.netty.util.internal.PlatformDependent0 - jdk.internal.misc.Unsafe.allocateUninitializedArray(int): unavailable: class io.netty.util.internal.PlatformDependent0$7 cannot access class jdk.internal.misc.Unsafe (in module java.base) because module java.base does not export jdk.internal.misc to unnamed module @3232a28a
12:27:58.855 [main] DEBUG io.netty.util.internal.PlatformDependent0 - java.nio.DirectByteBuffer.<init>(long, {int,long}): unavailable
12:27:58.855 [main] DEBUG io.netty.util.internal.PlatformDependent - sun.misc.Unsafe: available
12:27:58.856 [main] DEBUG io.netty.util.internal.PlatformDependent - maxDirectMemory: 4190109696 bytes (maybe)
12:27:58.856 [main] DEBUG io.netty.util.internal.PlatformDependent - -Dio.netty.tmpdir: /tmp (java.io.tmpdir)
12:27:58.856 [main] DEBUG io.netty.util.internal.PlatformDependent - -Dio.netty.bitMode: 64 (sun.arch.data.model)
12:27:58.857 [main] DEBUG io.netty.util.internal.PlatformDependent - -Dio.netty.maxDirectMemory: -1 bytes
12:27:58.857 [main] DEBUG io.netty.util.internal.PlatformDependent - -Dio.netty.uninitializedArrayAllocationThreshold: -1
12:27:58.858 [main] DEBUG io.netty.util.internal.CleanerJava9 - java.nio.ByteBuffer.cleaner(): available
12:27:58.858 [main] DEBUG io.netty.util.internal.PlatformDependent - -Dio.netty.noPreferDirect: false
12:27:58.863 [main] DEBUG io.netty.util.internal.PlatformDependent - org.jctools-core.MpscChunkedArrayQueue: available
12:27:58.872 [main] DEBUG io.netty.util.internal.InternalThreadLocalMap - -Dio.netty.threadLocalMap.stringBuilder.initialSize: 1024
12:27:58.872 [main] DEBUG io.netty.util.internal.InternalThreadLocalMap - -Dio.netty.threadLocalMap.stringBuilder.maxSize: 4096
12:27:59.004 [main] DEBUG io.netty.handler.ssl.JdkSslContext - Default protocols (JDK): [TLSv1.3, TLSv1.2] 
12:27:59.004 [main] DEBUG io.netty.handler.ssl.JdkSslContext - Default cipher suites (JDK): [TLS_ECDHE_ECDSA_WITH_AES_256_GCM_SHA384, TLS_ECDHE_ECDSA_WITH_AES_128_GCM_SHA256, TLS_ECDHE_RSA_WITH_AES_128_GCM_SHA256, TLS_ECDHE_RSA_WITH_AES_256_GCM_SHA384, TLS_ECDHE_RSA_WITH_AES_128_CBC_SHA, TLS_ECDHE_RSA_WITH_AES_256_CBC_SHA, TLS_RSA_WITH_AES_128_GCM_SHA256, TLS_RSA_WITH_AES_128_CBC_SHA, TLS_RSA_WITH_AES_256_CBC_SHA, TLS_AES_128_GCM_SHA256, TLS_AES_256_GCM_SHA384]
12:27:59.012 [main] DEBUG io.netty.util.concurrent.GlobalEventExecutor - -Dio.netty.globalEventExecutor.quietPeriodSeconds: 1
12:27:59.021 [main] DEBUG io.netty.channel.MultithreadEventLoopGroup - -Dio.netty.eventLoopThreads: 8
12:27:59.027 [main] DEBUG io.netty.channel.nio.NioEventLoop - -Dio.netty.noKeySetOptimization: false
12:27:59.027 [main] DEBUG io.netty.channel.nio.NioEventLoop - -Dio.netty.selectorAutoRebuildThreshold: 512
12:27:59.047 [main] DEBUG io.netty.buffer.PooledByteBufAllocator - -Dio.netty.allocator.numHeapArenas: 8
12:27:59.047 [main] DEBUG io.netty.buffer.PooledByteBufAllocator - -Dio.netty.allocator.numDirectArenas: 8
12:27:59.048 [main] DEBUG io.netty.buffer.PooledByteBufAllocator - -Dio.netty.allocator.pageSize: 8192
12:27:59.048 [main] DEBUG io.netty.buffer.PooledByteBufAllocator - -Dio.netty.allocator.maxOrder: 9
12:27:59.048 [main] DEBUG io.netty.buffer.PooledByteBufAllocator - -Dio.netty.allocator.chunkSize: 4194304
12:27:59.048 [main] DEBUG io.netty.buffer.PooledByteBufAllocator - -Dio.netty.allocator.smallCacheSize: 256
12:27:59.048 [main] DEBUG io.netty.buffer.PooledByteBufAllocator - -Dio.netty.allocator.normalCacheSize: 64
12:27:59.048 [main] DEBUG io.netty.buffer.PooledByteBufAllocator - -Dio.netty.allocator.maxCachedBufferCapacity: 32768
12:27:59.048 [main] DEBUG io.netty.buffer.PooledByteBufAllocator - -Dio.netty.allocator.cacheTrimInterval: 8192
12:27:59.048 [main] DEBUG io.netty.buffer.PooledByteBufAllocator - -Dio.netty.allocator.cacheTrimIntervalMillis: 0
12:27:59.048 [main] DEBUG io.netty.buffer.PooledByteBufAllocator - -Dio.netty.allocator.useCacheForAllThreads: false
12:27:59.048 [main] DEBUG io.netty.buffer.PooledByteBufAllocator - -Dio.netty.allocator.maxCachedByteBuffersPerChunk: 1023
12:27:59.056 [main] DEBUG io.netty.buffer.ByteBufUtil - -Dio.netty.allocator.type: pooled
12:27:59.057 [main] DEBUG io.netty.buffer.ByteBufUtil - -Dio.netty.threadLocalDirectBufferSize: 0
12:27:59.057 [main] DEBUG io.netty.buffer.ByteBufUtil - -Dio.netty.maxThreadLocalCharBufferSize: 16384
12:27:59.229 [Forwarding newSession on session null to remote] DEBUG io.netty.channel.DefaultChannelId - -Dio.netty.processId: 1839 (auto-detected)
12:27:59.230 [Forwarding newSession on session null to remote] DEBUG io.netty.util.NetUtil - -Djava.net.preferIPv4Stack: false
12:27:59.230 [Forwarding newSession on session null to remote] DEBUG io.netty.util.NetUtil - -Djava.net.preferIPv6Addresses: false
12:27:59.231 [Forwarding newSession on session null to remote] DEBUG io.netty.util.NetUtilInitializations - Loopback interface: lo (lo, 0:0:0:0:0:0:0:1%lo)
12:27:59.232 [Forwarding newSession on session null to remote] DEBUG io.netty.util.NetUtil - /proc/sys/net/core/somaxconn: 4096
12:27:59.233 [Forwarding newSession on session null to remote] DEBUG io.netty.channel.DefaultChannelId - -Dio.netty.machineId: 00:22:48:ff:fe:29:1d:a7 (auto-detected)
12:27:59.268 [AsyncHttpClient-1-2] DEBUG io.netty.buffer.AbstractByteBuf - -Dio.netty.buffer.checkAccessible: true
12:27:59.268 [AsyncHttpClient-1-2] DEBUG io.netty.buffer.AbstractByteBuf - -Dio.netty.buffer.checkBounds: true
12:27:59.268 [AsyncHttpClient-1-2] DEBUG io.netty.util.ResourceLeakDetectorFactory - Loaded default ResourceLeakDetector: io.netty.util.ResourceLeakDetector@433fde86
12:27:59.280 [AsyncHttpClient-1-2] DEBUG org.asynchttpclient.netty.channel.NettyConnectListener - Using new Channel '[id: 0x6b705583, L:/127.0.0.1:55364 - R:localhost/127.0.0.1:27549]' for 'POST' to '/session'
12:27:59.294 [AsyncHttpClient-1-2] DEBUG io.netty.util.Recycler - -Dio.netty.recycler.maxCapacityPerThread: 4096
12:27:59.294 [AsyncHttpClient-1-2] DEBUG io.netty.util.Recycler - -Dio.netty.recycler.ratio: 8
12:27:59.294 [AsyncHttpClient-1-2] DEBUG io.netty.util.Recycler - -Dio.netty.recycler.chunkSize: 32
12:27:59.294 [AsyncHttpClient-1-2] DEBUG io.netty.util.Recycler - -Dio.netty.recycler.blocking: false
12:27:59.294 [AsyncHttpClient-1-2] DEBUG io.netty.util.Recycler - -Dio.netty.recycler.batchFastThreadLocalOnly: true
12:27:59.857 [AsyncHttpClient-1-2] DEBUG io.netty.handler.codec.compression.Brotli - brotli4j not in the classpath; Brotli support will be unavailable.
12:27:59.857 [AsyncHttpClient-1-2] DEBUG org.asynchttpclient.netty.handler.HttpHandler - 

Request DefaultHttpRequest(decodeResult: success, version: HTTP/1.1)
POST /session HTTP/1.1
User-Agent: selenium/4.13.0 (java unix)
Content-Length: 385
Content-Type: application/json; charset=utf-8
host: localhost:27549
accept: */*

Response DefaultHttpResponse(decodeResult: success, version: HTTP/1.1)
HTTP/1.1 200 OK
Content-Length: 850
Content-Type: application/json; charset=utf-8
cache-control: no-cache

12:27:59.860 [AsyncHttpClient-1-2] DEBUG org.asynchttpclient.netty.channel.ChannelManager - Adding key: http://localhost:27549 for channel [id: 0x6b705583, L:/127.0.0.1:55364 - R:localhost/127.0.0.1:27549]
12:27:59.902 [AsyncHttpClient-1-3] DEBUG org.asynchttpclient.netty.channel.NettyConnectListener - Using new Channel '[id: 0x76cfa179, L:/127.0.0.1:38532 - R:localhost/127.0.0.1:38179]' for 'GET' to '/json/version'
12:27:59.904 [AsyncHttpClient-1-3] DEBUG org.asynchttpclient.netty.handler.HttpHandler - 

Request DefaultFullHttpRequest(decodeResult: success, version: HTTP/1.1, content: EmptyByteBufBE)
GET /json/version HTTP/1.1
User-Agent: selenium/4.13.0 (java unix)
host: localhost:38179
accept: */*

Response DefaultHttpResponse(decodeResult: success, version: HTTP/1.1)
HTTP/1.1 200 OK
Content-Security-Policy: frame-ancestors 'none'
Content-Length: 414
Content-Type: application/json; charset=UTF-8

12:27:59.904 [AsyncHttpClient-1-3] DEBUG org.asynchttpclient.netty.channel.ChannelManager - Adding key: http://localhost:38179 for channel [id: 0x76cfa179, L:/127.0.0.1:38532 - R:localhost/127.0.0.1:38179]
12:27:59.909 [main] DEBUG io.netty.util.internal.ThreadLocalRandom - -Dio.netty.initialSeedUniquifier: 0xbc6aed59665264cd
12:27:59.911 [AsyncHttpClient-1-4] DEBUG org.asynchttpclient.netty.channel.NettyConnectListener - Using new Channel '[id: 0xe30115ea, L:/127.0.0.1:38544 - R:localhost/127.0.0.1:38179]' for 'GET' to '/devtools/browser/9b6ff62d-0155-47f8-97da-286d290d05a7'
12:27:59.913 [AsyncHttpClient-1-4] DEBUG org.asynchttpclient.netty.handler.WebSocketHandler - 

Request DefaultFullHttpRequest(decodeResult: success, version: HTTP/1.1, content: EmptyByteBufBE)
GET /devtools/browser/9b6ff62d-0155-47f8-97da-286d290d05a7 HTTP/1.1
upgrade: websocket
connection: upgrade
sec-websocket-key: NphM/Sc9aEIn+rFxiNfv3Q==
sec-websocket-version: 13
origin: http://localhost:38179
host: localhost:38179
accept: */*
user-agent: AHC/2.1

Response DefaultHttpResponse(decodeResult: success, version: HTTP/1.1)
HTTP/1.1 101 WebSocket Protocol Handshake
Upgrade: WebSocket
Connection: Upgrade
Sec-WebSocket-Accept: zeCmncORbJor8mTeutcw2fisk/Y=

12:27:59.941 [Forwarding setTimeout on session 6362b3eded841054a514f330b430619a to remote] DEBUG org.asynchttpclient.netty.request.NettyRequestSender - Using pooled Channel '[id: 0x6b705583, L:/127.0.0.1:55364 - R:localhost/127.0.0.1:27549]' for 'POST' to 'http://localhost:27549/session/6362b3eded841054a514f330b430619a/timeouts'
12:27:59.941 [Forwarding setTimeout on session 6362b3eded841054a514f330b430619a to remote] DEBUG org.asynchttpclient.netty.request.NettyRequestSender - Using open Channel [id: 0x6b705583, L:/127.0.0.1:55364 - R:localhost/127.0.0.1:27549] for POST '/session/6362b3eded841054a514f330b430619a/timeouts'
12:27:59.943 [AsyncHttpClient-1-2] DEBUG org.asynchttpclient.netty.handler.HttpHandler - 

Request DefaultHttpRequest(decodeResult: success, version: HTTP/1.1)
POST /session/6362b3eded841054a514f330b430619a/timeouts HTTP/1.1
User-Agent: selenium/4.13.0 (java unix)
Content-Length: 23
Content-Type: application/json; charset=utf-8
host: localhost:27549
accept: */*

Response DefaultHttpResponse(decodeResult: success, version: HTTP/1.1)
HTTP/1.1 200 OK
Content-Length: 14
Content-Type: application/json; charset=utf-8
cache-control: no-cache

12:27:59.943 [AsyncHttpClient-1-2] DEBUG org.asynchttpclient.netty.channel.ChannelManager - Adding key: http://localhost:27549 for channel [id: 0x6b705583, L:/127.0.0.1:55364 - R:localhost/127.0.0.1:27549]
12:27:59.988 [Forwarding get on session 6362b3eded841054a514f330b430619a to remote] DEBUG org.asynchttpclient.netty.request.NettyRequestSender - Using pooled Channel '[id: 0x6b705583, L:/127.0.0.1:55364 - R:localhost/127.0.0.1:27549]' for 'POST' to 'http://localhost:27549/session/6362b3eded841054a514f330b430619a/url'
12:27:59.988 [Forwarding get on session 6362b3eded841054a514f330b430619a to remote] DEBUG org.asynchttpclient.netty.request.NettyRequestSender - Using open Channel [id: 0x6b705583, L:/127.0.0.1:55364 - R:localhost/127.0.0.1:27549] for POST '/session/6362b3eded841054a514f330b430619a/url'
12:28:00.066 [AsyncHttpClient-1-1] DEBUG org.asynchttpclient.netty.channel.DefaultChannelPool - Entry count for : http://localhost:38179 : 1
12:28:00.436 [AsyncHttpClient-1-2] DEBUG org.asynchttpclient.netty.handler.HttpHandler - 

Request DefaultHttpRequest(decodeResult: success, version: HTTP/1.1)
POST /session/6362b3eded841054a514f330b430619a/url HTTP/1.1
User-Agent: selenium/4.13.0 (java unix)
Content-Length: 111
Content-Type: application/json; charset=utf-8
host: localhost:27549
accept: */*

Response DefaultHttpResponse(decodeResult: success, version: HTTP/1.1)
HTTP/1.1 200 OK
Content-Length: 14
Content-Type: application/json; charset=utf-8
cache-control: no-cache

12:28:00.436 [AsyncHttpClient-1-2] DEBUG org.asynchttpclient.netty.channel.ChannelManager - Adding key: http://localhost:27549 for channel [id: 0x6b705583, L:/127.0.0.1:55364 - R:localhost/127.0.0.1:27549]
12:28:00.439 [Forwarding findElement on session 6362b3eded841054a514f330b430619a to remote] DEBUG org.asynchttpclient.netty.request.NettyRequestSender - Using pooled Channel '[id: 0x6b705583, L:/127.0.0.1:55364 - R:localhost/127.0.0.1:27549]' for 'POST' to 'http://localhost:27549/session/6362b3eded841054a514f330b430619a/element'
12:28:00.439 [Forwarding findElement on session 6362b3eded841054a514f330b430619a to remote] DEBUG org.asynchttpclient.netty.request.NettyRequestSender - Using open Channel [id: 0x6b705583, L:/127.0.0.1:55364 - R:localhost/127.0.0.1:27549] for POST '/session/6362b3eded841054a514f330b430619a/element'
12:28:00.619 [AsyncHttpClient-1-2] DEBUG org.asynchttpclient.netty.handler.HttpHandler - 

Request DefaultHttpRequest(decodeResult: success, version: HTTP/1.1)
POST /session/6362b3eded841054a514f330b430619a/element HTTP/1.1
User-Agent: selenium/4.13.0 (java unix)
Content-Length: 62
Content-Type: application/json; charset=utf-8
host: localhost:27549
accept: */*

Response DefaultHttpResponse(decodeResult: success, version: HTTP/1.1)
HTTP/1.1 200 OK
Content-Length: 125
Content-Type: application/json; charset=utf-8
cache-control: no-cache

12:28:00.619 [AsyncHttpClient-1-2] DEBUG org.asynchttpclient.netty.channel.ChannelManager - Adding key: http://localhost:27549 for channel [id: 0x6b705583, L:/127.0.0.1:55364 - R:localhost/127.0.0.1:27549]
12:28:00.624 [Forwarding sendKeysToElement on session 6362b3eded841054a514f330b430619a to remote] DEBUG org.asynchttpclient.netty.request.NettyRequestSender - Using pooled Channel '[id: 0x6b705583, L:/127.0.0.1:55364 - R:localhost/127.0.0.1:27549]' for 'POST' to 'http://localhost:27549/session/6362b3eded841054a514f330b430619a/element/f.73B625EAF529E337F61F18F7A8CCFA20.d.A6F5950B579E221A58D71BCFAD5774F4.e.2/value'
12:28:00.625 [Forwarding sendKeysToElement on session 6362b3eded841054a514f330b430619a to remote] DEBUG org.asynchttpclient.netty.request.NettyRequestSender - Using open Channel [id: 0x6b705583, L:/127.0.0.1:55364 - R:localhost/127.0.0.1:27549] for POST '/session/6362b3eded841054a514f330b430619a/element/f.73B625EAF529E337F61F18F7A8CCFA20.d.A6F5950B579E221A58D71BCFAD5774F4.e.2/value'
12:28:00.674 [AsyncHttpClient-1-2] DEBUG org.asynchttpclient.netty.handler.HttpHandler - 

Request DefaultHttpRequest(decodeResult: success, version: HTTP/1.1)
POST /session/6362b3eded841054a514f330b430619a/element/f.73B625EAF529E337F61F18F7A8CCFA20.d.A6F5950B579E221A58D71BCFAD5774F4.e.2/value HTTP/1.1
User-Agent: selenium/4.13.0 (java unix)
Content-Length: 228
Content-Type: application/json; charset=utf-8
host: localhost:27549
accept: */*

Response DefaultHttpResponse(decodeResult: success, version: HTTP/1.1)
HTTP/1.1 200 OK
Content-Length: 14
Content-Type: application/json; charset=utf-8
cache-control: no-cache

12:28:00.674 [AsyncHttpClient-1-2] DEBUG org.asynchttpclient.netty.channel.ChannelManager - Adding key: http://localhost:27549 for channel [id: 0x6b705583, L:/127.0.0.1:55364 - R:localhost/127.0.0.1:27549]
12:28:00.676 [Forwarding findElement on session 6362b3eded841054a514f330b430619a to remote] DEBUG org.asynchttpclient.netty.request.NettyRequestSender - Using pooled Channel '[id: 0x6b705583, L:/127.0.0.1:55364 - R:localhost/127.0.0.1:27549]' for 'POST' to 'http://localhost:27549/session/6362b3eded841054a514f330b430619a/element'
12:28:00.676 [Forwarding findElement on session 6362b3eded841054a514f330b430619a to remote] DEBUG org.asynchttpclient.netty.request.NettyRequestSender - Using open Channel [id: 0x6b705583, L:/127.0.0.1:55364 - R:localhost/127.0.0.1:27549] for POST '/session/6362b3eded841054a514f330b430619a/element'
12:28:00.686 [AsyncHttpClient-1-2] DEBUG org.asynchttpclient.netty.handler.HttpHandler - 

Request DefaultHttpRequest(decodeResult: success, version: HTTP/1.1)
POST /session/6362b3eded841054a514f330b430619a/element HTTP/1.1
User-Agent: selenium/4.13.0 (java unix)
Content-Length: 62
Content-Type: application/json; charset=utf-8
host: localhost:27549
accept: */*

Response DefaultHttpResponse(decodeResult: success, version: HTTP/1.1)
HTTP/1.1 200 OK
Content-Length: 125
Content-Type: application/json; charset=utf-8
cache-control: no-cache

12:28:00.686 [AsyncHttpClient-1-2] DEBUG org.asynchttpclient.netty.channel.ChannelManager - Adding key: http://localhost:27549 for channel [id: 0x6b705583, L:/127.0.0.1:55364 - R:localhost/127.0.0.1:27549]
12:28:00.688 [Forwarding sendKeysToElement on session 6362b3eded841054a514f330b430619a to remote] DEBUG org.asynchttpclient.netty.request.NettyRequestSender - Using pooled Channel '[id: 0x6b705583, L:/127.0.0.1:55364 - R:localhost/127.0.0.1:27549]' for 'POST' to 'http://localhost:27549/session/6362b3eded841054a514f330b430619a/element/f.73B625EAF529E337F61F18F7A8CCFA20.d.A6F5950B579E221A58D71BCFAD5774F4.e.4/value'
12:28:00.688 [Forwarding sendKeysToElement on session 6362b3eded841054a514f330b430619a to remote] DEBUG org.asynchttpclient.netty.request.NettyRequestSender - Using open Channel [id: 0x6b705583, L:/127.0.0.1:55364 - R:localhost/127.0.0.1:27549] for POST '/session/6362b3eded841054a514f330b430619a/element/f.73B625EAF529E337F61F18F7A8CCFA20.d.A6F5950B579E221A58D71BCFAD5774F4.e.4/value'
12:28:00.738 [AsyncHttpClient-1-2] DEBUG org.asynchttpclient.netty.handler.HttpHandler - 

Request DefaultHttpRequest(decodeResult: success, version: HTTP/1.1)
POST /session/6362b3eded841054a514f330b430619a/element/f.73B625EAF529E337F61F18F7A8CCFA20.d.A6F5950B579E221A58D71BCFAD5774F4.e.4/value HTTP/1.1
User-Agent: selenium/4.13.0 (java unix)
Content-Length: 268
Content-Type: application/json; charset=utf-8
host: localhost:27549
accept: */*

Response DefaultHttpResponse(decodeResult: success, version: HTTP/1.1)
HTTP/1.1 200 OK
Content-Length: 14
Content-Type: application/json; charset=utf-8
cache-control: no-cache

12:28:00.738 [AsyncHttpClient-1-2] DEBUG org.asynchttpclient.netty.channel.ChannelManager - Adding key: http://localhost:27549 for channel [id: 0x6b705583, L:/127.0.0.1:55364 - R:localhost/127.0.0.1:27549]
12:28:00.740 [Forwarding findElement on session 6362b3eded841054a514f330b430619a to remote] DEBUG org.asynchttpclient.netty.request.NettyRequestSender - Using pooled Channel '[id: 0x6b705583, L:/127.0.0.1:55364 - R:localhost/127.0.0.1:27549]' for 'POST' to 'http://localhost:27549/session/6362b3eded841054a514f330b430619a/element'
12:28:00.740 [Forwarding findElement on session 6362b3eded841054a514f330b430619a to remote] DEBUG org.asynchttpclient.netty.request.NettyRequestSender - Using open Channel [id: 0x6b705583, L:/127.0.0.1:55364 - R:localhost/127.0.0.1:27549] for POST '/session/6362b3eded841054a514f330b430619a/element'
12:28:00.750 [AsyncHttpClient-1-2] DEBUG org.asynchttpclient.netty.handler.HttpHandler - 

Request DefaultHttpRequest(decodeResult: success, version: HTTP/1.1)
POST /session/6362b3eded841054a514f330b430619a/element HTTP/1.1
User-Agent: selenium/4.13.0 (java unix)
Content-Length: 71
Content-Type: application/json; charset=utf-8
host: localhost:27549
accept: */*

Response DefaultHttpResponse(decodeResult: success, version: HTTP/1.1)
HTTP/1.1 200 OK
Content-Length: 126
Content-Type: application/json; charset=utf-8
cache-control: no-cache

12:28:00.750 [AsyncHttpClient-1-2] DEBUG org.asynchttpclient.netty.channel.ChannelManager - Adding key: http://localhost:27549 for channel [id: 0x6b705583, L:/127.0.0.1:55364 - R:localhost/127.0.0.1:27549]
12:28:00.751 [Forwarding clickElement on session 6362b3eded841054a514f330b430619a to remote] DEBUG org.asynchttpclient.netty.request.NettyRequestSender - Using pooled Channel '[id: 0x6b705583, L:/127.0.0.1:55364 - R:localhost/127.0.0.1:27549]' for 'POST' to 'http://localhost:27549/session/6362b3eded841054a514f330b430619a/element/f.73B625EAF529E337F61F18F7A8CCFA20.d.A6F5950B579E221A58D71BCFAD5774F4.e.17/click'
12:28:00.751 [Forwarding clickElement on session 6362b3eded841054a514f330b430619a to remote] DEBUG org.asynchttpclient.netty.request.NettyRequestSender - Using open Channel [id: 0x6b705583, L:/127.0.0.1:55364 - R:localhost/127.0.0.1:27549] for POST '/session/6362b3eded841054a514f330b430619a/element/f.73B625EAF529E337F61F18F7A8CCFA20.d.A6F5950B579E221A58D71BCFAD5774F4.e.17/click'
12:28:01.046 [AsyncHttpClient-1-2] DEBUG org.asynchttpclient.netty.handler.HttpHandler - 

Request DefaultHttpRequest(decodeResult: success, version: HTTP/1.1)
POST /session/6362b3eded841054a514f330b430619a/element/f.73B625EAF529E337F61F18F7A8CCFA20.d.A6F5950B579E221A58D71BCFAD5774F4.e.17/click HTTP/1.1
User-Agent: selenium/4.13.0 (java unix)
Content-Length: 88
Content-Type: application/json; charset=utf-8
host: localhost:27549
accept: */*

Response DefaultHttpResponse(decodeResult: success, version: HTTP/1.1)
HTTP/1.1 200 OK
Content-Length: 14
Content-Type: application/json; charset=utf-8
cache-control: no-cache

12:28:01.046 [AsyncHttpClient-1-2] DEBUG org.asynchttpclient.netty.channel.ChannelManager - Adding key: http://localhost:27549 for channel [id: 0x6b705583, L:/127.0.0.1:55364 - R:localhost/127.0.0.1:27549]
12:28:01.048 [Forwarding findElement on session 6362b3eded841054a514f330b430619a to remote] DEBUG org.asynchttpclient.netty.request.NettyRequestSender - Using pooled Channel '[id: 0x6b705583, L:/127.0.0.1:55364 - R:localhost/127.0.0.1:27549]' for 'POST' to 'http://localhost:27549/session/6362b3eded841054a514f330b430619a/element'
12:28:01.048 [Forwarding findElement on session 6362b3eded841054a514f330b430619a to remote] DEBUG org.asynchttpclient.netty.request.NettyRequestSender - Using open Channel [id: 0x6b705583, L:/127.0.0.1:55364 - R:localhost/127.0.0.1:27549] for POST '/session/6362b3eded841054a514f330b430619a/element'
12:28:01.166 [AsyncHttpClient-1-1] DEBUG org.asynchttpclient.netty.channel.DefaultChannelPool - Entry count for : http://localhost:38179 : 1
12:28:02.265 [AsyncHttpClient-1-1] DEBUG org.asynchttpclient.netty.channel.DefaultChannelPool - Entry count for : http://localhost:38179 : 1
12:28:03.365 [AsyncHttpClient-1-1] DEBUG org.asynchttpclient.netty.channel.DefaultChannelPool - Entry count for : http://localhost:38179 : 1
12:28:04.466 [AsyncHttpClient-1-1] DEBUG org.asynchttpclient.netty.channel.DefaultChannelPool - Entry count for : http://localhost:38179 : 1
12:28:05.566 [AsyncHttpClient-1-1] DEBUG org.asynchttpclient.netty.channel.DefaultChannelPool - Entry count for : http://localhost:38179 : 1
12:28:06.665 [AsyncHttpClient-1-1] DEBUG org.asynchttpclient.netty.channel.DefaultChannelPool - Entry count for : http://localhost:38179 : 1
12:28:07.765 [AsyncHttpClient-1-1] DEBUG org.asynchttpclient.netty.channel.DefaultChannelPool - Entry count for : http://localhost:38179 : 1
12:28:08.866 [AsyncHttpClient-1-1] DEBUG org.asynchttpclient.netty.channel.DefaultChannelPool - Entry count for : http://localhost:38179 : 1
12:28:09.966 [AsyncHttpClient-1-1] DEBUG org.asynchttpclient.netty.channel.DefaultChannelPool - Entry count for : http://localhost:38179 : 1
12:28:11.065 [AsyncHttpClient-1-1] DEBUG org.asynchttpclient.netty.channel.DefaultChannelPool - Entry count for : http://localhost:38179 : 1
12:28:11.067 [AsyncHttpClient-1-2] DEBUG org.asynchttpclient.netty.handler.HttpHandler - 

Request DefaultHttpRequest(decodeResult: success, version: HTTP/1.1)
POST /session/6362b3eded841054a514f330b430619a/element HTTP/1.1
User-Agent: selenium/4.13.0 (java unix)
Content-Length: 79
Content-Type: application/json; charset=utf-8
host: localhost:27549
accept: */*

Response DefaultHttpResponse(decodeResult: success, version: HTTP/1.1)
HTTP/1.1 404 Not Found
Content-Length: 887
Content-Type: application/json; charset=utf-8
cache-control: no-cache

12:28:11.067 [AsyncHttpClient-1-2] DEBUG org.asynchttpclient.netty.channel.ChannelManager - Adding key: http://localhost:27549 for channel [id: 0x6b705583, L:/127.0.0.1:55364 - R:localhost/127.0.0.1:27549]
]]></system-out>
    <system-err><![CDATA[Jan 01, 2025 12:27:59 PM org.openqa.selenium.devtools.CdpVersionFinder findNearestMatch
WARNING: Unable to find CDP implementation matching 131
Jan 01, 2025 12:27:59 PM org.openqa.selenium.chromium.ChromiumDriver lambda$new$5
WARNING: Unable to find version of CDP to use for 131.0.6778.139. You may need to include a dependency on a specific version of the CDP using something similar to `org.seleniumhq.selenium:selenium-devtools-v86:4.13.0` where the version ("v86") matches the version of the chromium-based browser you're using and the version number of the artifact is the same as Selenium's.
]]></system-err>
  </testcase>
  <testcase name="testValidLogin" classname="tests.LoginTest" time="1.139">
    <system-out><![CDATA[12:28:11.119 [Forwarding get on session 6362b3eded841054a514f330b430619a to remote] DEBUG org.asynchttpclient.netty.request.NettyRequestSender - Using pooled Channel '[id: 0x6b705583, L:/127.0.0.1:55364 - R:localhost/127.0.0.1:27549]' for 'POST' to 'http://localhost:27549/session/6362b3eded841054a514f330b430619a/url'
12:28:11.119 [Forwarding get on session 6362b3eded841054a514f330b430619a to remote] DEBUG org.asynchttpclient.netty.request.NettyRequestSender - Using open Channel [id: 0x6b705583, L:/127.0.0.1:55364 - R:localhost/127.0.0.1:27549] for POST '/session/6362b3eded841054a514f330b430619a/url'
12:28:11.252 [AsyncHttpClient-1-2] DEBUG org.asynchttpclient.netty.handler.HttpHandler - 

Request DefaultHttpRequest(decodeResult: success, version: HTTP/1.1)
POST /session/6362b3eded841054a514f330b430619a/url HTTP/1.1
User-Agent: selenium/4.13.0 (java unix)
Content-Length: 111
Content-Type: application/json; charset=utf-8
host: localhost:27549
accept: */*

Response DefaultHttpResponse(decodeResult: success, version: HTTP/1.1)
HTTP/1.1 200 OK
Content-Length: 14
Content-Type: application/json; charset=utf-8
cache-control: no-cache

12:28:11.252 [AsyncHttpClient-1-2] DEBUG org.asynchttpclient.netty.channel.ChannelManager - Adding key: http://localhost:27549 for channel [id: 0x6b705583, L:/127.0.0.1:55364 - R:localhost/127.0.0.1:27549]
12:28:11.254 [Forwarding findElement on session 6362b3eded841054a514f330b430619a to remote] DEBUG org.asynchttpclient.netty.request.NettyRequestSender - Using pooled Channel '[id: 0x6b705583, L:/127.0.0.1:55364 - R:localhost/127.0.0.1:27549]' for 'POST' to 'http://localhost:27549/session/6362b3eded841054a514f330b430619a/element'
12:28:11.254 [Forwarding findElement on session 6362b3eded841054a514f330b430619a to remote] DEBUG org.asynchttpclient.netty.request.NettyRequestSender - Using open Channel [id: 0x6b705583, L:/127.0.0.1:55364 - R:localhost/127.0.0.1:27549] for POST '/session/6362b3eded841054a514f330b430619a/element'
12:28:11.367 [AsyncHttpClient-1-2] DEBUG org.asynchttpclient.netty.handler.HttpHandler - 

Request DefaultHttpRequest(decodeResult: success, version: HTTP/1.1)
POST /session/6362b3eded841054a514f330b430619a/element HTTP/1.1
User-Agent: selenium/4.13.0 (java unix)
Content-Length: 62
Content-Type: application/json; charset=utf-8
host: localhost:27549
accept: */*

Response DefaultHttpResponse(decodeResult: success, version: HTTP/1.1)
HTTP/1.1 200 OK
Content-Length: 126
Content-Type: application/json; charset=utf-8
cache-control: no-cache

12:28:11.367 [AsyncHttpClient-1-2] DEBUG org.asynchttpclient.netty.channel.ChannelManager - Adding key: http://localhost:27549 for channel [id: 0x6b705583, L:/127.0.0.1:55364 - R:localhost/127.0.0.1:27549]
12:28:11.369 [Forwarding sendKeysToElement on session 6362b3eded841054a514f330b430619a to remote] DEBUG org.asynchttpclient.netty.request.NettyRequestSender - Using pooled Channel '[id: 0x6b705583, L:/127.0.0.1:55364 - R:localhost/127.0.0.1:27549]' for 'POST' to 'http://localhost:27549/session/6362b3eded841054a514f330b430619a/element/f.73B625EAF529E337F61F18F7A8CCFA20.d.55018941D4425209E50CD1D77C13345A.e.29/value'
12:28:11.369 [Forwarding sendKeysToElement on session 6362b3eded841054a514f330b430619a to remote] DEBUG org.asynchttpclient.netty.request.NettyRequestSender - Using open Channel [id: 0x6b705583, L:/127.0.0.1:55364 - R:localhost/127.0.0.1:27549] for POST '/session/6362b3eded841054a514f330b430619a/element/f.73B625EAF529E337F61F18F7A8CCFA20.d.55018941D4425209E50CD1D77C13345A.e.29/value'
12:28:11.391 [AsyncHttpClient-1-2] DEBUG org.asynchttpclient.netty.handler.HttpHandler - 

Request DefaultHttpRequest(decodeResult: success, version: HTTP/1.1)
POST /session/6362b3eded841054a514f330b430619a/element/f.73B625EAF529E337F61F18F7A8CCFA20.d.55018941D4425209E50CD1D77C13345A.e.29/value HTTP/1.1
User-Agent: selenium/4.13.0 (java unix)
Content-Length: 169
Content-Type: application/json; charset=utf-8
host: localhost:27549
accept: */*

Response DefaultHttpResponse(decodeResult: success, version: HTTP/1.1)
HTTP/1.1 200 OK
Content-Length: 14
Content-Type: application/json; charset=utf-8
cache-control: no-cache

12:28:11.391 [AsyncHttpClient-1-2] DEBUG org.asynchttpclient.netty.channel.ChannelManager - Adding key: http://localhost:27549 for channel [id: 0x6b705583, L:/127.0.0.1:55364 - R:localhost/127.0.0.1:27549]
12:28:11.393 [Forwarding findElement on session 6362b3eded841054a514f330b430619a to remote] DEBUG org.asynchttpclient.netty.request.NettyRequestSender - Using pooled Channel '[id: 0x6b705583, L:/127.0.0.1:55364 - R:localhost/127.0.0.1:27549]' for 'POST' to 'http://localhost:27549/session/6362b3eded841054a514f330b430619a/element'
12:28:11.393 [Forwarding findElement on session 6362b3eded841054a514f330b430619a to remote] DEBUG org.asynchttpclient.netty.request.NettyRequestSender - Using open Channel [id: 0x6b705583, L:/127.0.0.1:55364 - R:localhost/127.0.0.1:27549] for POST '/session/6362b3eded841054a514f330b430619a/element'
12:28:11.398 [AsyncHttpClient-1-2] DEBUG org.asynchttpclient.netty.handler.HttpHandler - 

Request DefaultHttpRequest(decodeResult: success, version: HTTP/1.1)
POST /session/6362b3eded841054a514f330b430619a/element HTTP/1.1
User-Agent: selenium/4.13.0 (java unix)
Content-Length: 62
Content-Type: application/json; charset=utf-8
host: localhost:27549
accept: */*

Response DefaultHttpResponse(decodeResult: success, version: HTTP/1.1)
HTTP/1.1 200 OK
Content-Length: 126
Content-Type: application/json; charset=utf-8
cache-control: no-cache

12:28:11.399 [AsyncHttpClient-1-2] DEBUG org.asynchttpclient.netty.channel.ChannelManager - Adding key: http://localhost:27549 for channel [id: 0x6b705583, L:/127.0.0.1:55364 - R:localhost/127.0.0.1:27549]
12:28:11.400 [Forwarding sendKeysToElement on session 6362b3eded841054a514f330b430619a to remote] DEBUG org.asynchttpclient.netty.request.NettyRequestSender - Using pooled Channel '[id: 0x6b705583, L:/127.0.0.1:55364 - R:localhost/127.0.0.1:27549]' for 'POST' to 'http://localhost:27549/session/6362b3eded841054a514f330b430619a/element/f.73B625EAF529E337F61F18F7A8CCFA20.d.55018941D4425209E50CD1D77C13345A.e.31/value'
12:28:11.400 [Forwarding sendKeysToElement on session 6362b3eded841054a514f330b430619a to remote] DEBUG org.asynchttpclient.netty.request.NettyRequestSender - Using open Channel [id: 0x6b705583, L:/127.0.0.1:55364 - R:localhost/127.0.0.1:27549] for POST '/session/6362b3eded841054a514f330b430619a/element/f.73B625EAF529E337F61F18F7A8CCFA20.d.55018941D4425209E50CD1D77C13345A.e.31/value'
12:28:11.434 [AsyncHttpClient-1-2] DEBUG org.asynchttpclient.netty.handler.HttpHandler - 

Request DefaultHttpRequest(decodeResult: success, version: HTTP/1.1)
POST /session/6362b3eded841054a514f330b430619a/element/f.73B625EAF529E337F61F18F7A8CCFA20.d.55018941D4425209E50CD1D77C13345A.e.31/value HTTP/1.1
User-Agent: selenium/4.13.0 (java unix)
Content-Length: 199
Content-Type: application/json; charset=utf-8
host: localhost:27549
accept: */*

Response DefaultHttpResponse(decodeResult: success, version: HTTP/1.1)
HTTP/1.1 200 OK
Content-Length: 14
Content-Type: application/json; charset=utf-8
cache-control: no-cache

12:28:11.435 [AsyncHttpClient-1-2] DEBUG org.asynchttpclient.netty.channel.ChannelManager - Adding key: http://localhost:27549 for channel [id: 0x6b705583, L:/127.0.0.1:55364 - R:localhost/127.0.0.1:27549]
12:28:11.436 [Forwarding findElement on session 6362b3eded841054a514f330b430619a to remote] DEBUG org.asynchttpclient.netty.request.NettyRequestSender - Using pooled Channel '[id: 0x6b705583, L:/127.0.0.1:55364 - R:localhost/127.0.0.1:27549]' for 'POST' to 'http://localhost:27549/session/6362b3eded841054a514f330b430619a/element'
12:28:11.436 [Forwarding findElement on session 6362b3eded841054a514f330b430619a to remote] DEBUG org.asynchttpclient.netty.request.NettyRequestSender - Using open Channel [id: 0x6b705583, L:/127.0.0.1:55364 - R:localhost/127.0.0.1:27549] for POST '/session/6362b3eded841054a514f330b430619a/element'
12:28:11.442 [AsyncHttpClient-1-2] DEBUG org.asynchttpclient.netty.handler.HttpHandler - 

Request DefaultHttpRequest(decodeResult: success, version: HTTP/1.1)
POST /session/6362b3eded841054a514f330b430619a/element HTTP/1.1
User-Agent: selenium/4.13.0 (java unix)
Content-Length: 71
Content-Type: application/json; charset=utf-8
host: localhost:27549
accept: */*

Response DefaultHttpResponse(decodeResult: success, version: HTTP/1.1)
HTTP/1.1 200 OK
Content-Length: 126
Content-Type: application/json; charset=utf-8
cache-control: no-cache

12:28:11.442 [AsyncHttpClient-1-2] DEBUG org.asynchttpclient.netty.channel.ChannelManager - Adding key: http://localhost:27549 for channel [id: 0x6b705583, L:/127.0.0.1:55364 - R:localhost/127.0.0.1:27549]
12:28:11.443 [Forwarding clickElement on session 6362b3eded841054a514f330b430619a to remote] DEBUG org.asynchttpclient.netty.request.NettyRequestSender - Using pooled Channel '[id: 0x6b705583, L:/127.0.0.1:55364 - R:localhost/127.0.0.1:27549]' for 'POST' to 'http://localhost:27549/session/6362b3eded841054a514f330b430619a/element/f.73B625EAF529E337F61F18F7A8CCFA20.d.55018941D4425209E50CD1D77C13345A.e.34/click'
12:28:11.443 [Forwarding clickElement on session 6362b3eded841054a514f330b430619a to remote] DEBUG org.asynchttpclient.netty.request.NettyRequestSender - Using open Channel [id: 0x6b705583, L:/127.0.0.1:55364 - R:localhost/127.0.0.1:27549] for POST '/session/6362b3eded841054a514f330b430619a/element/f.73B625EAF529E337F61F18F7A8CCFA20.d.55018941D4425209E50CD1D77C13345A.e.34/click'
12:28:12.037 [AsyncHttpClient-1-2] DEBUG org.asynchttpclient.netty.handler.HttpHandler - 

Request DefaultHttpRequest(decodeResult: success, version: HTTP/1.1)
POST /session/6362b3eded841054a514f330b430619a/element/f.73B625EAF529E337F61F18F7A8CCFA20.d.55018941D4425209E50CD1D77C13345A.e.34/click HTTP/1.1
User-Agent: selenium/4.13.0 (java unix)
Content-Length: 88
Content-Type: application/json; charset=utf-8
host: localhost:27549
accept: */*

Response DefaultHttpResponse(decodeResult: success, version: HTTP/1.1)
HTTP/1.1 200 OK
Content-Length: 14
Content-Type: application/json; charset=utf-8
cache-control: no-cache

12:28:12.037 [AsyncHttpClient-1-2] DEBUG org.asynchttpclient.netty.channel.ChannelManager - Adding key: http://localhost:27549 for channel [id: 0x6b705583, L:/127.0.0.1:55364 - R:localhost/127.0.0.1:27549]
12:28:12.039 [Forwarding findElement on session 6362b3eded841054a514f330b430619a to remote] DEBUG org.asynchttpclient.netty.request.NettyRequestSender - Using pooled Channel '[id: 0x6b705583, L:/127.0.0.1:55364 - R:localhost/127.0.0.1:27549]' for 'POST' to 'http://localhost:27549/session/6362b3eded841054a514f330b430619a/element'
12:28:12.039 [Forwarding findElement on session 6362b3eded841054a514f330b430619a to remote] DEBUG org.asynchttpclient.netty.request.NettyRequestSender - Using open Channel [id: 0x6b705583, L:/127.0.0.1:55364 - R:localhost/127.0.0.1:27549] for POST '/session/6362b3eded841054a514f330b430619a/element'
12:28:12.166 [AsyncHttpClient-1-1] DEBUG org.asynchttpclient.netty.channel.DefaultChannelPool - Entry count for : http://localhost:38179 : 1
12:28:12.189 [AsyncHttpClient-1-2] DEBUG org.asynchttpclient.netty.handler.HttpHandler - 

Request DefaultHttpRequest(decodeResult: success, version: HTTP/1.1)
POST /session/6362b3eded841054a514f330b430619a/element HTTP/1.1
User-Agent: selenium/4.13.0 (java unix)
Content-Length: 79
Content-Type: application/json; charset=utf-8
host: localhost:27549
accept: */*

Response DefaultHttpResponse(decodeResult: success, version: HTTP/1.1)
HTTP/1.1 200 OK
Content-Length: 126
Content-Type: application/json; charset=utf-8
cache-control: no-cache

12:28:12.189 [AsyncHttpClient-1-2] DEBUG org.asynchttpclient.netty.channel.ChannelManager - Adding key: http://localhost:27549 for channel [id: 0x6b705583, L:/127.0.0.1:55364 - R:localhost/127.0.0.1:27549]
12:28:12.204 [Forwarding isElementDisplayed on session 6362b3eded841054a514f330b430619a to remote] DEBUG org.asynchttpclient.netty.request.NettyRequestSender - Using pooled Channel '[id: 0x6b705583, L:/127.0.0.1:55364 - R:localhost/127.0.0.1:27549]' for 'POST' to 'http://localhost:27549/session/6362b3eded841054a514f330b430619a/execute/sync'
12:28:12.204 [Forwarding isElementDisplayed on session 6362b3eded841054a514f330b430619a to remote] DEBUG org.asynchttpclient.netty.request.NettyRequestSender - Using open Channel [id: 0x6b705583, L:/127.0.0.1:55364 - R:localhost/127.0.0.1:27549] for POST '/session/6362b3eded841054a514f330b430619a/execute/sync'
12:28:12.235 [AsyncHttpClient-1-2] DEBUG org.asynchttpclient.netty.handler.HttpHandler - 

Request DefaultHttpRequest(decodeResult: success, version: HTTP/1.1)
POST /session/6362b3eded841054a514f330b430619a/execute/sync HTTP/1.1
User-Agent: selenium/4.13.0 (java unix)
Content-Length: 48845
Content-Type: application/json; charset=utf-8
host: localhost:27549
accept: */*

Response DefaultHttpResponse(decodeResult: success, version: HTTP/1.1)
HTTP/1.1 200 OK
Content-Length: 14
Content-Type: application/json; charset=utf-8
cache-control: no-cache

12:28:12.235 [AsyncHttpClient-1-2] DEBUG org.asynchttpclient.netty.channel.ChannelManager - Adding key: http://localhost:27549 for channel [id: 0x6b705583, L:/127.0.0.1:55364 - R:localhost/127.0.0.1:27549]
12:28:12.237 [Forwarding findElement on session 6362b3eded841054a514f330b430619a to remote] DEBUG org.asynchttpclient.netty.request.NettyRequestSender - Using pooled Channel '[id: 0x6b705583, L:/127.0.0.1:55364 - R:localhost/127.0.0.1:27549]' for 'POST' to 'http://localhost:27549/session/6362b3eded841054a514f330b430619a/element'
12:28:12.237 [Forwarding findElement on session 6362b3eded841054a514f330b430619a to remote] DEBUG org.asynchttpclient.netty.request.NettyRequestSender - Using open Channel [id: 0x6b705583, L:/127.0.0.1:55364 - R:localhost/127.0.0.1:27549] for POST '/session/6362b3eded841054a514f330b430619a/element'
12:28:12.242 [AsyncHttpClient-1-2] DEBUG org.asynchttpclient.netty.handler.HttpHandler - 

Request DefaultHttpRequest(decodeResult: success, version: HTTP/1.1)
POST /session/6362b3eded841054a514f330b430619a/element HTTP/1.1
User-Agent: selenium/4.13.0 (java unix)
Content-Length: 79
Content-Type: application/json; charset=utf-8
host: localhost:27549
accept: */*

Response DefaultHttpResponse(decodeResult: success, version: HTTP/1.1)
HTTP/1.1 200 OK
Content-Length: 126
Content-Type: application/json; charset=utf-8
cache-control: no-cache

12:28:12.242 [AsyncHttpClient-1-2] DEBUG org.asynchttpclient.netty.channel.ChannelManager - Adding key: http://localhost:27549 for channel [id: 0x6b705583, L:/127.0.0.1:55364 - R:localhost/127.0.0.1:27549]
12:28:12.244 [Forwarding getElementText on session 6362b3eded841054a514f330b430619a to remote] DEBUG org.asynchttpclient.netty.request.NettyRequestSender - Using pooled Channel '[id: 0x6b705583, L:/127.0.0.1:55364 - R:localhost/127.0.0.1:27549]' for 'GET' to 'http://localhost:27549/session/6362b3eded841054a514f330b430619a/element/f.73B625EAF529E337F61F18F7A8CCFA20.d.596B36C8D603C1C26F26EFE50A3A5A2B.e.43/text'
12:28:12.245 [Forwarding getElementText on session 6362b3eded841054a514f330b430619a to remote] DEBUG org.asynchttpclient.netty.request.NettyRequestSender - Using open Channel [id: 0x6b705583, L:/127.0.0.1:55364 - R:localhost/127.0.0.1:27549] for GET '/session/6362b3eded841054a514f330b430619a/element/f.73B625EAF529E337F61F18F7A8CCFA20.d.596B36C8D603C1C26F26EFE50A3A5A2B.e.43/text'
12:28:12.255 [AsyncHttpClient-1-2] DEBUG org.asynchttpclient.netty.handler.HttpHandler - 

Request DefaultFullHttpRequest(decodeResult: success, version: HTTP/1.1, content: EmptyByteBufBE)
GET /session/6362b3eded841054a514f330b430619a/element/f.73B625EAF529E337F61F18F7A8CCFA20.d.596B36C8D603C1C26F26EFE50A3A5A2B.e.43/text HTTP/1.1
Cache-Control: no-cache
User-Agent: selenium/4.13.0 (java unix)
Content-Type: application/json; charset=utf-8
host: localhost:27549
accept: */*

Response DefaultHttpResponse(decodeResult: success, version: HTTP/1.1)
HTTP/1.1 200 OK
Content-Length: 21
Content-Type: application/json; charset=utf-8
cache-control: no-cache

12:28:12.256 [AsyncHttpClient-1-2] DEBUG org.asynchttpclient.netty.channel.ChannelManager - Adding key: http://localhost:27549 for channel [id: 0x6b705583, L:/127.0.0.1:55364 - R:localhost/127.0.0.1:27549]
]]></system-out>
  </testcase>
</testsuite>